        -:    0:Source:TestDeque.c++
        -:    0:Graph:TestDeque.gcno
        -:    0:Data:TestDeque.gcda
        -:    0:Runs:2
        -:    0:Programs:1
        -:    1:// --------------------------------
        -:    2:// projects/c++/deque/TestDeque.c++
        -:    3:// Copyright (C) 2015
        -:    4:// Glenn P. Downing
        -:    5:// --------------------------------
        -:    6:
        -:    7:// http://www.cplusplus.com/reference/deque/deque/
        -:    8:
        -:    9:// --------
        -:   10:// includes
        -:   11:// --------
        -:   12:
        -:   13:#include <deque>     // deque
        -:   14:#include <stdexcept> // invalid_argument, out_of_range
        -:   15:
        -:   16:#include "gtest/gtest.h"
        -:   17:
        -:   18:#include "Deque.h"
        -:   19:
        -:   20:// -----
        -:   21:// Using
        -:   22:// -----
        -:   23:
        -:   24:using namespace std;
        -:   25:
        -:   26:using testing::Test;
        -:   27:using testing::Types;
        -:   28:
        -:   29:// -----
        -:   30:// Types
        -:   31:// -----
        -:   32:
        -:   33:template <typename T>
function _ZN13Deque_FixtureISt5dequeIiSaIiEEED0Ev called 0 returned 0% blocks executed 0%
function _ZN13Deque_FixtureISt5dequeIiSaIiEEED2Ev called 240 returned 100% blocks executed 75%
function _ZN13Deque_FixtureISt5dequeIiSaIiEEEC2Ev called 240 returned 100% blocks executed 100%
function _ZN13Deque_FixtureI8my_dequeIiSaIiEEED0Ev called 0 returned 0% blocks executed 0%
function _ZN13Deque_FixtureI8my_dequeIiSaIiEEED2Ev called 240 returned 100% blocks executed 75%
function _ZN13Deque_FixtureI8my_dequeIiSaIiEEEC2Ev called 240 returned 100% blocks executed 100%
      960:   34:struct Deque_Fixture : Test {
call    0 never executed
call    1 never executed
call    2 returned 100%
branch  3 taken 0% (fallthrough)
branch  4 taken 100%
call    5 never executed
call    6 returned 100%
call    7 never executed
call    8 never executed
call    9 returned 100%
branch 10 taken 0% (fallthrough)
branch 11 taken 100%
call   12 never executed
call   13 returned 100%
        -:   35:    typedef T                               deque_type;
        -:   36:    typedef typename deque_type::value_type value_type;
        -:   37:    typedef typename deque_type::size_type size_type;};
        -:   38:
        -:   39:typedef Types<
        -:   40:               deque<int>,
        -:   41:            my_deque<int>>
        -:   42:        deque_types;
        -:   43:
        -:   44:TYPED_TEST_CASE(Deque_Fixture, deque_types);
        -:   45:
        -:   46:// -----
        -:   47:// Tests
        -:   48:// -----
        -:   49:
function _ZN25Deque_Fixture_test_5_TestISt5dequeIiSaIiEEE8TestBodyEv called 2 returned 100% blocks executed 37%
function _ZN25Deque_Fixture_test_5_TestI8my_dequeIiSaIiEEE8TestBodyEv called 2 returned 100% blocks executed 36%
function _ZN25Deque_Fixture_test_5_TestISt5dequeIiSaIiEEED0Ev called 2 returned 100% blocks executed 100%
function _ZN25Deque_Fixture_test_5_TestISt5dequeIiSaIiEEED2Ev called 2 returned 100% blocks executed 75%
function _ZN25Deque_Fixture_test_5_TestI8my_dequeIiSaIiEEED0Ev called 2 returned 100% blocks executed 100%
function _ZN25Deque_Fixture_test_5_TestI8my_dequeIiSaIiEEED2Ev called 2 returned 100% blocks executed 75%
function _ZN25Deque_Fixture_test_5_TestISt5dequeIiSaIiEEEC2Ev called 2 returned 100% blocks executed 100%
function _ZN25Deque_Fixture_test_5_TestI8my_dequeIiSaIiEEEC2Ev called 2 returned 100% blocks executed 100%
       18:   50:TYPED_TEST(Deque_Fixture, test_5) {
call    0 returned 100%
call    1 returned 100%
call    2 returned 100%
branch  3 taken 0% (fallthrough)
branch  4 taken 100%
call    5 never executed
call    6 returned 100%
call    7 returned 100%
call    8 returned 100%
branch  9 taken 0% (fallthrough)
branch 10 taken 100%
call   11 never executed
call   12 returned 100%
call   13 returned 100%
call   14 returned 100%
        -:   51:    typedef typename TestFixture::deque_type deque_type;
        -:   52:
        4:   53:    deque_type x(10);
call    0 returned 100%
branch  1 taken 100% (fallthrough)
branch  2 taken 0% (throw)
call    3 returned 100%
call    4 returned 100%
branch  5 taken 100% (fallthrough)
branch  6 taken 0% (throw)
call    7 returned 100%
call    8 never executed
        4:   54:    ASSERT_EQ(x.size(),     10);
call    0 returned 100%
call    1 returned 100%
branch  2 taken 100% (fallthrough)
branch  3 taken 0% (throw)
call    4 returned 100%
branch  5 taken 0% (fallthrough)
branch  6 taken 100%
call    7 never executed
branch  8 never executed
branch  9 never executed
call   10 never executed
branch 11 never executed
branch 12 never executed
call   13 never executed
branch 14 never executed
branch 15 never executed
call   16 never executed
branch 17 never executed
branch 18 never executed
call   19 never executed
call   20 never executed
call   21 returned 100%
branch 22 taken 100%
branch 23 taken 0%
call   24 never executed
call   25 never executed
call   26 never executed
call   27 returned 100%
call   28 returned 100%
branch 29 taken 100% (fallthrough)
branch 30 taken 0% (throw)
call   31 returned 100%
branch 32 taken 0% (fallthrough)
branch 33 taken 100%
call   34 never executed
branch 35 never executed
branch 36 never executed
call   37 never executed
branch 38 never executed
branch 39 never executed
call   40 never executed
branch 41 never executed
branch 42 never executed
call   43 never executed
branch 44 never executed
branch 45 never executed
call   46 never executed
call   47 never executed
call   48 returned 100%
branch 49 taken 100%
branch 50 taken 0%
call   51 never executed
call   52 never executed
call   53 never executed
        -:   55:
        4:   56:    x.resize(5);
call    0 returned 100%
branch  1 taken 100% (fallthrough)
branch  2 taken 0% (throw)
call    3 returned 100%
branch  4 taken 100% (fallthrough)
branch  5 taken 0% (throw)
        4:   57:    ASSERT_EQ(x.size(),      5);
call    0 returned 100%
call    1 returned 100%
branch  2 taken 100% (fallthrough)
branch  3 taken 0% (throw)
call    4 returned 100%
branch  5 taken 0% (fallthrough)
branch  6 taken 100%
call    7 never executed
branch  8 never executed
branch  9 never executed
call   10 never executed
branch 11 never executed
branch 12 never executed
call   13 never executed
branch 14 never executed
branch 15 never executed
call   16 never executed
branch 17 never executed
branch 18 never executed
call   19 never executed
call   20 never executed
call   21 returned 100%
branch 22 taken 100%
branch 23 taken 0%
call   24 never executed
call   25 never executed
call   26 never executed
call   27 returned 100%
call   28 returned 100%
branch 29 taken 100% (fallthrough)
branch 30 taken 0% (throw)
call   31 returned 100%
branch 32 taken 0% (fallthrough)
branch 33 taken 100%
call   34 never executed
branch 35 never executed
branch 36 never executed
call   37 never executed
branch 38 never executed
branch 39 never executed
call   40 never executed
branch 41 never executed
branch 42 never executed
call   43 never executed
branch 44 never executed
branch 45 never executed
call   46 never executed
call   47 never executed
call   48 returned 100%
branch 49 taken 100%
branch 50 taken 0%
call   51 never executed
call   52 never executed
call   53 never executed
        -:   58:
        4:   59:    x.resize(8);
call    0 returned 100%
branch  1 taken 100% (fallthrough)
branch  2 taken 0% (throw)
call    3 returned 100%
branch  4 taken 100% (fallthrough)
branch  5 taken 0% (throw)
        4:   60:    ASSERT_EQ(x.size(),      8);
call    0 returned 100%
call    1 returned 100%
branch  2 taken 100% (fallthrough)
branch  3 taken 0% (throw)
call    4 returned 100%
branch  5 taken 0% (fallthrough)
branch  6 taken 100%
call    7 never executed
branch  8 never executed
branch  9 never executed
call   10 never executed
branch 11 never executed
branch 12 never executed
call   13 never executed
branch 14 never executed
branch 15 never executed
call   16 never executed
branch 17 never executed
branch 18 never executed
call   19 never executed
call   20 never executed
call   21 returned 100%
branch 22 taken 100%
branch 23 taken 0%
call   24 never executed
call   25 never executed
call   26 never executed
call   27 returned 100%
call   28 returned 100%
branch 29 taken 100% (fallthrough)
branch 30 taken 0% (throw)
call   31 returned 100%
branch 32 taken 0% (fallthrough)
branch 33 taken 100%
call   34 never executed
branch 35 never executed
branch 36 never executed
call   37 never executed
branch 38 never executed
branch 39 never executed
call   40 never executed
branch 41 never executed
branch 42 never executed
call   43 never executed
branch 44 never executed
branch 45 never executed
call   46 never executed
call   47 never executed
call   48 returned 100%
branch 49 taken 100%
branch 50 taken 0%
call   51 never executed
call   52 never executed
call   53 never executed
        -:   61:
        4:   62:    x.resize(15);
call    0 returned 100%
branch  1 taken 100% (fallthrough)
branch  2 taken 0% (throw)
call    3 returned 100%
branch  4 taken 100% (fallthrough)
branch  5 taken 0% (throw)
        4:   63:    ASSERT_EQ(x.size(),     15);
call    0 returned 100%
call    1 returned 100%
branch  2 taken 100% (fallthrough)
branch  3 taken 0% (throw)
call    4 returned 100%
branch  5 taken 0% (fallthrough)
branch  6 taken 100%
call    7 never executed
branch  8 never executed
branch  9 never executed
call   10 never executed
branch 11 never executed
branch 12 never executed
call   13 never executed
branch 14 never executed
branch 15 never executed
call   16 never executed
branch 17 never executed
branch 18 never executed
call   19 never executed
call   20 never executed
call   21 returned 100%
branch 22 taken 100%
branch 23 taken 0%
call   24 never executed
call   25 never executed
call   26 never executed
call   27 returned 100%
call   28 returned 100%
branch 29 taken 100% (fallthrough)
branch 30 taken 0% (throw)
call   31 returned 100%
branch 32 taken 0% (fallthrough)
branch 33 taken 100%
call   34 never executed
branch 35 never executed
branch 36 never executed
call   37 never executed
branch 38 never executed
branch 39 never executed
call   40 never executed
branch 41 never executed
branch 42 never executed
call   43 never executed
branch 44 never executed
branch 45 never executed
call   46 never executed
call   47 never executed
call   48 returned 100%
branch 49 taken 100%
branch 50 taken 0%
call   51 never executed
call   52 never executed
call   53 never executed
        -:   64:
        4:   65:    x.resize(50);
call    0 returned 100%
branch  1 taken 100% (fallthrough)
branch  2 taken 0% (throw)
call    3 returned 100%
branch  4 taken 100% (fallthrough)
branch  5 taken 0% (throw)
        4:   66:    ASSERT_EQ(x.size(),     50);}
call    0 returned 100%
call    1 returned 100%
branch  2 taken 100% (fallthrough)
branch  3 taken 0% (throw)
call    4 returned 100%
branch  5 taken 0% (fallthrough)
branch  6 taken 100%
call    7 never executed
branch  8 never executed
branch  9 never executed
call   10 never executed
branch 11 never executed
branch 12 never executed
call   13 never executed
branch 14 never executed
branch 15 never executed
call   16 never executed
branch 17 never executed
branch 18 never executed
call   19 never executed
call   20 never executed
call   21 returned 100%
branch 22 taken 100%
branch 23 taken 0%
call   24 returned 100%
branch 25 taken 100%
branch 26 taken 0%
call   27 never executed
call   28 never executed
call   29 never executed
call   30 never executed
call   31 returned 100%
call   32 returned 100%
branch 33 taken 100% (fallthrough)
branch 34 taken 0% (throw)
call   35 returned 100%
branch 36 taken 0% (fallthrough)
branch 37 taken 100%
call   38 never executed
branch 39 never executed
branch 40 never executed
call   41 never executed
branch 42 never executed
branch 43 never executed
call   44 never executed
branch 45 never executed
branch 46 never executed
call   47 never executed
branch 48 never executed
branch 49 never executed
call   50 never executed
call   51 never executed
call   52 returned 100%
branch 53 taken 100%
branch 54 taken 0%
call   55 returned 100%
branch 56 taken 100%
branch 57 taken 0%
call   58 never executed
call   59 never executed
call   60 never executed
call   61 never executed
        -:   67:
function _ZN25Deque_Fixture_test_6_TestISt5dequeIiSaIiEEE8TestBodyEv called 2 returned 100% blocks executed 27%
function _ZN25Deque_Fixture_test_6_TestI8my_dequeIiSaIiEEE8TestBodyEv called 2 returned 100% blocks executed 28%
function _ZN25Deque_Fixture_test_6_TestISt5dequeIiSaIiEEED0Ev called 2 returned 100% blocks executed 100%
function _ZN25Deque_Fixture_test_6_TestISt5dequeIiSaIiEEED2Ev called 2 returned 100% blocks executed 75%
function _ZN25Deque_Fixture_test_6_TestI8my_dequeIiSaIiEEED0Ev called 2 returned 100% blocks executed 100%
function _ZN25Deque_Fixture_test_6_TestI8my_dequeIiSaIiEEED2Ev called 2 returned 100% blocks executed 75%
function _ZN25Deque_Fixture_test_6_TestISt5dequeIiSaIiEEEC2Ev called 2 returned 100% blocks executed 100%
function _ZN25Deque_Fixture_test_6_TestI8my_dequeIiSaIiEEEC2Ev called 2 returned 100% blocks executed 100%
       18:   68:TYPED_TEST(Deque_Fixture, test_6) {
call    0 returned 100%
call    1 returned 100%
call    2 returned 100%
branch  3 taken 0% (fallthrough)
branch  4 taken 100%
call    5 never executed
call    6 returned 100%
call    7 returned 100%
call    8 returned 100%
branch  9 taken 0% (fallthrough)
branch 10 taken 100%
call   11 never executed
call   12 returned 100%
call   13 returned 100%
call   14 returned 100%
        -:   69:    typedef typename TestFixture::deque_type deque_type;
        -:   70:
        4:   71:    deque_type x(10);
call    0 returned 100%
branch  1 taken 100% (fallthrough)
branch  2 taken 0% (throw)
call    3 returned 100%
call    4 returned 100%
branch  5 taken 100% (fallthrough)
branch  6 taken 0% (throw)
call    7 returned 100%
call    8 never executed
        4:   72:    x[0] = 2;
call    0 returned 100%
branch  1 taken 100% (fallthrough)
branch  2 taken 0% (throw)
call    3 returned 100%
branch  4 taken 100% (fallthrough)
branch  5 taken 0% (throw)
        4:   73:    x[1] = 3;
call    0 returned 100%
branch  1 taken 100% (fallthrough)
branch  2 taken 0% (throw)
call    3 returned 100%
branch  4 taken 100% (fallthrough)
branch  5 taken 0% (throw)
        4:   74:    x[2] = 4;
call    0 returned 100%
branch  1 taken 100% (fallthrough)
branch  2 taken 0% (throw)
call    3 returned 100%
branch  4 taken 100% (fallthrough)
branch  5 taken 0% (throw)
        4:   75:    ASSERT_EQ(x.at(1), 3);
call    0 returned 100%
branch  1 taken 100% (fallthrough)
branch  2 taken 0% (throw)
call    3 returned 100%
branch  4 taken 100% (fallthrough)
branch  5 taken 0% (throw)
call    6 returned 100%
branch  7 taken 0% (fallthrough)
branch  8 taken 100%
call    9 never executed
branch 10 never executed
branch 11 never executed
call   12 never executed
branch 13 never executed
branch 14 never executed
call   15 never executed
branch 16 never executed
branch 17 never executed
call   18 never executed
branch 19 never executed
branch 20 never executed
call   21 never executed
call   22 never executed
call   23 returned 100%
branch 24 taken 100%
branch 25 taken 0%
call   26 never executed
call   27 never executed
call   28 never executed
call   29 returned 100%
branch 30 taken 100% (fallthrough)
branch 31 taken 0% (throw)
call   32 returned 100%
branch 33 taken 100% (fallthrough)
branch 34 taken 0% (throw)
call   35 returned 100%
branch 36 taken 0% (fallthrough)
branch 37 taken 100%
call   38 never executed
branch 39 never executed
branch 40 never executed
call   41 never executed
branch 42 never executed
branch 43 never executed
call   44 never executed
branch 45 never executed
branch 46 never executed
call   47 never executed
branch 48 never executed
branch 49 never executed
call   50 never executed
call   51 never executed
call   52 returned 100%
branch 53 taken 100%
branch 54 taken 0%
call   55 never executed
call   56 never executed
call   57 never executed
        -:   76://  ASSERT_EQ(x[10], 3);
        -:   77:    try {
        8:   78:        ASSERT_EQ(x.at(10), 3);
call    0 returned 100%
branch  1 taken 0% (fallthrough)
branch  2 taken 100% (throw)
call    3 never executed
branch  4 never executed
branch  5 never executed
call    6 never executed
branch  7 never executed
branch  8 never executed
call    9 never executed
branch 10 never executed
branch 11 never executed
call   12 never executed
branch 13 never executed
branch 14 never executed
call   15 never executed
branch 16 never executed
branch 17 never executed
call   18 never executed
branch 19 never executed
branch 20 never executed
call   21 never executed
call   22 never executed
call   23 never executed
branch 24 never executed
branch 25 never executed
call   26 never executed
call   27 never executed
call   28 never executed
call   29 returned 100%
branch 30 taken 0% (fallthrough)
branch 31 taken 100% (throw)
call   32 never executed
branch 33 never executed
branch 34 never executed
call   35 never executed
branch 36 never executed
branch 37 never executed
call   38 never executed
branch 39 never executed
branch 40 never executed
call   41 never executed
branch 42 never executed
branch 43 never executed
call   44 never executed
branch 45 never executed
branch 46 never executed
call   47 never executed
branch 48 never executed
branch 49 never executed
call   50 never executed
call   51 never executed
call   52 never executed
branch 53 never executed
branch 54 never executed
call   55 never executed
call   56 never executed
call   57 never executed
    #####:   79:        ASSERT_TRUE(false);}
call    0 never executed
branch  1 never executed
branch  2 never executed
call    3 never executed
branch  4 never executed
branch  5 never executed
call    6 never executed
branch  7 never executed
branch  8 never executed
call    9 never executed
branch 10 never executed
branch 11 never executed
call   12 never executed
call   13 never executed
branch 14 never executed
branch 15 never executed
call   16 never executed
branch 17 never executed
branch 18 never executed
call   19 never executed
call   20 never executed
call   21 never executed
call   22 never executed
branch 23 never executed
branch 24 never executed
call   25 returned 100%
branch 26 taken 100%
branch 27 taken 0%
call   28 never executed
call   29 never executed
call   30 never executed
call   31 never executed
branch 32 taken 0% (fallthrough)
branch 33 taken 100%
call   34 never executed
branch 35 never executed
branch 36 never executed
call   37 never executed
branch 38 never executed
branch 39 never executed
call   40 never executed
branch 41 never executed
branch 42 never executed
call   43 never executed
branch 44 never executed
branch 45 never executed
call   46 never executed
call   47 never executed
branch 48 never executed
branch 49 never executed
call   50 never executed
branch 51 never executed
branch 52 never executed
call   53 never executed
call   54 never executed
call   55 never executed
call   56 never executed
branch 57 never executed
branch 58 never executed
call   59 returned 100%
branch 60 taken 100%
branch 61 taken 0%
call   62 never executed
call   63 never executed
call   64 never executed
call   65 never executed
branch 66 taken 0% (fallthrough)
branch 67 taken 100%
        4:   80:    catch (const out_of_range&)
call    0 returned 100%
call    1 returned 100%
call    2 returned 100%
call    3 returned 100%
        4:   81:        {}}
call    0 never executed
call    1 never executed
        -:   82:
function _ZN25Deque_Fixture_test_7_TestISt5dequeIiSaIiEEE8TestBodyEv called 2 returned 100% blocks executed 42%
function _ZN25Deque_Fixture_test_7_TestI8my_dequeIiSaIiEEE8TestBodyEv called 2 returned 100% blocks executed 42%
function _ZN25Deque_Fixture_test_7_TestISt5dequeIiSaIiEEED0Ev called 2 returned 100% blocks executed 100%
function _ZN25Deque_Fixture_test_7_TestISt5dequeIiSaIiEEED2Ev called 2 returned 100% blocks executed 75%
function _ZN25Deque_Fixture_test_7_TestI8my_dequeIiSaIiEEED0Ev called 2 returned 100% blocks executed 100%
function _ZN25Deque_Fixture_test_7_TestI8my_dequeIiSaIiEEED2Ev called 2 returned 100% blocks executed 75%
function _ZN25Deque_Fixture_test_7_TestISt5dequeIiSaIiEEEC2Ev called 2 returned 100% blocks executed 100%
function _ZN25Deque_Fixture_test_7_TestI8my_dequeIiSaIiEEEC2Ev called 2 returned 100% blocks executed 100%
       18:   83:TYPED_TEST(Deque_Fixture, test_7) {
call    0 returned 100%
call    1 returned 100%
call    2 returned 100%
branch  3 taken 0% (fallthrough)
branch  4 taken 100%
call    5 never executed
call    6 returned 100%
call    7 returned 100%
call    8 returned 100%
branch  9 taken 0% (fallthrough)
branch 10 taken 100%
call   11 never executed
call   12 returned 100%
call   13 returned 100%
call   14 returned 100%
        -:   84:    typedef typename TestFixture::deque_type deque_type;
        -:   85:
        4:   86:    deque_type x;
call    0 returned 100%
branch  1 taken 100% (fallthrough)
branch  2 taken 0% (throw)
call    3 returned 100%
call    4 returned 100%
branch  5 taken 100% (fallthrough)
branch  6 taken 0% (throw)
call    7 returned 100%
        4:   87:    x.push_back(2);
call    0 returned 100%
branch  1 taken 100% (fallthrough)
branch  2 taken 0% (throw)
call    3 returned 100%
branch  4 taken 100% (fallthrough)
branch  5 taken 0% (throw)
        4:   88:    x.push_back(3);
call    0 returned 100%
branch  1 taken 100% (fallthrough)
branch  2 taken 0% (throw)
call    3 returned 100%
branch  4 taken 100% (fallthrough)
branch  5 taken 0% (throw)
        4:   89:    x.push_back(4);
call    0 returned 100%
branch  1 taken 100% (fallthrough)
branch  2 taken 0% (throw)
call    3 returned 100%
branch  4 taken 100% (fallthrough)
branch  5 taken 0% (throw)
        4:   90:    x.push_back(2);
call    0 returned 100%
branch  1 taken 100% (fallthrough)
branch  2 taken 0% (throw)
call    3 returned 100%
branch  4 taken 100% (fallthrough)
branch  5 taken 0% (throw)
        4:   91:    x.push_back(3);
call    0 returned 100%
branch  1 taken 100% (fallthrough)
branch  2 taken 0% (throw)
call    3 returned 100%
branch  4 taken 100% (fallthrough)
branch  5 taken 0% (throw)
        4:   92:    ASSERT_EQ(x.size(),     5);
call    0 returned 100%
call    1 returned 100%
branch  2 taken 100% (fallthrough)
branch  3 taken 0% (throw)
call    4 returned 100%
branch  5 taken 0% (fallthrough)
branch  6 taken 100%
call    7 never executed
branch  8 never executed
branch  9 never executed
call   10 never executed
branch 11 never executed
branch 12 never executed
call   13 never executed
branch 14 never executed
branch 15 never executed
call   16 never executed
branch 17 never executed
branch 18 never executed
call   19 never executed
call   20 never executed
call   21 returned 100%
branch 22 taken 100%
branch 23 taken 0%
call   24 never executed
call   25 never executed
call   26 never executed
call   27 returned 100%
call   28 returned 100%
branch 29 taken 100% (fallthrough)
branch 30 taken 0% (throw)
call   31 returned 100%
branch 32 taken 0% (fallthrough)
branch 33 taken 100%
call   34 never executed
branch 35 never executed
branch 36 never executed
call   37 never executed
branch 38 never executed
branch 39 never executed
call   40 never executed
branch 41 never executed
branch 42 never executed
call   43 never executed
branch 44 never executed
branch 45 never executed
call   46 never executed
call   47 never executed
call   48 returned 100%
branch 49 taken 100%
branch 50 taken 0%
call   51 never executed
call   52 never executed
call   53 never executed
        -:   93:
        4:   94:    x.pop_back();
call    0 returned 100%
branch  1 taken 100% (fallthrough)
branch  2 taken 0% (throw)
call    3 returned 100%
branch  4 taken 100% (fallthrough)
branch  5 taken 0% (throw)
        4:   95:    ASSERT_EQ(x.size(),     4);}
call    0 returned 100%
call    1 returned 100%
branch  2 taken 100% (fallthrough)
branch  3 taken 0% (throw)
call    4 returned 100%
branch  5 taken 0% (fallthrough)
branch  6 taken 100%
call    7 never executed
branch  8 never executed
branch  9 never executed
call   10 never executed
branch 11 never executed
branch 12 never executed
call   13 never executed
branch 14 never executed
branch 15 never executed
call   16 never executed
branch 17 never executed
branch 18 never executed
call   19 never executed
call   20 never executed
call   21 returned 100%
branch 22 taken 100%
branch 23 taken 0%
call   24 returned 100%
branch 25 taken 100%
branch 26 taken 0%
call   27 never executed
call   28 never executed
call   29 never executed
call   30 never executed
call   31 returned 100%
call   32 returned 100%
branch 33 taken 100% (fallthrough)
branch 34 taken 0% (throw)
call   35 returned 100%
branch 36 taken 0% (fallthrough)
branch 37 taken 100%
call   38 never executed
branch 39 never executed
branch 40 never executed
call   41 never executed
branch 42 never executed
branch 43 never executed
call   44 never executed
branch 45 never executed
branch 46 never executed
call   47 never executed
branch 48 never executed
branch 49 never executed
call   50 never executed
call   51 never executed
call   52 returned 100%
branch 53 taken 100%
branch 54 taken 0%
call   55 returned 100%
branch 56 taken 100%
branch 57 taken 0%
call   58 never executed
call   59 never executed
call   60 never executed
call   61 never executed
call   62 never executed
        -:   96:
function _ZN25Deque_Fixture_test_8_TestISt5dequeIiSaIiEEE8TestBodyEv called 2 returned 100% blocks executed 40%
function _ZN25Deque_Fixture_test_8_TestI8my_dequeIiSaIiEEE8TestBodyEv called 2 returned 100% blocks executed 41%
function _ZN25Deque_Fixture_test_8_TestISt5dequeIiSaIiEEED0Ev called 2 returned 100% blocks executed 100%
function _ZN25Deque_Fixture_test_8_TestISt5dequeIiSaIiEEED2Ev called 2 returned 100% blocks executed 75%
function _ZN25Deque_Fixture_test_8_TestI8my_dequeIiSaIiEEED0Ev called 2 returned 100% blocks executed 100%
function _ZN25Deque_Fixture_test_8_TestI8my_dequeIiSaIiEEED2Ev called 2 returned 100% blocks executed 75%
function _ZN25Deque_Fixture_test_8_TestISt5dequeIiSaIiEEEC2Ev called 2 returned 100% blocks executed 100%
function _ZN25Deque_Fixture_test_8_TestI8my_dequeIiSaIiEEEC2Ev called 2 returned 100% blocks executed 100%
       18:   97:TYPED_TEST(Deque_Fixture, test_8) {
call    0 returned 100%
call    1 returned 100%
call    2 returned 100%
branch  3 taken 0% (fallthrough)
branch  4 taken 100%
call    5 never executed
call    6 returned 100%
call    7 returned 100%
call    8 returned 100%
branch  9 taken 0% (fallthrough)
branch 10 taken 100%
call   11 never executed
call   12 returned 100%
call   13 returned 100%
call   14 returned 100%
        -:   98:    typedef typename TestFixture::deque_type deque_type;
        -:   99:
        4:  100:    deque_type x;
call    0 returned 100%
branch  1 taken 100% (fallthrough)
branch  2 taken 0% (throw)
call    3 returned 100%
call    4 returned 100%
branch  5 taken 100% (fallthrough)
branch  6 taken 0% (throw)
call    7 returned 100%
        4:  101:    x.push_back(2);
call    0 returned 100%
branch  1 taken 100% (fallthrough)
branch  2 taken 0% (throw)
call    3 returned 100%
branch  4 taken 100% (fallthrough)
branch  5 taken 0% (throw)
        4:  102:    x.push_back(3);
call    0 returned 100%
branch  1 taken 100% (fallthrough)
branch  2 taken 0% (throw)
call    3 returned 100%
branch  4 taken 100% (fallthrough)
branch  5 taken 0% (throw)
        4:  103:    x.push_back(4);
call    0 returned 100%
branch  1 taken 100% (fallthrough)
branch  2 taken 0% (throw)
call    3 returned 100%
branch  4 taken 100% (fallthrough)
branch  5 taken 0% (throw)
        4:  104:    ASSERT_EQ(x.size(),     3);
call    0 returned 100%
call    1 returned 100%
branch  2 taken 100% (fallthrough)
branch  3 taken 0% (throw)
call    4 returned 100%
branch  5 taken 0% (fallthrough)
branch  6 taken 100%
call    7 never executed
branch  8 never executed
branch  9 never executed
call   10 never executed
branch 11 never executed
branch 12 never executed
call   13 never executed
branch 14 never executed
branch 15 never executed
call   16 never executed
branch 17 never executed
branch 18 never executed
call   19 never executed
call   20 never executed
call   21 returned 100%
branch 22 taken 100%
branch 23 taken 0%
call   24 never executed
call   25 never executed
call   26 never executed
call   27 returned 100%
call   28 returned 100%
branch 29 taken 100% (fallthrough)
branch 30 taken 0% (throw)
call   31 returned 100%
branch 32 taken 0% (fallthrough)
branch 33 taken 100%
call   34 never executed
branch 35 never executed
branch 36 never executed
call   37 never executed
branch 38 never executed
branch 39 never executed
call   40 never executed
branch 41 never executed
branch 42 never executed
call   43 never executed
branch 44 never executed
branch 45 never executed
call   46 never executed
call   47 never executed
call   48 returned 100%
branch 49 taken 100%
branch 50 taken 0%
call   51 never executed
call   52 never executed
call   53 never executed
        -:  105:
        8:  106:    const deque_type y(x);
call    0 returned 100%
branch  1 taken 100% (fallthrough)
branch  2 taken 0% (throw)
call    3 returned 100%
branch  4 taken 100%
branch  5 taken 0%
call    6 never executed
call    7 returned 100%
branch  8 taken 100% (fallthrough)
branch  9 taken 0% (throw)
call   10 returned 100%
branch 11 taken 100%
branch 12 taken 0%
call   13 never executed
        4:  107:    ASSERT_EQ(y.size(),     3);
call    0 returned 100%
call    1 returned 100%
branch  2 taken 100% (fallthrough)
branch  3 taken 0% (throw)
call    4 returned 100%
branch  5 taken 0% (fallthrough)
branch  6 taken 100%
call    7 never executed
branch  8 never executed
branch  9 never executed
call   10 never executed
branch 11 never executed
branch 12 never executed
call   13 never executed
branch 14 never executed
branch 15 never executed
call   16 never executed
branch 17 never executed
branch 18 never executed
call   19 never executed
call   20 never executed
call   21 returned 100%
branch 22 taken 100%
branch 23 taken 0%
call   24 never executed
call   25 never executed
call   26 never executed
call   27 returned 100%
call   28 returned 100%
branch 29 taken 100% (fallthrough)
branch 30 taken 0% (throw)
call   31 returned 100%
branch 32 taken 0% (fallthrough)
branch 33 taken 100%
call   34 never executed
branch 35 never executed
branch 36 never executed
call   37 never executed
branch 38 never executed
branch 39 never executed
call   40 never executed
branch 41 never executed
branch 42 never executed
call   43 never executed
branch 44 never executed
branch 45 never executed
call   46 never executed
call   47 never executed
call   48 returned 100%
branch 49 taken 100%
branch 50 taken 0%
call   51 never executed
call   52 never executed
call   53 never executed
        -:  108:
        8:  109:    ASSERT_EQ(x, y);}
call    0 returned 100%
branch  1 taken 100% (fallthrough)
branch  2 taken 0% (throw)
call    3 returned 100%
branch  4 taken 0% (fallthrough)
branch  5 taken 100%
call    6 never executed
branch  7 never executed
branch  8 never executed
call    9 never executed
branch 10 never executed
branch 11 never executed
call   12 never executed
branch 13 never executed
branch 14 never executed
call   15 never executed
branch 16 never executed
branch 17 never executed
call   18 never executed
call   19 never executed
call   20 returned 100%
branch 21 taken 100%
branch 22 taken 0%
call   23 returned 100%
branch 24 taken 100%
branch 25 taken 0%
call   26 never executed
call   27 never executed
call   28 never executed
call   29 never executed
call   30 returned 100%
branch 31 taken 100% (fallthrough)
branch 32 taken 0% (throw)
call   33 returned 100%
branch 34 taken 0% (fallthrough)
branch 35 taken 100%
call   36 never executed
branch 37 never executed
branch 38 never executed
call   39 never executed
branch 40 never executed
branch 41 never executed
call   42 never executed
branch 43 never executed
branch 44 never executed
call   45 never executed
branch 46 never executed
branch 47 never executed
call   48 never executed
call   49 never executed
call   50 returned 100%
branch 51 taken 100%
branch 52 taken 0%
call   53 returned 100%
branch 54 taken 100%
branch 55 taken 0%
call   56 never executed
call   57 never executed
call   58 never executed
call   59 never executed
call   60 never executed
        -:  110:
function _ZN25Deque_Fixture_test_9_TestISt5dequeIiSaIiEEE8TestBodyEv called 2 returned 100% blocks executed 38%
function _ZN25Deque_Fixture_test_9_TestI8my_dequeIiSaIiEEE8TestBodyEv called 2 returned 100% blocks executed 38%
function _ZN25Deque_Fixture_test_9_TestISt5dequeIiSaIiEEED0Ev called 2 returned 100% blocks executed 100%
function _ZN25Deque_Fixture_test_9_TestISt5dequeIiSaIiEEED2Ev called 2 returned 100% blocks executed 75%
function _ZN25Deque_Fixture_test_9_TestI8my_dequeIiSaIiEEED0Ev called 2 returned 100% blocks executed 100%
function _ZN25Deque_Fixture_test_9_TestI8my_dequeIiSaIiEEED2Ev called 2 returned 100% blocks executed 75%
function _ZN25Deque_Fixture_test_9_TestISt5dequeIiSaIiEEEC2Ev called 2 returned 100% blocks executed 100%
function _ZN25Deque_Fixture_test_9_TestI8my_dequeIiSaIiEEEC2Ev called 2 returned 100% blocks executed 100%
       18:  111:TYPED_TEST(Deque_Fixture, test_9) {
call    0 returned 100%
call    1 returned 100%
call    2 returned 100%
branch  3 taken 0% (fallthrough)
branch  4 taken 100%
call    5 never executed
call    6 returned 100%
call    7 returned 100%
call    8 returned 100%
branch  9 taken 0% (fallthrough)
branch 10 taken 100%
call   11 never executed
call   12 returned 100%
call   13 returned 100%
call   14 returned 100%
        -:  112:    typedef typename TestFixture::deque_type deque_type;
        -:  113:
        4:  114:    const deque_type x(10, 2);
call    0 returned 100%
call    1 returned 100%
branch  2 taken 100% (fallthrough)
branch  3 taken 0% (throw)
call    4 returned 100%
call    5 never executed
call    6 returned 100%
call    7 returned 100%
branch  8 taken 100% (fallthrough)
branch  9 taken 0% (throw)
call   10 returned 100%
call   11 never executed
        8:  115:    deque_type       y(20, 3);
call    0 returned 100%
call    1 returned 100%
branch  2 taken 100% (fallthrough)
branch  3 taken 0% (throw)
call    4 returned 100%
call    5 returned 100%
branch  6 taken 100%
branch  7 taken 0%
call    8 never executed
call    9 never executed
call   10 returned 100%
call   11 returned 100%
branch 12 taken 100% (fallthrough)
branch 13 taken 0% (throw)
call   14 returned 100%
call   15 returned 100%
branch 16 taken 100%
branch 17 taken 0%
call   18 never executed
call   19 never executed
        4:  116:    ASSERT_EQ(y.size(),     20);
call    0 returned 100%
call    1 returned 100%
branch  2 taken 100% (fallthrough)
branch  3 taken 0% (throw)
call    4 returned 100%
branch  5 taken 0% (fallthrough)
branch  6 taken 100%
call    7 never executed
branch  8 never executed
branch  9 never executed
call   10 never executed
branch 11 never executed
branch 12 never executed
call   13 never executed
branch 14 never executed
branch 15 never executed
call   16 never executed
branch 17 never executed
branch 18 never executed
call   19 never executed
call   20 never executed
call   21 returned 100%
branch 22 taken 100%
branch 23 taken 0%
call   24 never executed
call   25 never executed
call   26 never executed
call   27 returned 100%
call   28 returned 100%
branch 29 taken 100% (fallthrough)
branch 30 taken 0% (throw)
call   31 returned 100%
branch 32 taken 0% (fallthrough)
branch 33 taken 100%
call   34 never executed
branch 35 never executed
branch 36 never executed
call   37 never executed
branch 38 never executed
branch 39 never executed
call   40 never executed
branch 41 never executed
branch 42 never executed
call   43 never executed
branch 44 never executed
branch 45 never executed
call   46 never executed
call   47 never executed
call   48 returned 100%
branch 49 taken 100%
branch 50 taken 0%
call   51 never executed
call   52 never executed
call   53 never executed
        -:  117:
        4:  118:    ASSERT_TRUE(x != y);
call    0 returned 100%
branch  1 taken 100% (fallthrough)
branch  2 taken 0% (throw)
call    3 returned 100%
branch  4 taken 100% (fallthrough)
branch  5 taken 0% (throw)
call    6 returned 100%
branch  7 taken 0% (fallthrough)
branch  8 taken 100%
call    9 never executed
branch 10 never executed
branch 11 never executed
call   12 never executed
branch 13 never executed
branch 14 never executed
call   15 never executed
call   16 never executed
branch 17 never executed
branch 18 never executed
call   19 never executed
branch 20 never executed
branch 21 never executed
call   22 never executed
call   23 never executed
call   24 never executed
call   25 returned 100%
branch 26 taken 100%
branch 27 taken 0%
call   28 never executed
call   29 never executed
call   30 never executed
call   31 never executed
call   32 returned 100%
branch 33 taken 100% (fallthrough)
branch 34 taken 0% (throw)
call   35 returned 100%
branch 36 taken 100% (fallthrough)
branch 37 taken 0% (throw)
call   38 returned 100%
branch 39 taken 0% (fallthrough)
branch 40 taken 100%
call   41 never executed
branch 42 never executed
branch 43 never executed
call   44 never executed
branch 45 never executed
branch 46 never executed
call   47 never executed
call   48 never executed
branch 49 never executed
branch 50 never executed
call   51 never executed
branch 52 never executed
branch 53 never executed
call   54 never executed
call   55 never executed
call   56 never executed
call   57 returned 100%
branch 58 taken 100%
branch 59 taken 0%
call   60 never executed
call   61 never executed
call   62 never executed
call   63 never executed
        4:  119:    y = x;
call    0 returned 100%
branch  1 taken 100% (fallthrough)
branch  2 taken 0% (throw)
call    3 returned 100%
branch  4 taken 100% (fallthrough)
branch  5 taken 0% (throw)
        4:  120:    ASSERT_EQ(y.size(),     10);
call    0 returned 100%
call    1 returned 100%
branch  2 taken 100% (fallthrough)
branch  3 taken 0% (throw)
call    4 returned 100%
branch  5 taken 0% (fallthrough)
branch  6 taken 100%
call    7 never executed
branch  8 never executed
branch  9 never executed
call   10 never executed
branch 11 never executed
branch 12 never executed
call   13 never executed
branch 14 never executed
branch 15 never executed
call   16 never executed
branch 17 never executed
branch 18 never executed
call   19 never executed
call   20 never executed
call   21 returned 100%
branch 22 taken 100%
branch 23 taken 0%
call   24 never executed
call   25 never executed
call   26 never executed
call   27 returned 100%
call   28 returned 100%
branch 29 taken 100% (fallthrough)
branch 30 taken 0% (throw)
call   31 returned 100%
branch 32 taken 0% (fallthrough)
branch 33 taken 100%
call   34 never executed
branch 35 never executed
branch 36 never executed
call   37 never executed
branch 38 never executed
branch 39 never executed
call   40 never executed
branch 41 never executed
branch 42 never executed
call   43 never executed
branch 44 never executed
branch 45 never executed
call   46 never executed
call   47 never executed
call   48 returned 100%
branch 49 taken 100%
branch 50 taken 0%
call   51 never executed
call   52 never executed
call   53 never executed
        -:  121:
        8:  122:    ASSERT_EQ(x, y);}
call    0 returned 100%
branch  1 taken 100% (fallthrough)
branch  2 taken 0% (throw)
call    3 returned 100%
branch  4 taken 0% (fallthrough)
branch  5 taken 100%
call    6 never executed
branch  7 never executed
branch  8 never executed
call    9 never executed
branch 10 never executed
branch 11 never executed
call   12 never executed
branch 13 never executed
branch 14 never executed
call   15 never executed
branch 16 never executed
branch 17 never executed
call   18 never executed
call   19 never executed
call   20 returned 100%
branch 21 taken 100%
branch 22 taken 0%
call   23 returned 100%
branch 24 taken 100%
branch 25 taken 0%
call   26 never executed
call   27 never executed
call   28 never executed
call   29 never executed
call   30 returned 100%
branch 31 taken 100% (fallthrough)
branch 32 taken 0% (throw)
call   33 returned 100%
branch 34 taken 0% (fallthrough)
branch 35 taken 100%
call   36 never executed
branch 37 never executed
branch 38 never executed
call   39 never executed
branch 40 never executed
branch 41 never executed
call   42 never executed
branch 43 never executed
branch 44 never executed
call   45 never executed
branch 46 never executed
branch 47 never executed
call   48 never executed
call   49 never executed
call   50 returned 100%
branch 51 taken 100%
branch 52 taken 0%
call   53 returned 100%
branch 54 taken 100%
branch 55 taken 0%
call   56 never executed
call   57 never executed
call   58 never executed
call   59 never executed
        -:  123:
function _ZN26Deque_Fixture_test_10_TestISt5dequeIiSaIiEEE8TestBodyEv called 2 returned 100% blocks executed 37%
function _ZN26Deque_Fixture_test_10_TestI8my_dequeIiSaIiEEE8TestBodyEv called 2 returned 100% blocks executed 37%
function _ZN26Deque_Fixture_test_10_TestISt5dequeIiSaIiEEED0Ev called 2 returned 100% blocks executed 100%
function _ZN26Deque_Fixture_test_10_TestISt5dequeIiSaIiEEED2Ev called 2 returned 100% blocks executed 75%
function _ZN26Deque_Fixture_test_10_TestI8my_dequeIiSaIiEEED0Ev called 2 returned 100% blocks executed 100%
function _ZN26Deque_Fixture_test_10_TestI8my_dequeIiSaIiEEED2Ev called 2 returned 100% blocks executed 75%
function _ZN26Deque_Fixture_test_10_TestISt5dequeIiSaIiEEEC2Ev called 2 returned 100% blocks executed 100%
function _ZN26Deque_Fixture_test_10_TestI8my_dequeIiSaIiEEEC2Ev called 2 returned 100% blocks executed 100%
       18:  124:TYPED_TEST(Deque_Fixture, test_10) {
call    0 returned 100%
call    1 returned 100%
call    2 returned 100%
branch  3 taken 0% (fallthrough)
branch  4 taken 100%
call    5 never executed
call    6 returned 100%
call    7 returned 100%
call    8 returned 100%
branch  9 taken 0% (fallthrough)
branch 10 taken 100%
call   11 never executed
call   12 returned 100%
call   13 returned 100%
call   14 returned 100%
        -:  125:    typedef typename TestFixture::deque_type deque_type;
        -:  126:
        4:  127:    const deque_type x(15, 2);
call    0 returned 100%
call    1 returned 100%
branch  2 taken 100% (fallthrough)
branch  3 taken 0% (throw)
call    4 returned 100%
call    5 never executed
call    6 returned 100%
call    7 returned 100%
branch  8 taken 100% (fallthrough)
branch  9 taken 0% (throw)
call   10 returned 100%
call   11 never executed
        8:  128:    deque_type       y(10, 3);
call    0 returned 100%
call    1 returned 100%
branch  2 taken 100% (fallthrough)
branch  3 taken 0% (throw)
call    4 returned 100%
call    5 returned 100%
branch  6 taken 100%
branch  7 taken 0%
call    8 never executed
call    9 never executed
call   10 returned 100%
call   11 returned 100%
branch 12 taken 100% (fallthrough)
branch 13 taken 0% (throw)
call   14 returned 100%
call   15 returned 100%
branch 16 taken 100%
branch 17 taken 0%
call   18 never executed
call   19 never executed
        4:  129:    ASSERT_EQ(y.size(),     10);
call    0 returned 100%
call    1 returned 100%
branch  2 taken 100% (fallthrough)
branch  3 taken 0% (throw)
call    4 returned 100%
branch  5 taken 0% (fallthrough)
branch  6 taken 100%
call    7 never executed
branch  8 never executed
branch  9 never executed
call   10 never executed
branch 11 never executed
branch 12 never executed
call   13 never executed
branch 14 never executed
branch 15 never executed
call   16 never executed
branch 17 never executed
branch 18 never executed
call   19 never executed
call   20 never executed
call   21 returned 100%
branch 22 taken 100%
branch 23 taken 0%
call   24 never executed
call   25 never executed
call   26 never executed
call   27 returned 100%
call   28 returned 100%
branch 29 taken 100% (fallthrough)
branch 30 taken 0% (throw)
call   31 returned 100%
branch 32 taken 0% (fallthrough)
branch 33 taken 100%
call   34 never executed
branch 35 never executed
branch 36 never executed
call   37 never executed
branch 38 never executed
branch 39 never executed
call   40 never executed
branch 41 never executed
branch 42 never executed
call   43 never executed
branch 44 never executed
branch 45 never executed
call   46 never executed
call   47 never executed
call   48 returned 100%
branch 49 taken 100%
branch 50 taken 0%
call   51 never executed
call   52 never executed
call   53 never executed
        -:  130:
        4:  131:    y.push_back(3);
call    0 returned 100%
branch  1 taken 100% (fallthrough)
branch  2 taken 0% (throw)
call    3 returned 100%
branch  4 taken 100% (fallthrough)
branch  5 taken 0% (throw)
        4:  132:    ASSERT_EQ(y.size(),     11);
call    0 returned 100%
call    1 returned 100%
branch  2 taken 100% (fallthrough)
branch  3 taken 0% (throw)
call    4 returned 100%
branch  5 taken 0% (fallthrough)
branch  6 taken 100%
call    7 never executed
branch  8 never executed
branch  9 never executed
call   10 never executed
branch 11 never executed
branch 12 never executed
call   13 never executed
branch 14 never executed
branch 15 never executed
call   16 never executed
branch 17 never executed
branch 18 never executed
call   19 never executed
call   20 never executed
call   21 returned 100%
branch 22 taken 100%
branch 23 taken 0%
call   24 never executed
call   25 never executed
call   26 never executed
call   27 returned 100%
call   28 returned 100%
branch 29 taken 100% (fallthrough)
branch 30 taken 0% (throw)
call   31 returned 100%
branch 32 taken 0% (fallthrough)
branch 33 taken 100%
call   34 never executed
branch 35 never executed
branch 36 never executed
call   37 never executed
branch 38 never executed
branch 39 never executed
call   40 never executed
branch 41 never executed
branch 42 never executed
call   43 never executed
branch 44 never executed
branch 45 never executed
call   46 never executed
call   47 never executed
call   48 returned 100%
branch 49 taken 100%
branch 50 taken 0%
call   51 never executed
call   52 never executed
call   53 never executed
        -:  133:
        4:  134:    ASSERT_TRUE(x != y);
call    0 returned 100%
branch  1 taken 100% (fallthrough)
branch  2 taken 0% (throw)
call    3 returned 100%
branch  4 taken 100% (fallthrough)
branch  5 taken 0% (throw)
call    6 returned 100%
branch  7 taken 0% (fallthrough)
branch  8 taken 100%
call    9 never executed
branch 10 never executed
branch 11 never executed
call   12 never executed
branch 13 never executed
branch 14 never executed
call   15 never executed
call   16 never executed
branch 17 never executed
branch 18 never executed
call   19 never executed
branch 20 never executed
branch 21 never executed
call   22 never executed
call   23 never executed
call   24 never executed
call   25 returned 100%
branch 26 taken 100%
branch 27 taken 0%
call   28 never executed
call   29 never executed
call   30 never executed
call   31 never executed
call   32 returned 100%
branch 33 taken 100% (fallthrough)
branch 34 taken 0% (throw)
call   35 returned 100%
branch 36 taken 100% (fallthrough)
branch 37 taken 0% (throw)
call   38 returned 100%
branch 39 taken 0% (fallthrough)
branch 40 taken 100%
call   41 never executed
branch 42 never executed
branch 43 never executed
call   44 never executed
branch 45 never executed
branch 46 never executed
call   47 never executed
call   48 never executed
branch 49 never executed
branch 50 never executed
call   51 never executed
branch 52 never executed
branch 53 never executed
call   54 never executed
call   55 never executed
call   56 never executed
call   57 returned 100%
branch 58 taken 100%
branch 59 taken 0%
call   60 never executed
call   61 never executed
call   62 never executed
call   63 never executed
        4:  135:    y = x;
call    0 returned 100%
branch  1 taken 100% (fallthrough)
branch  2 taken 0% (throw)
call    3 returned 100%
branch  4 taken 100% (fallthrough)
branch  5 taken 0% (throw)
        4:  136:    ASSERT_EQ(y.size(),     15);
call    0 returned 100%
call    1 returned 100%
branch  2 taken 100% (fallthrough)
branch  3 taken 0% (throw)
call    4 returned 100%
branch  5 taken 0% (fallthrough)
branch  6 taken 100%
call    7 never executed
branch  8 never executed
branch  9 never executed
call   10 never executed
branch 11 never executed
branch 12 never executed
call   13 never executed
branch 14 never executed
branch 15 never executed
call   16 never executed
branch 17 never executed
branch 18 never executed
call   19 never executed
call   20 never executed
call   21 returned 100%
branch 22 taken 100%
branch 23 taken 0%
call   24 never executed
call   25 never executed
call   26 never executed
call   27 returned 100%
call   28 returned 100%
branch 29 taken 100% (fallthrough)
branch 30 taken 0% (throw)
call   31 returned 100%
branch 32 taken 0% (fallthrough)
branch 33 taken 100%
call   34 never executed
branch 35 never executed
branch 36 never executed
call   37 never executed
branch 38 never executed
branch 39 never executed
call   40 never executed
branch 41 never executed
branch 42 never executed
call   43 never executed
branch 44 never executed
branch 45 never executed
call   46 never executed
call   47 never executed
call   48 returned 100%
branch 49 taken 100%
branch 50 taken 0%
call   51 never executed
call   52 never executed
call   53 never executed
        -:  137:
        8:  138:    ASSERT_EQ(x, y);}
call    0 returned 100%
branch  1 taken 100% (fallthrough)
branch  2 taken 0% (throw)
call    3 returned 100%
branch  4 taken 0% (fallthrough)
branch  5 taken 100%
call    6 never executed
branch  7 never executed
branch  8 never executed
call    9 never executed
branch 10 never executed
branch 11 never executed
call   12 never executed
branch 13 never executed
branch 14 never executed
call   15 never executed
branch 16 never executed
branch 17 never executed
call   18 never executed
call   19 never executed
call   20 returned 100%
branch 21 taken 100%
branch 22 taken 0%
call   23 returned 100%
branch 24 taken 100%
branch 25 taken 0%
call   26 never executed
call   27 never executed
call   28 never executed
call   29 never executed
call   30 returned 100%
branch 31 taken 100% (fallthrough)
branch 32 taken 0% (throw)
call   33 returned 100%
branch 34 taken 0% (fallthrough)
branch 35 taken 100%
call   36 never executed
branch 37 never executed
branch 38 never executed
call   39 never executed
branch 40 never executed
branch 41 never executed
call   42 never executed
branch 43 never executed
branch 44 never executed
call   45 never executed
branch 46 never executed
branch 47 never executed
call   48 never executed
call   49 never executed
call   50 returned 100%
branch 51 taken 100%
branch 52 taken 0%
call   53 returned 100%
branch 54 taken 100%
branch 55 taken 0%
call   56 never executed
call   57 never executed
call   58 never executed
call   59 never executed
        -:  139:
function _ZN26Deque_Fixture_test_11_TestISt5dequeIiSaIiEEE8TestBodyEv called 2 returned 100% blocks executed 38%
function _ZN26Deque_Fixture_test_11_TestI8my_dequeIiSaIiEEE8TestBodyEv called 2 returned 100% blocks executed 38%
function _ZN26Deque_Fixture_test_11_TestISt5dequeIiSaIiEEED0Ev called 2 returned 100% blocks executed 100%
function _ZN26Deque_Fixture_test_11_TestISt5dequeIiSaIiEEED2Ev called 2 returned 100% blocks executed 75%
function _ZN26Deque_Fixture_test_11_TestI8my_dequeIiSaIiEEED0Ev called 2 returned 100% blocks executed 100%
function _ZN26Deque_Fixture_test_11_TestI8my_dequeIiSaIiEEED2Ev called 2 returned 100% blocks executed 75%
function _ZN26Deque_Fixture_test_11_TestISt5dequeIiSaIiEEEC2Ev called 2 returned 100% blocks executed 100%
function _ZN26Deque_Fixture_test_11_TestI8my_dequeIiSaIiEEEC2Ev called 2 returned 100% blocks executed 100%
       18:  140:TYPED_TEST(Deque_Fixture, test_11) {
call    0 returned 100%
call    1 returned 100%
call    2 returned 100%
branch  3 taken 0% (fallthrough)
branch  4 taken 100%
call    5 never executed
call    6 returned 100%
call    7 returned 100%
call    8 returned 100%
branch  9 taken 0% (fallthrough)
branch 10 taken 100%
call   11 never executed
call   12 returned 100%
call   13 returned 100%
call   14 returned 100%
        -:  141:    typedef typename TestFixture::deque_type deque_type;
        -:  142:
        4:  143:    const deque_type x(20, 2);
call    0 returned 100%
call    1 returned 100%
branch  2 taken 100% (fallthrough)
branch  3 taken 0% (throw)
call    4 returned 100%
call    5 never executed
call    6 returned 100%
call    7 returned 100%
branch  8 taken 100% (fallthrough)
branch  9 taken 0% (throw)
call   10 returned 100%
call   11 never executed
        8:  144:    deque_type       y(10, 3);
call    0 returned 100%
call    1 returned 100%
branch  2 taken 100% (fallthrough)
branch  3 taken 0% (throw)
call    4 returned 100%
call    5 returned 100%
branch  6 taken 100%
branch  7 taken 0%
call    8 never executed
call    9 never executed
call   10 returned 100%
call   11 returned 100%
branch 12 taken 100% (fallthrough)
branch 13 taken 0% (throw)
call   14 returned 100%
call   15 returned 100%
branch 16 taken 100%
branch 17 taken 0%
call   18 never executed
call   19 never executed
        4:  145:    ASSERT_EQ(y.size(),     10);
call    0 returned 100%
call    1 returned 100%
branch  2 taken 100% (fallthrough)
branch  3 taken 0% (throw)
call    4 returned 100%
branch  5 taken 0% (fallthrough)
branch  6 taken 100%
call    7 never executed
branch  8 never executed
branch  9 never executed
call   10 never executed
branch 11 never executed
branch 12 never executed
call   13 never executed
branch 14 never executed
branch 15 never executed
call   16 never executed
branch 17 never executed
branch 18 never executed
call   19 never executed
call   20 never executed
call   21 returned 100%
branch 22 taken 100%
branch 23 taken 0%
call   24 never executed
call   25 never executed
call   26 never executed
call   27 returned 100%
call   28 returned 100%
branch 29 taken 100% (fallthrough)
branch 30 taken 0% (throw)
call   31 returned 100%
branch 32 taken 0% (fallthrough)
branch 33 taken 100%
call   34 never executed
branch 35 never executed
branch 36 never executed
call   37 never executed
branch 38 never executed
branch 39 never executed
call   40 never executed
branch 41 never executed
branch 42 never executed
call   43 never executed
branch 44 never executed
branch 45 never executed
call   46 never executed
call   47 never executed
call   48 returned 100%
branch 49 taken 100%
branch 50 taken 0%
call   51 never executed
call   52 never executed
call   53 never executed
        -:  146:
        4:  147:    ASSERT_TRUE(x != y);
call    0 returned 100%
branch  1 taken 100% (fallthrough)
branch  2 taken 0% (throw)
call    3 returned 100%
branch  4 taken 100% (fallthrough)
branch  5 taken 0% (throw)
call    6 returned 100%
branch  7 taken 0% (fallthrough)
branch  8 taken 100%
call    9 never executed
branch 10 never executed
branch 11 never executed
call   12 never executed
branch 13 never executed
branch 14 never executed
call   15 never executed
call   16 never executed
branch 17 never executed
branch 18 never executed
call   19 never executed
branch 20 never executed
branch 21 never executed
call   22 never executed
call   23 never executed
call   24 never executed
call   25 returned 100%
branch 26 taken 100%
branch 27 taken 0%
call   28 never executed
call   29 never executed
call   30 never executed
call   31 never executed
call   32 returned 100%
branch 33 taken 100% (fallthrough)
branch 34 taken 0% (throw)
call   35 returned 100%
branch 36 taken 100% (fallthrough)
branch 37 taken 0% (throw)
call   38 returned 100%
branch 39 taken 0% (fallthrough)
branch 40 taken 100%
call   41 never executed
branch 42 never executed
branch 43 never executed
call   44 never executed
branch 45 never executed
branch 46 never executed
call   47 never executed
call   48 never executed
branch 49 never executed
branch 50 never executed
call   51 never executed
branch 52 never executed
branch 53 never executed
call   54 never executed
call   55 never executed
call   56 never executed
call   57 returned 100%
branch 58 taken 100%
branch 59 taken 0%
call   60 never executed
call   61 never executed
call   62 never executed
call   63 never executed
        4:  148:    y = x;
call    0 returned 100%
branch  1 taken 100% (fallthrough)
branch  2 taken 0% (throw)
call    3 returned 100%
branch  4 taken 100% (fallthrough)
branch  5 taken 0% (throw)
        4:  149:    ASSERT_EQ(y.size(),     20);
call    0 returned 100%
call    1 returned 100%
branch  2 taken 100% (fallthrough)
branch  3 taken 0% (throw)
call    4 returned 100%
branch  5 taken 0% (fallthrough)
branch  6 taken 100%
call    7 never executed
branch  8 never executed
branch  9 never executed
call   10 never executed
branch 11 never executed
branch 12 never executed
call   13 never executed
branch 14 never executed
branch 15 never executed
call   16 never executed
branch 17 never executed
branch 18 never executed
call   19 never executed
call   20 never executed
call   21 returned 100%
branch 22 taken 100%
branch 23 taken 0%
call   24 never executed
call   25 never executed
call   26 never executed
call   27 returned 100%
call   28 returned 100%
branch 29 taken 100% (fallthrough)
branch 30 taken 0% (throw)
call   31 returned 100%
branch 32 taken 0% (fallthrough)
branch 33 taken 100%
call   34 never executed
branch 35 never executed
branch 36 never executed
call   37 never executed
branch 38 never executed
branch 39 never executed
call   40 never executed
branch 41 never executed
branch 42 never executed
call   43 never executed
branch 44 never executed
branch 45 never executed
call   46 never executed
call   47 never executed
call   48 returned 100%
branch 49 taken 100%
branch 50 taken 0%
call   51 never executed
call   52 never executed
call   53 never executed
        -:  150:
        8:  151:    ASSERT_EQ(x, y);}
call    0 returned 100%
branch  1 taken 100% (fallthrough)
branch  2 taken 0% (throw)
call    3 returned 100%
branch  4 taken 0% (fallthrough)
branch  5 taken 100%
call    6 never executed
branch  7 never executed
branch  8 never executed
call    9 never executed
branch 10 never executed
branch 11 never executed
call   12 never executed
branch 13 never executed
branch 14 never executed
call   15 never executed
branch 16 never executed
branch 17 never executed
call   18 never executed
call   19 never executed
call   20 returned 100%
branch 21 taken 100%
branch 22 taken 0%
call   23 returned 100%
branch 24 taken 100%
branch 25 taken 0%
call   26 never executed
call   27 never executed
call   28 never executed
call   29 never executed
call   30 returned 100%
branch 31 taken 100% (fallthrough)
branch 32 taken 0% (throw)
call   33 returned 100%
branch 34 taken 0% (fallthrough)
branch 35 taken 100%
call   36 never executed
branch 37 never executed
branch 38 never executed
call   39 never executed
branch 40 never executed
branch 41 never executed
call   42 never executed
branch 43 never executed
branch 44 never executed
call   45 never executed
branch 46 never executed
branch 47 never executed
call   48 never executed
call   49 never executed
call   50 returned 100%
branch 51 taken 100%
branch 52 taken 0%
call   53 returned 100%
branch 54 taken 100%
branch 55 taken 0%
call   56 never executed
call   57 never executed
call   58 never executed
call   59 never executed
        -:  152:
        -:  153:
        -:  154:// -----------------------------
        -:  155:// my_deque
        -:  156:// -----------------------------
        -:  157:
        -:  158:
        -:  159:
        -:  160:
        -:  161:// ------------
        -:  162:// operator ==
        -:  163:// ------------
        -:  164:
        -:  165:
function _ZN26Deque_Fixture_equal_1_TestISt5dequeIiSaIiEEE8TestBodyEv called 2 returned 100% blocks executed 45%
function _ZN26Deque_Fixture_equal_1_TestI8my_dequeIiSaIiEEE8TestBodyEv called 2 returned 100% blocks executed 44%
function _ZN26Deque_Fixture_equal_1_TestISt5dequeIiSaIiEEED0Ev called 2 returned 100% blocks executed 100%
function _ZN26Deque_Fixture_equal_1_TestISt5dequeIiSaIiEEED2Ev called 2 returned 100% blocks executed 75%
function _ZN26Deque_Fixture_equal_1_TestI8my_dequeIiSaIiEEED0Ev called 2 returned 100% blocks executed 100%
function _ZN26Deque_Fixture_equal_1_TestI8my_dequeIiSaIiEEED2Ev called 2 returned 100% blocks executed 75%
function _ZN26Deque_Fixture_equal_1_TestISt5dequeIiSaIiEEEC2Ev called 2 returned 100% blocks executed 100%
function _ZN26Deque_Fixture_equal_1_TestI8my_dequeIiSaIiEEEC2Ev called 2 returned 100% blocks executed 100%
       18:  166:TYPED_TEST(Deque_Fixture, equal_1) {
call    0 returned 100%
call    1 returned 100%
call    2 returned 100%
branch  3 taken 0% (fallthrough)
branch  4 taken 100%
call    5 never executed
call    6 returned 100%
call    7 returned 100%
call    8 returned 100%
branch  9 taken 0% (fallthrough)
branch 10 taken 100%
call   11 never executed
call   12 returned 100%
call   13 returned 100%
call   14 returned 100%
        -:  167:    typedef typename TestFixture::deque_type deque_type;
        -:  168:
        4:  169:    deque_type x(10);
call    0 returned 100%
branch  1 taken 100% (fallthrough)
branch  2 taken 0% (throw)
call    3 returned 100%
call    4 returned 100%
branch  5 taken 100% (fallthrough)
branch  6 taken 0% (throw)
call    7 returned 100%
call    8 never executed
        4:  170:    x.push_back(1);
call    0 returned 100%
branch  1 taken 100% (fallthrough)
branch  2 taken 0% (throw)
call    3 returned 100%
branch  4 taken 100% (fallthrough)
branch  5 taken 0% (throw)
        4:  171:    x.push_back(2);
call    0 returned 100%
branch  1 taken 100% (fallthrough)
branch  2 taken 0% (throw)
call    3 returned 100%
branch  4 taken 100% (fallthrough)
branch  5 taken 0% (throw)
        4:  172:    x.push_back(3);
call    0 returned 100%
branch  1 taken 100% (fallthrough)
branch  2 taken 0% (throw)
call    3 returned 100%
branch  4 taken 100% (fallthrough)
branch  5 taken 0% (throw)
        4:  173:    x.push_back(4);
call    0 returned 100%
branch  1 taken 100% (fallthrough)
branch  2 taken 0% (throw)
call    3 returned 100%
branch  4 taken 100% (fallthrough)
branch  5 taken 0% (throw)
        4:  174:	x.push_back(5);
call    0 returned 100%
branch  1 taken 100% (fallthrough)
branch  2 taken 0% (throw)
call    3 returned 100%
branch  4 taken 100% (fallthrough)
branch  5 taken 0% (throw)
        -:  175:
        8:  176:	deque_type y(10);
call    0 returned 100%
branch  1 taken 100% (fallthrough)
branch  2 taken 0% (throw)
call    3 returned 100%
branch  4 taken 100%
branch  5 taken 0%
call    6 never executed
call    7 returned 100%
call    8 returned 100%
branch  9 taken 100% (fallthrough)
branch 10 taken 0% (throw)
call   11 returned 100%
call   12 returned 100%
branch 13 taken 100%
branch 14 taken 0%
call   15 never executed
call   16 never executed
        4:  177:    y.push_back(1);
call    0 returned 100%
branch  1 taken 100% (fallthrough)
branch  2 taken 0% (throw)
call    3 returned 100%
branch  4 taken 100% (fallthrough)
branch  5 taken 0% (throw)
        4:  178:    y.push_back(2);
call    0 returned 100%
branch  1 taken 100% (fallthrough)
branch  2 taken 0% (throw)
call    3 returned 100%
branch  4 taken 100% (fallthrough)
branch  5 taken 0% (throw)
        4:  179:    y.push_back(3);
call    0 returned 100%
branch  1 taken 100% (fallthrough)
branch  2 taken 0% (throw)
call    3 returned 100%
branch  4 taken 100% (fallthrough)
branch  5 taken 0% (throw)
        4:  180:    y.push_back(4);
call    0 returned 100%
branch  1 taken 100% (fallthrough)
branch  2 taken 0% (throw)
call    3 returned 100%
branch  4 taken 100% (fallthrough)
branch  5 taken 0% (throw)
        4:  181:	y.push_back(5);
call    0 returned 100%
branch  1 taken 100% (fallthrough)
branch  2 taken 0% (throw)
call    3 returned 100%
branch  4 taken 100% (fallthrough)
branch  5 taken 0% (throw)
        -:  182:
        8:  183:    deque_type z(10);
call    0 returned 100%
branch  1 taken 100% (fallthrough)
branch  2 taken 0% (throw)
call    3 returned 100%
branch  4 taken 100%
branch  5 taken 0%
call    6 never executed
call    7 returned 100%
call    8 returned 100%
branch  9 taken 100% (fallthrough)
branch 10 taken 0% (throw)
call   11 returned 100%
call   12 returned 100%
branch 13 taken 100%
branch 14 taken 0%
call   15 never executed
call   16 never executed
        4:  184:    z.push_back(1);
call    0 returned 100%
branch  1 taken 100% (fallthrough)
branch  2 taken 0% (throw)
call    3 returned 100%
branch  4 taken 100% (fallthrough)
branch  5 taken 0% (throw)
        4:  185:    z.push_back(2);
call    0 returned 100%
branch  1 taken 100% (fallthrough)
branch  2 taken 0% (throw)
call    3 returned 100%
branch  4 taken 100% (fallthrough)
branch  5 taken 0% (throw)
        4:  186:    z.push_back(3);
call    0 returned 100%
branch  1 taken 100% (fallthrough)
branch  2 taken 0% (throw)
call    3 returned 100%
branch  4 taken 100% (fallthrough)
branch  5 taken 0% (throw)
        4:  187:    z.push_back(4);
call    0 returned 100%
branch  1 taken 100% (fallthrough)
branch  2 taken 0% (throw)
call    3 returned 100%
branch  4 taken 100% (fallthrough)
branch  5 taken 0% (throw)
        4:  188:    z.push_back(5);
call    0 returned 100%
branch  1 taken 100% (fallthrough)
branch  2 taken 0% (throw)
call    3 returned 100%
branch  4 taken 100% (fallthrough)
branch  5 taken 0% (throw)
        -:  189:
        -:  190:
        4:  191:    ASSERT_EQ(x.size(), 15);
call    0 returned 100%
call    1 returned 100%
branch  2 taken 100% (fallthrough)
branch  3 taken 0% (throw)
call    4 returned 100%
branch  5 taken 0% (fallthrough)
branch  6 taken 100%
call    7 never executed
branch  8 never executed
branch  9 never executed
call   10 never executed
branch 11 never executed
branch 12 never executed
call   13 never executed
branch 14 never executed
branch 15 never executed
call   16 never executed
branch 17 never executed
branch 18 never executed
call   19 never executed
call   20 never executed
call   21 returned 100%
branch 22 taken 100%
branch 23 taken 0%
call   24 never executed
call   25 never executed
call   26 never executed
call   27 returned 100%
call   28 returned 100%
branch 29 taken 100% (fallthrough)
branch 30 taken 0% (throw)
call   31 returned 100%
branch 32 taken 0% (fallthrough)
branch 33 taken 100%
call   34 never executed
branch 35 never executed
branch 36 never executed
call   37 never executed
branch 38 never executed
branch 39 never executed
call   40 never executed
branch 41 never executed
branch 42 never executed
call   43 never executed
branch 44 never executed
branch 45 never executed
call   46 never executed
call   47 never executed
call   48 returned 100%
branch 49 taken 100%
branch 50 taken 0%
call   51 never executed
call   52 never executed
call   53 never executed
        -:  192:
        8:  193:	ASSERT_TRUE(x==y);}
call    0 returned 100%
branch  1 taken 100% (fallthrough)
branch  2 taken 0% (throw)
call    3 returned 100%
branch  4 taken 100% (fallthrough)
branch  5 taken 0% (throw)
call    6 returned 100%
branch  7 taken 0% (fallthrough)
branch  8 taken 100%
call    9 never executed
branch 10 never executed
branch 11 never executed
call   12 never executed
branch 13 never executed
branch 14 never executed
call   15 never executed
call   16 never executed
branch 17 never executed
branch 18 never executed
call   19 never executed
branch 20 never executed
branch 21 never executed
call   22 never executed
call   23 never executed
call   24 never executed
call   25 returned 100%
branch 26 taken 100%
branch 27 taken 0%
call   28 returned 100%
branch 29 taken 100%
branch 30 taken 0%
call   31 never executed
call   32 never executed
call   33 never executed
call   34 never executed
call   35 never executed
call   36 returned 100%
branch 37 taken 100% (fallthrough)
branch 38 taken 0% (throw)
call   39 returned 100%
branch 40 taken 100% (fallthrough)
branch 41 taken 0% (throw)
call   42 returned 100%
branch 43 taken 0% (fallthrough)
branch 44 taken 100%
call   45 never executed
branch 46 never executed
branch 47 never executed
call   48 never executed
branch 49 never executed
branch 50 never executed
call   51 never executed
call   52 never executed
branch 53 never executed
branch 54 never executed
call   55 never executed
branch 56 never executed
branch 57 never executed
call   58 never executed
call   59 never executed
call   60 never executed
call   61 returned 100%
branch 62 taken 100%
branch 63 taken 0%
call   64 returned 100%
branch 65 taken 100%
branch 66 taken 0%
call   67 never executed
call   68 never executed
call   69 never executed
call   70 never executed
call   71 never executed
        -:  194:
function _ZN26Deque_Fixture_equal_2_TestISt5dequeIiSaIiEEE8TestBodyEv called 2 returned 100% blocks executed 47%
function _ZN26Deque_Fixture_equal_2_TestI8my_dequeIiSaIiEEE8TestBodyEv called 2 returned 100% blocks executed 47%
function _ZN26Deque_Fixture_equal_2_TestISt5dequeIiSaIiEEED0Ev called 2 returned 100% blocks executed 100%
function _ZN26Deque_Fixture_equal_2_TestISt5dequeIiSaIiEEED2Ev called 2 returned 100% blocks executed 75%
function _ZN26Deque_Fixture_equal_2_TestI8my_dequeIiSaIiEEED0Ev called 2 returned 100% blocks executed 100%
function _ZN26Deque_Fixture_equal_2_TestI8my_dequeIiSaIiEEED2Ev called 2 returned 100% blocks executed 75%
function _ZN26Deque_Fixture_equal_2_TestISt5dequeIiSaIiEEEC2Ev called 2 returned 100% blocks executed 100%
function _ZN26Deque_Fixture_equal_2_TestI8my_dequeIiSaIiEEEC2Ev called 2 returned 100% blocks executed 100%
       18:  195:TYPED_TEST(Deque_Fixture, equal_2) {
call    0 returned 100%
call    1 returned 100%
call    2 returned 100%
branch  3 taken 0% (fallthrough)
branch  4 taken 100%
call    5 never executed
call    6 returned 100%
call    7 returned 100%
call    8 returned 100%
branch  9 taken 0% (fallthrough)
branch 10 taken 100%
call   11 never executed
call   12 returned 100%
call   13 returned 100%
call   14 returned 100%
        -:  196:    typedef typename TestFixture::deque_type deque_type;
        -:  197:
        4:  198:    deque_type x;
call    0 returned 100%
branch  1 taken 100% (fallthrough)
branch  2 taken 0% (throw)
call    3 returned 100%
call    4 returned 100%
branch  5 taken 100% (fallthrough)
branch  6 taken 0% (throw)
call    7 returned 100%
        4:  199:    x.push_back(11);
call    0 returned 100%
branch  1 taken 100% (fallthrough)
branch  2 taken 0% (throw)
call    3 returned 100%
branch  4 taken 100% (fallthrough)
branch  5 taken 0% (throw)
        4:  200:    x.push_back(12);
call    0 returned 100%
branch  1 taken 100% (fallthrough)
branch  2 taken 0% (throw)
call    3 returned 100%
branch  4 taken 100% (fallthrough)
branch  5 taken 0% (throw)
        4:  201:    x.push_back(13);
call    0 returned 100%
branch  1 taken 100% (fallthrough)
branch  2 taken 0% (throw)
call    3 returned 100%
branch  4 taken 100% (fallthrough)
branch  5 taken 0% (throw)
        4:  202:    x.push_back(14);
call    0 returned 100%
branch  1 taken 100% (fallthrough)
branch  2 taken 0% (throw)
call    3 returned 100%
branch  4 taken 100% (fallthrough)
branch  5 taken 0% (throw)
        4:  203:	x.push_back(15);
call    0 returned 100%
branch  1 taken 100% (fallthrough)
branch  2 taken 0% (throw)
call    3 returned 100%
branch  4 taken 100% (fallthrough)
branch  5 taken 0% (throw)
call    6 never executed
        -:  204:
        8:  205:	deque_type y;
call    0 returned 100%
branch  1 taken 100% (fallthrough)
branch  2 taken 0% (throw)
call    3 returned 100%
branch  4 taken 100%
branch  5 taken 0%
call    6 never executed
call    7 returned 100%
call    8 returned 100%
branch  9 taken 100% (fallthrough)
branch 10 taken 0% (throw)
call   11 returned 100%
call   12 returned 100%
branch 13 taken 100%
branch 14 taken 0%
call   15 never executed
        4:  206:    y.push_back(11);
call    0 returned 100%
branch  1 taken 100% (fallthrough)
branch  2 taken 0% (throw)
call    3 returned 100%
branch  4 taken 100% (fallthrough)
branch  5 taken 0% (throw)
        4:  207:    y.push_back(12);
call    0 returned 100%
branch  1 taken 100% (fallthrough)
branch  2 taken 0% (throw)
call    3 returned 100%
branch  4 taken 100% (fallthrough)
branch  5 taken 0% (throw)
        4:  208:    y.push_back(13);
call    0 returned 100%
branch  1 taken 100% (fallthrough)
branch  2 taken 0% (throw)
call    3 returned 100%
branch  4 taken 100% (fallthrough)
branch  5 taken 0% (throw)
        4:  209:    y.push_back(14);
call    0 returned 100%
branch  1 taken 100% (fallthrough)
branch  2 taken 0% (throw)
call    3 returned 100%
branch  4 taken 100% (fallthrough)
branch  5 taken 0% (throw)
        4:  210:	y.push_back(15);
call    0 returned 100%
branch  1 taken 100% (fallthrough)
branch  2 taken 0% (throw)
call    3 returned 100%
branch  4 taken 100% (fallthrough)
branch  5 taken 0% (throw)
        -:  211:
        8:  212:	ASSERT_TRUE(x==y);}
call    0 returned 100%
branch  1 taken 100% (fallthrough)
branch  2 taken 0% (throw)
call    3 returned 100%
branch  4 taken 100% (fallthrough)
branch  5 taken 0% (throw)
call    6 returned 100%
branch  7 taken 0% (fallthrough)
branch  8 taken 100%
call    9 never executed
branch 10 never executed
branch 11 never executed
call   12 never executed
branch 13 never executed
branch 14 never executed
call   15 never executed
call   16 never executed
branch 17 never executed
branch 18 never executed
call   19 never executed
branch 20 never executed
branch 21 never executed
call   22 never executed
call   23 never executed
call   24 never executed
call   25 returned 100%
branch 26 taken 100%
branch 27 taken 0%
call   28 returned 100%
branch 29 taken 100%
branch 30 taken 0%
call   31 never executed
call   32 never executed
call   33 never executed
call   34 never executed
call   35 never executed
call   36 returned 100%
branch 37 taken 100% (fallthrough)
branch 38 taken 0% (throw)
call   39 returned 100%
branch 40 taken 100% (fallthrough)
branch 41 taken 0% (throw)
call   42 returned 100%
branch 43 taken 0% (fallthrough)
branch 44 taken 100%
call   45 never executed
branch 46 never executed
branch 47 never executed
call   48 never executed
branch 49 never executed
branch 50 never executed
call   51 never executed
call   52 never executed
branch 53 never executed
branch 54 never executed
call   55 never executed
branch 56 never executed
branch 57 never executed
call   58 never executed
call   59 never executed
call   60 never executed
call   61 returned 100%
branch 62 taken 100%
branch 63 taken 0%
call   64 returned 100%
branch 65 taken 100%
branch 66 taken 0%
call   67 never executed
call   68 never executed
call   69 never executed
call   70 never executed
call   71 never executed
call   72 never executed
        -:  213:
function _ZN26Deque_Fixture_equal_3_TestISt5dequeIiSaIiEEE8TestBodyEv called 2 returned 100% blocks executed 47%
function _ZN26Deque_Fixture_equal_3_TestI8my_dequeIiSaIiEEE8TestBodyEv called 2 returned 100% blocks executed 47%
function _ZN26Deque_Fixture_equal_3_TestISt5dequeIiSaIiEEED0Ev called 2 returned 100% blocks executed 100%
function _ZN26Deque_Fixture_equal_3_TestISt5dequeIiSaIiEEED2Ev called 2 returned 100% blocks executed 75%
function _ZN26Deque_Fixture_equal_3_TestI8my_dequeIiSaIiEEED0Ev called 2 returned 100% blocks executed 100%
function _ZN26Deque_Fixture_equal_3_TestI8my_dequeIiSaIiEEED2Ev called 2 returned 100% blocks executed 75%
function _ZN26Deque_Fixture_equal_3_TestISt5dequeIiSaIiEEEC2Ev called 2 returned 100% blocks executed 100%
function _ZN26Deque_Fixture_equal_3_TestI8my_dequeIiSaIiEEEC2Ev called 2 returned 100% blocks executed 100%
       18:  214:TYPED_TEST(Deque_Fixture, equal_3) {
call    0 returned 100%
call    1 returned 100%
call    2 returned 100%
branch  3 taken 0% (fallthrough)
branch  4 taken 100%
call    5 never executed
call    6 returned 100%
call    7 returned 100%
call    8 returned 100%
branch  9 taken 0% (fallthrough)
branch 10 taken 100%
call   11 never executed
call   12 returned 100%
call   13 returned 100%
call   14 returned 100%
        -:  215:    typedef typename TestFixture::deque_type deque_type;
        -:  216:
        4:  217:    deque_type x;
call    0 returned 100%
branch  1 taken 100% (fallthrough)
branch  2 taken 0% (throw)
call    3 returned 100%
call    4 returned 100%
branch  5 taken 100% (fallthrough)
branch  6 taken 0% (throw)
call    7 returned 100%
        4:  218:    x.push_back(1);
call    0 returned 100%
branch  1 taken 100% (fallthrough)
branch  2 taken 0% (throw)
call    3 returned 100%
branch  4 taken 100% (fallthrough)
branch  5 taken 0% (throw)
        4:  219:    x.push_back(2);
call    0 returned 100%
branch  1 taken 100% (fallthrough)
branch  2 taken 0% (throw)
call    3 returned 100%
branch  4 taken 100% (fallthrough)
branch  5 taken 0% (throw)
        4:  220:    x.push_back(3);
call    0 returned 100%
branch  1 taken 100% (fallthrough)
branch  2 taken 0% (throw)
call    3 returned 100%
branch  4 taken 100% (fallthrough)
branch  5 taken 0% (throw)
        4:  221:    x.push_back(4);
call    0 returned 100%
branch  1 taken 100% (fallthrough)
branch  2 taken 0% (throw)
call    3 returned 100%
branch  4 taken 100% (fallthrough)
branch  5 taken 0% (throw)
        4:  222:	x.push_back(5);
call    0 returned 100%
branch  1 taken 100% (fallthrough)
branch  2 taken 0% (throw)
call    3 returned 100%
branch  4 taken 100% (fallthrough)
branch  5 taken 0% (throw)
call    6 never executed
        -:  223:
        8:  224:	deque_type y;
call    0 returned 100%
branch  1 taken 100% (fallthrough)
branch  2 taken 0% (throw)
call    3 returned 100%
branch  4 taken 100%
branch  5 taken 0%
call    6 never executed
call    7 returned 100%
call    8 returned 100%
branch  9 taken 100% (fallthrough)
branch 10 taken 0% (throw)
call   11 returned 100%
call   12 returned 100%
branch 13 taken 100%
branch 14 taken 0%
call   15 never executed
        4:  225:    y.push_back(1);
call    0 returned 100%
branch  1 taken 100% (fallthrough)
branch  2 taken 0% (throw)
call    3 returned 100%
branch  4 taken 100% (fallthrough)
branch  5 taken 0% (throw)
        4:  226:    y.push_back(2);
call    0 returned 100%
branch  1 taken 100% (fallthrough)
branch  2 taken 0% (throw)
call    3 returned 100%
branch  4 taken 100% (fallthrough)
branch  5 taken 0% (throw)
        4:  227:    y.push_back(4);
call    0 returned 100%
branch  1 taken 100% (fallthrough)
branch  2 taken 0% (throw)
call    3 returned 100%
branch  4 taken 100% (fallthrough)
branch  5 taken 0% (throw)
        4:  228:	y.push_back(5);
call    0 returned 100%
branch  1 taken 100% (fallthrough)
branch  2 taken 0% (throw)
call    3 returned 100%
branch  4 taken 100% (fallthrough)
branch  5 taken 0% (throw)
        -:  229:
        8:  230:	ASSERT_FALSE(x==y);}
call    0 returned 100%
branch  1 taken 100% (fallthrough)
branch  2 taken 0% (throw)
call    3 returned 100%
branch  4 taken 100% (fallthrough)
branch  5 taken 0% (throw)
call    6 returned 100%
branch  7 taken 0% (fallthrough)
branch  8 taken 100%
call    9 never executed
branch 10 never executed
branch 11 never executed
call   12 never executed
branch 13 never executed
branch 14 never executed
[...]
call    1 returned 100%
branch  2 taken 100% (fallthrough)
branch  3 taken 0% (throw)
        4: 1895:    z+=0;
call    0 returned 100%
branch  1 taken 100% (fallthrough)
branch  2 taken 0% (throw)
call    3 returned 100%
branch  4 taken 100% (fallthrough)
branch  5 taken 0% (throw)
        4: 1896:    ASSERT_TRUE(y==z);
call    0 returned 100%
call    1 returned 100%
branch  2 taken 100% (fallthrough)
branch  3 taken 0% (throw)
call    4 returned 100%
branch  5 taken 0% (fallthrough)
branch  6 taken 100%
call    7 never executed
branch  8 never executed
branch  9 never executed
call   10 never executed
branch 11 never executed
branch 12 never executed
call   13 never executed
call   14 never executed
branch 15 never executed
branch 16 never executed
call   17 never executed
branch 18 never executed
branch 19 never executed
call   20 never executed
call   21 never executed
call   22 never executed
call   23 returned 100%
branch 24 taken 100%
branch 25 taken 0%
call   26 returned 100%
branch 27 taken 100%
branch 28 taken 0%
call   29 never executed
call   30 never executed
call   31 never executed
call   32 never executed
call   33 never executed
call   34 returned 100%
call   35 returned 100%
branch 36 taken 100% (fallthrough)
branch 37 taken 0% (throw)
call   38 returned 100%
branch 39 taken 0% (fallthrough)
branch 40 taken 100%
call   41 never executed
branch 42 never executed
branch 43 never executed
call   44 never executed
branch 45 never executed
branch 46 never executed
call   47 never executed
call   48 never executed
branch 49 never executed
branch 50 never executed
call   51 never executed
branch 52 never executed
branch 53 never executed
call   54 never executed
call   55 never executed
call   56 never executed
call   57 returned 100%
branch 58 taken 100%
branch 59 taken 0%
call   60 returned 100%
branch 61 taken 100%
branch 62 taken 0%
call   63 never executed
call   64 never executed
call   65 never executed
call   66 never executed
call   67 never executed
        -: 1897:    
        -: 1898:}
        -: 1899:
function _ZN36Deque_Fixture_const_it_pluseq_3_TestISt5dequeIiSaIiEEE8TestBodyEv called 2 returned 100% blocks executed 46%
function _ZN36Deque_Fixture_const_it_pluseq_3_TestI8my_dequeIiSaIiEEE8TestBodyEv called 2 returned 100% blocks executed 47%
function _ZN36Deque_Fixture_const_it_pluseq_3_TestISt5dequeIiSaIiEEED0Ev called 2 returned 100% blocks executed 100%
function _ZN36Deque_Fixture_const_it_pluseq_3_TestISt5dequeIiSaIiEEED2Ev called 2 returned 100% blocks executed 75%
function _ZN36Deque_Fixture_const_it_pluseq_3_TestI8my_dequeIiSaIiEEED0Ev called 2 returned 100% blocks executed 100%
function _ZN36Deque_Fixture_const_it_pluseq_3_TestI8my_dequeIiSaIiEEED2Ev called 2 returned 100% blocks executed 75%
function _ZN36Deque_Fixture_const_it_pluseq_3_TestISt5dequeIiSaIiEEEC2Ev called 2 returned 100% blocks executed 100%
function _ZN36Deque_Fixture_const_it_pluseq_3_TestI8my_dequeIiSaIiEEEC2Ev called 2 returned 100% blocks executed 100%
       18: 1900:TYPED_TEST(Deque_Fixture, const_it_pluseq_3) {
call    0 returned 100%
call    1 returned 100%
call    2 returned 100%
branch  3 taken 0% (fallthrough)
branch  4 taken 100%
call    5 never executed
call    6 returned 100%
call    7 returned 100%
call    8 returned 100%
branch  9 taken 0% (fallthrough)
branch 10 taken 100%
call   11 never executed
call   12 returned 100%
call   13 returned 100%
call   14 returned 100%
        -: 1901:    typedef typename TestFixture::deque_type deque_type;
        -: 1902:
        4: 1903:    const deque_type x(10,-3);
call    0 returned 100%
call    1 returned 100%
branch  2 taken 100% (fallthrough)
branch  3 taken 0% (throw)
call    4 returned 100%
call    5 never executed
call    6 returned 100%
call    7 returned 100%
branch  8 taken 100% (fallthrough)
branch  9 taken 0% (throw)
call   10 returned 100%
call   11 never executed
        -: 1904:
        -: 1905:
        4: 1906:    typename deque_type::const_iterator y = x.begin();
call    0 returned 100%
call    1 returned 100%
branch  2 taken 100% (fallthrough)
branch  3 taken 0% (throw)
        4: 1907:    typename deque_type::const_iterator z = x.begin()+2;
call    0 returned 100%
call    1 returned 100%
branch  2 taken 100% (fallthrough)
branch  3 taken 0% (throw)
call    4 returned 100%
branch  5 taken 100% (fallthrough)
branch  6 taken 0% (throw)
call    7 returned 100%
branch  8 taken 100% (fallthrough)
branch  9 taken 0% (throw)
        4: 1908:    z+=-2;
call    0 returned 100%
branch  1 taken 100% (fallthrough)
branch  2 taken 0% (throw)
call    3 returned 100%
branch  4 taken 100% (fallthrough)
branch  5 taken 0% (throw)
        4: 1909:    ASSERT_TRUE(y==z);
call    0 returned 100%
call    1 returned 100%
branch  2 taken 100% (fallthrough)
branch  3 taken 0% (throw)
call    4 returned 100%
branch  5 taken 0% (fallthrough)
branch  6 taken 100%
call    7 never executed
branch  8 never executed
branch  9 never executed
call   10 never executed
branch 11 never executed
branch 12 never executed
call   13 never executed
call   14 never executed
branch 15 never executed
branch 16 never executed
call   17 never executed
branch 18 never executed
branch 19 never executed
call   20 never executed
call   21 never executed
call   22 never executed
call   23 returned 100%
branch 24 taken 100%
branch 25 taken 0%
call   26 returned 100%
branch 27 taken 100%
branch 28 taken 0%
call   29 never executed
call   30 never executed
call   31 never executed
call   32 never executed
call   33 never executed
call   34 returned 100%
call   35 returned 100%
branch 36 taken 100% (fallthrough)
branch 37 taken 0% (throw)
call   38 returned 100%
branch 39 taken 0% (fallthrough)
branch 40 taken 100%
call   41 never executed
branch 42 never executed
branch 43 never executed
call   44 never executed
branch 45 never executed
branch 46 never executed
call   47 never executed
call   48 never executed
branch 49 never executed
branch 50 never executed
call   51 never executed
branch 52 never executed
branch 53 never executed
call   54 never executed
call   55 never executed
call   56 never executed
call   57 returned 100%
branch 58 taken 100%
branch 59 taken 0%
call   60 returned 100%
branch 61 taken 100%
branch 62 taken 0%
call   63 never executed
call   64 never executed
call   65 never executed
call   66 never executed
call   67 never executed
        -: 1910:    
        -: 1911:}
        -: 1912:
        -: 1913:
        -: 1914:// -------------
        -: 1915:// -=
        -: 1916:// -------------
function _ZN37Deque_Fixture_const_it_minuseq_1_TestISt5dequeIiSaIiEEE8TestBodyEv called 2 returned 100% blocks executed 46%
function _ZN37Deque_Fixture_const_it_minuseq_1_TestI8my_dequeIiSaIiEEE8TestBodyEv called 2 returned 100% blocks executed 47%
function _ZN37Deque_Fixture_const_it_minuseq_1_TestISt5dequeIiSaIiEEED0Ev called 2 returned 100% blocks executed 100%
function _ZN37Deque_Fixture_const_it_minuseq_1_TestISt5dequeIiSaIiEEED2Ev called 2 returned 100% blocks executed 75%
function _ZN37Deque_Fixture_const_it_minuseq_1_TestI8my_dequeIiSaIiEEED0Ev called 2 returned 100% blocks executed 100%
function _ZN37Deque_Fixture_const_it_minuseq_1_TestI8my_dequeIiSaIiEEED2Ev called 2 returned 100% blocks executed 75%
function _ZN37Deque_Fixture_const_it_minuseq_1_TestISt5dequeIiSaIiEEEC2Ev called 2 returned 100% blocks executed 100%
function _ZN37Deque_Fixture_const_it_minuseq_1_TestI8my_dequeIiSaIiEEEC2Ev called 2 returned 100% blocks executed 100%
       18: 1917:TYPED_TEST(Deque_Fixture, const_it_minuseq_1) {
call    0 returned 100%
call    1 returned 100%
call    2 returned 100%
branch  3 taken 0% (fallthrough)
branch  4 taken 100%
call    5 never executed
call    6 returned 100%
call    7 returned 100%
call    8 returned 100%
branch  9 taken 0% (fallthrough)
branch 10 taken 100%
call   11 never executed
call   12 returned 100%
call   13 returned 100%
call   14 returned 100%
        -: 1918:    typedef typename TestFixture::deque_type deque_type;
        -: 1919:
        4: 1920:    const deque_type x(100,20);
call    0 returned 100%
call    1 returned 100%
branch  2 taken 100% (fallthrough)
branch  3 taken 0% (throw)
call    4 returned 100%
call    5 never executed
call    6 returned 100%
call    7 returned 100%
branch  8 taken 100% (fallthrough)
branch  9 taken 0% (throw)
call   10 returned 100%
call   11 never executed
        -: 1921:
        -: 1922:
        4: 1923:    typename deque_type::const_iterator y = x.begin()+3;
call    0 returned 100%
call    1 returned 100%
branch  2 taken 100% (fallthrough)
branch  3 taken 0% (throw)
call    4 returned 100%
branch  5 taken 100% (fallthrough)
branch  6 taken 0% (throw)
call    7 returned 100%
branch  8 taken 100% (fallthrough)
branch  9 taken 0% (throw)
        4: 1924:    typename deque_type::const_iterator z = x.begin();
call    0 returned 100%
call    1 returned 100%
branch  2 taken 100% (fallthrough)
branch  3 taken 0% (throw)
        4: 1925:    y-=3;
call    0 returned 100%
branch  1 taken 100% (fallthrough)
branch  2 taken 0% (throw)
call    3 returned 100%
branch  4 taken 100% (fallthrough)
branch  5 taken 0% (throw)
        4: 1926:    ASSERT_TRUE(y==z);
call    0 returned 100%
call    1 returned 100%
branch  2 taken 100% (fallthrough)
branch  3 taken 0% (throw)
call    4 returned 100%
branch  5 taken 0% (fallthrough)
branch  6 taken 100%
call    7 never executed
branch  8 never executed
branch  9 never executed
call   10 never executed
branch 11 never executed
branch 12 never executed
call   13 never executed
call   14 never executed
branch 15 never executed
branch 16 never executed
call   17 never executed
branch 18 never executed
branch 19 never executed
call   20 never executed
call   21 never executed
call   22 never executed
call   23 returned 100%
branch 24 taken 100%
branch 25 taken 0%
call   26 returned 100%
branch 27 taken 100%
branch 28 taken 0%
call   29 never executed
call   30 never executed
call   31 never executed
call   32 never executed
call   33 never executed
call   34 returned 100%
call   35 returned 100%
branch 36 taken 100% (fallthrough)
branch 37 taken 0% (throw)
call   38 returned 100%
branch 39 taken 0% (fallthrough)
branch 40 taken 100%
call   41 never executed
branch 42 never executed
branch 43 never executed
call   44 never executed
branch 45 never executed
branch 46 never executed
call   47 never executed
call   48 never executed
branch 49 never executed
branch 50 never executed
call   51 never executed
branch 52 never executed
branch 53 never executed
call   54 never executed
call   55 never executed
call   56 never executed
call   57 returned 100%
branch 58 taken 100%
branch 59 taken 0%
call   60 returned 100%
branch 61 taken 100%
branch 62 taken 0%
call   63 never executed
call   64 never executed
call   65 never executed
call   66 never executed
call   67 never executed
        -: 1927:    
        -: 1928:}
        -: 1929:
function _ZN37Deque_Fixture_const_it_minuseq_2_TestISt5dequeIiSaIiEEE8TestBodyEv called 2 returned 100% blocks executed 46%
function _ZN37Deque_Fixture_const_it_minuseq_2_TestI8my_dequeIiSaIiEEE8TestBodyEv called 2 returned 100% blocks executed 46%
function _ZN37Deque_Fixture_const_it_minuseq_2_TestISt5dequeIiSaIiEEED0Ev called 2 returned 100% blocks executed 100%
function _ZN37Deque_Fixture_const_it_minuseq_2_TestISt5dequeIiSaIiEEED2Ev called 2 returned 100% blocks executed 75%
function _ZN37Deque_Fixture_const_it_minuseq_2_TestI8my_dequeIiSaIiEEED0Ev called 2 returned 100% blocks executed 100%
function _ZN37Deque_Fixture_const_it_minuseq_2_TestI8my_dequeIiSaIiEEED2Ev called 2 returned 100% blocks executed 75%
function _ZN37Deque_Fixture_const_it_minuseq_2_TestISt5dequeIiSaIiEEEC2Ev called 2 returned 100% blocks executed 100%
function _ZN37Deque_Fixture_const_it_minuseq_2_TestI8my_dequeIiSaIiEEEC2Ev called 2 returned 100% blocks executed 100%
       18: 1930:TYPED_TEST(Deque_Fixture, const_it_minuseq_2) {
call    0 returned 100%
call    1 returned 100%
call    2 returned 100%
branch  3 taken 0% (fallthrough)
branch  4 taken 100%
call    5 never executed
call    6 returned 100%
call    7 returned 100%
call    8 returned 100%
branch  9 taken 0% (fallthrough)
branch 10 taken 100%
call   11 never executed
call   12 returned 100%
call   13 returned 100%
call   14 returned 100%
        -: 1931:    typedef typename TestFixture::deque_type deque_type;
        -: 1932:
        4: 1933:    const deque_type x(10,3002);
call    0 returned 100%
call    1 returned 100%
branch  2 taken 100% (fallthrough)
branch  3 taken 0% (throw)
call    4 returned 100%
call    5 never executed
call    6 returned 100%
call    7 returned 100%
branch  8 taken 100% (fallthrough)
branch  9 taken 0% (throw)
call   10 returned 100%
call   11 never executed
        -: 1934:
        -: 1935:
        4: 1936:    typename deque_type::const_iterator y = x.begin();
call    0 returned 100%
call    1 returned 100%
branch  2 taken 100% (fallthrough)
branch  3 taken 0% (throw)
        4: 1937:    typename deque_type::const_iterator z = x.begin();
call    0 returned 100%
call    1 returned 100%
branch  2 taken 100% (fallthrough)
branch  3 taken 0% (throw)
        4: 1938:    z-=0;
call    0 returned 100%
branch  1 taken 100% (fallthrough)
branch  2 taken 0% (throw)
call    3 returned 100%
branch  4 taken 100% (fallthrough)
branch  5 taken 0% (throw)
        4: 1939:    ASSERT_TRUE(y==z);
call    0 returned 100%
call    1 returned 100%
branch  2 taken 100% (fallthrough)
branch  3 taken 0% (throw)
call    4 returned 100%
branch  5 taken 0% (fallthrough)
branch  6 taken 100%
call    7 never executed
branch  8 never executed
branch  9 never executed
call   10 never executed
branch 11 never executed
branch 12 never executed
call   13 never executed
call   14 never executed
branch 15 never executed
branch 16 never executed
call   17 never executed
branch 18 never executed
branch 19 never executed
call   20 never executed
call   21 never executed
call   22 never executed
call   23 returned 100%
branch 24 taken 100%
branch 25 taken 0%
call   26 returned 100%
branch 27 taken 100%
branch 28 taken 0%
call   29 never executed
call   30 never executed
call   31 never executed
call   32 never executed
call   33 never executed
call   34 returned 100%
call   35 returned 100%
branch 36 taken 100% (fallthrough)
branch 37 taken 0% (throw)
call   38 returned 100%
branch 39 taken 0% (fallthrough)
branch 40 taken 100%
call   41 never executed
branch 42 never executed
branch 43 never executed
call   44 never executed
branch 45 never executed
branch 46 never executed
call   47 never executed
call   48 never executed
branch 49 never executed
branch 50 never executed
call   51 never executed
branch 52 never executed
branch 53 never executed
call   54 never executed
call   55 never executed
call   56 never executed
call   57 returned 100%
branch 58 taken 100%
branch 59 taken 0%
call   60 returned 100%
branch 61 taken 100%
branch 62 taken 0%
call   63 never executed
call   64 never executed
call   65 never executed
call   66 never executed
call   67 never executed
        -: 1940:    
        -: 1941:}
        -: 1942:
function _ZN37Deque_Fixture_const_it_minuseq_3_TestISt5dequeIiSaIiEEE8TestBodyEv called 2 returned 100% blocks executed 46%
function _ZN37Deque_Fixture_const_it_minuseq_3_TestI8my_dequeIiSaIiEEE8TestBodyEv called 2 returned 100% blocks executed 47%
function _ZN37Deque_Fixture_const_it_minuseq_3_TestISt5dequeIiSaIiEEED0Ev called 2 returned 100% blocks executed 100%
function _ZN37Deque_Fixture_const_it_minuseq_3_TestISt5dequeIiSaIiEEED2Ev called 2 returned 100% blocks executed 75%
function _ZN37Deque_Fixture_const_it_minuseq_3_TestI8my_dequeIiSaIiEEED0Ev called 2 returned 100% blocks executed 100%
function _ZN37Deque_Fixture_const_it_minuseq_3_TestI8my_dequeIiSaIiEEED2Ev called 2 returned 100% blocks executed 75%
function _ZN37Deque_Fixture_const_it_minuseq_3_TestISt5dequeIiSaIiEEEC2Ev called 2 returned 100% blocks executed 100%
function _ZN37Deque_Fixture_const_it_minuseq_3_TestI8my_dequeIiSaIiEEEC2Ev called 2 returned 100% blocks executed 100%
       18: 1943:TYPED_TEST(Deque_Fixture, const_it_minuseq_3) {
call    0 returned 100%
call    1 returned 100%
call    2 returned 100%
branch  3 taken 0% (fallthrough)
branch  4 taken 100%
call    5 never executed
call    6 returned 100%
call    7 returned 100%
call    8 returned 100%
branch  9 taken 0% (fallthrough)
branch 10 taken 100%
call   11 never executed
call   12 returned 100%
call   13 returned 100%
call   14 returned 100%
        -: 1944:    typedef typename TestFixture::deque_type deque_type;
        -: 1945:
        4: 1946:    const deque_type x(10,-3);
call    0 returned 100%
call    1 returned 100%
branch  2 taken 100% (fallthrough)
branch  3 taken 0% (throw)
call    4 returned 100%
call    5 never executed
call    6 returned 100%
call    7 returned 100%
branch  8 taken 100% (fallthrough)
branch  9 taken 0% (throw)
call   10 returned 100%
call   11 never executed
        -: 1947:
        -: 1948:
        4: 1949:    typename deque_type::const_iterator y = x.begin()+2;
call    0 returned 100%
call    1 returned 100%
branch  2 taken 100% (fallthrough)
branch  3 taken 0% (throw)
call    4 returned 100%
branch  5 taken 100% (fallthrough)
branch  6 taken 0% (throw)
call    7 returned 100%
branch  8 taken 100% (fallthrough)
branch  9 taken 0% (throw)
        4: 1950:    typename deque_type::const_iterator z = x.begin();
call    0 returned 100%
call    1 returned 100%
branch  2 taken 100% (fallthrough)
branch  3 taken 0% (throw)
        4: 1951:    z -= -2;
call    0 returned 100%
branch  1 taken 100% (fallthrough)
branch  2 taken 0% (throw)
call    3 returned 100%
branch  4 taken 100% (fallthrough)
branch  5 taken 0% (throw)
        4: 1952:    ASSERT_TRUE(y==z);
call    0 returned 100%
call    1 returned 100%
branch  2 taken 100% (fallthrough)
branch  3 taken 0% (throw)
call    4 returned 100%
branch  5 taken 0% (fallthrough)
branch  6 taken 100%
call    7 never executed
branch  8 never executed
branch  9 never executed
call   10 never executed
branch 11 never executed
branch 12 never executed
call   13 never executed
call   14 never executed
branch 15 never executed
branch 16 never executed
call   17 never executed
branch 18 never executed
branch 19 never executed
call   20 never executed
call   21 never executed
call   22 never executed
call   23 returned 100%
branch 24 taken 100%
branch 25 taken 0%
call   26 returned 100%
branch 27 taken 100%
branch 28 taken 0%
call   29 never executed
call   30 never executed
call   31 never executed
call   32 never executed
call   33 never executed
call   34 returned 100%
call   35 returned 100%
branch 36 taken 100% (fallthrough)
branch 37 taken 0% (throw)
call   38 returned 100%
branch 39 taken 0% (fallthrough)
branch 40 taken 100%
call   41 never executed
branch 42 never executed
branch 43 never executed
call   44 never executed
branch 45 never executed
branch 46 never executed
call   47 never executed
call   48 never executed
branch 49 never executed
branch 50 never executed
call   51 never executed
branch 52 never executed
branch 53 never executed
call   54 never executed
call   55 never executed
call   56 never executed
call   57 returned 100%
branch 58 taken 100%
branch 59 taken 0%
call   60 returned 100%
branch 61 taken 100%
branch 62 taken 0%
call   63 never executed
call   64 never executed
call   65 never executed
call   66 never executed
call   67 never executed
        -: 1953:    
function _GLOBAL__sub_I_gtest_Deque_Fixture_test_5_registered_ called 2 returned 100% blocks executed 100%
function _Z41__static_initialization_and_destruction_0ii called 2 returned 100% blocks executed 100%
        6: 1954:}
call    0 returned 100%
branch  1 taken 100% (fallthrough)
branch  2 taken 0%
branch  3 taken 100% (fallthrough)
branch  4 taken 0%
        -: 1955:
        -: 1956:
        -: 1957:
        -: 1958:
        -: 1959:
