        -:    0:Source:TestDeque.c++
        -:    0:Graph:TestDeque.gcno
        -:    0:Data:TestDeque.gcda
        -:    0:Runs:2
        -:    0:Programs:1
        -:    1:// --------------------------------
        -:    2:// projects/c++/deque/TestDeque.c++
        -:    3:// Copyright (C) 2015
        -:    4:// Glenn P. Downing
        -:    5:// --------------------------------
        -:    6:
        -:    7:// http://www.cplusplus.com/reference/deque/deque/
        -:    8:
        -:    9:// --------
        -:   10:// includes
        -:   11:// --------
        -:   12:
        -:   13:#include <deque>     // deque
        -:   14:#include <stdexcept> // invalid_argument, out_of_range
        -:   15:
        -:   16:#include "gtest/gtest.h"
        -:   17:
        -:   18:#include "Deque.h"
        -:   19:
        -:   20:// -----
        -:   21:// Using
        -:   22:// -----
        -:   23:
        -:   24:using namespace std;
        -:   25:
        -:   26:using testing::Test;
        -:   27:using testing::Types;
        -:   28:
        -:   29:// -----
        -:   30:// Types
        -:   31:// -----
        -:   32:
        -:   33:template <typename T>
function _ZN13Deque_FixtureISt5dequeIiSaIiEEED0Ev called 0 returned 0% blocks executed 0%
function _ZN13Deque_FixtureISt5dequeIiSaIiEEED2Ev called 226 returned 100% blocks executed 75%
function _ZN13Deque_FixtureISt5dequeIiSaIiEEEC2Ev called 226 returned 100% blocks executed 100%
function _ZN13Deque_FixtureI8my_dequeIiSaIiEEED0Ev called 0 returned 0% blocks executed 0%
function _ZN13Deque_FixtureI8my_dequeIiSaIiEEED2Ev called 226 returned 100% blocks executed 75%
function _ZN13Deque_FixtureI8my_dequeIiSaIiEEEC2Ev called 226 returned 100% blocks executed 100%
      904:   34:struct Deque_Fixture : Test {
call    0 never executed
call    1 never executed
call    2 returned 100%
branch  3 taken 0% (fallthrough)
branch  4 taken 100%
call    5 never executed
call    6 returned 100%
call    7 never executed
call    8 never executed
call    9 returned 100%
branch 10 taken 0% (fallthrough)
branch 11 taken 100%
call   12 never executed
call   13 returned 100%
        -:   35:    typedef T                               deque_type;
        -:   36:    typedef typename deque_type::value_type value_type;
        -:   37:    typedef typename deque_type::size_type size_type;};
        -:   38:
        -:   39:typedef Types<
        -:   40:               deque<int>,
        -:   41:            my_deque<int>>
        -:   42:        deque_types;
        -:   43:
        -:   44:TYPED_TEST_CASE(Deque_Fixture, deque_types);
        -:   45:
        -:   46:// -----
        -:   47:// Tests
        -:   48:// -----
        -:   49:
        -:   50:// TYPED_TEST(Deque_Fixture, test_5) {
        -:   51://     typedef typename TestFixture::deque_type deque_type;
        -:   52:
        -:   53://     deque_type x(10);
        -:   54://     ASSERT_EQ(x.size(),     10);
        -:   55:
        -:   56://     x.resize(5);
        -:   57://     ASSERT_EQ(x.size(),      5);
        -:   58:
        -:   59://     x.resize(8);
        -:   60://     ASSERT_EQ(x.size(),      8);
        -:   61:
        -:   62://     x.resize(15);
        -:   63://     ASSERT_EQ(x.size(),     15);
        -:   64:
        -:   65://     x.resize(50);
        -:   66://     ASSERT_EQ(x.size(),     50);}
        -:   67:
        -:   68:// TYPED_TEST(Deque_Fixture, test_6) {
        -:   69://     typedef typename TestFixture::deque_type deque_type;
        -:   70:
        -:   71://     deque_type x(10);
        -:   72://     x[0] = 2;
        -:   73://     x[1] = 3;
        -:   74://     x[2] = 4;
        -:   75://     ASSERT_EQ(x.at(1), 3);
        -:   76:// //  ASSERT_EQ(x[10], 3);
        -:   77://     try {
        -:   78://         ASSERT_EQ(x.at(10), 3);
        -:   79://         ASSERT_TRUE(false);}
        -:   80://     catch (const out_of_range&)
        -:   81://         {}}
        -:   82:
        -:   83:// TYPED_TEST(Deque_Fixture, test_7) {
        -:   84://     typedef typename TestFixture::deque_type deque_type;
        -:   85:
        -:   86://     deque_type x;
        -:   87://     x.push_back(2);
        -:   88://     x.push_back(3);
        -:   89://     x.push_back(4);
        -:   90://     x.push_back(2);
        -:   91://     x.push_back(3);
        -:   92://     ASSERT_EQ(x.size(),     5);
        -:   93:
        -:   94://     x.pop_back();
        -:   95://     ASSERT_EQ(x.size(),     4);}
        -:   96:
        -:   97:// TYPED_TEST(Deque_Fixture, test_8) {
        -:   98://     typedef typename TestFixture::deque_type deque_type;
        -:   99:
        -:  100://     deque_type x;
        -:  101://     x.push_back(2);
        -:  102://     x.push_back(3);
        -:  103://     x.push_back(4);
        -:  104://     ASSERT_EQ(x.size(),     3);
        -:  105:
        -:  106://     const deque_type y(x);
        -:  107://     ASSERT_EQ(y.size(),     3);
        -:  108:
        -:  109://     ASSERT_EQ(x, y);}
        -:  110:
        -:  111:// TYPED_TEST(Deque_Fixture, test_9) {
        -:  112://     typedef typename TestFixture::deque_type deque_type;
        -:  113:
        -:  114://     const deque_type x(10, 2);
        -:  115://     deque_type       y(20, 3);
        -:  116://     ASSERT_EQ(y.size(),     20);
        -:  117:
        -:  118://     ASSERT_TRUE(x != y);
        -:  119://     y = x;
        -:  120://     ASSERT_EQ(y.size(),     10);
        -:  121:
        -:  122://     ASSERT_EQ(x, y);}
        -:  123:
        -:  124:// TYPED_TEST(Deque_Fixture, test_10) {
        -:  125://     typedef typename TestFixture::deque_type deque_type;
        -:  126:
        -:  127://     const deque_type x(15, 2);
        -:  128://     deque_type       y(10, 3);
        -:  129://     ASSERT_EQ(y.size(),     10);
        -:  130:
        -:  131://     y.push_back(3);
        -:  132://     ASSERT_EQ(y.size(),     11);
        -:  133:
        -:  134://     ASSERT_TRUE(x != y);
        -:  135://     y = x;
        -:  136://     ASSERT_EQ(y.size(),     15);
        -:  137:
        -:  138://     ASSERT_EQ(x, y);}
        -:  139:
        -:  140:// TYPED_TEST(Deque_Fixture, test_11) {
        -:  141://     typedef typename TestFixture::deque_type deque_type;
        -:  142:
        -:  143://     const deque_type x(20, 2);
        -:  144://     deque_type       y(10, 3);
        -:  145://     ASSERT_EQ(y.size(),     10);
        -:  146:
        -:  147://     ASSERT_TRUE(x != y);
        -:  148://     y = x;
        -:  149://     ASSERT_EQ(y.size(),     20);
        -:  150:
        -:  151://     ASSERT_EQ(x, y);}
        -:  152:
        -:  153:
        -:  154:// -----------------------------
        -:  155:// my_deque
        -:  156:// -----------------------------
        -:  157:
        -:  158:// ----------
        -:  159:// capacity
        -:  160:// ----------
        -:  161:
        -:  162:// TEST(Deque_Fixture, capacity){
        -:  163://     my_deque<int> x(10, 2);
        -:  164://     ASSERT_EQ(x.capacity(), 10);
        -:  165:// }
        -:  166:
        -:  167:
        -:  168:// ------------
        -:  169:// operator ==
        -:  170:// ------------
        -:  171:
        -:  172:
function _ZN26Deque_Fixture_equal_1_TestISt5dequeIiSaIiEEE8TestBodyEv called 2 returned 100% blocks executed 45%
function _ZN26Deque_Fixture_equal_1_TestI8my_dequeIiSaIiEEE8TestBodyEv called 2 returned 100% blocks executed 44%
function _ZN26Deque_Fixture_equal_1_TestISt5dequeIiSaIiEEED0Ev called 2 returned 100% blocks executed 100%
function _ZN26Deque_Fixture_equal_1_TestISt5dequeIiSaIiEEED2Ev called 2 returned 100% blocks executed 75%
function _ZN26Deque_Fixture_equal_1_TestI8my_dequeIiSaIiEEED0Ev called 2 returned 100% blocks executed 100%
function _ZN26Deque_Fixture_equal_1_TestI8my_dequeIiSaIiEEED2Ev called 2 returned 100% blocks executed 75%
function _ZN26Deque_Fixture_equal_1_TestISt5dequeIiSaIiEEEC2Ev called 2 returned 100% blocks executed 100%
function _ZN26Deque_Fixture_equal_1_TestI8my_dequeIiSaIiEEEC2Ev called 2 returned 100% blocks executed 100%
       18:  173:TYPED_TEST(Deque_Fixture, equal_1) {
call    0 returned 100%
call    1 returned 100%
call    2 returned 100%
branch  3 taken 0% (fallthrough)
branch  4 taken 100%
call    5 never executed
call    6 returned 100%
call    7 returned 100%
call    8 returned 100%
branch  9 taken 0% (fallthrough)
branch 10 taken 100%
call   11 never executed
call   12 returned 100%
call   13 returned 100%
call   14 returned 100%
        -:  174:    typedef typename TestFixture::deque_type deque_type;
        -:  175:
        4:  176:    deque_type x(10);
call    0 returned 100%
branch  1 taken 100% (fallthrough)
branch  2 taken 0% (throw)
call    3 returned 100%
call    4 returned 100%
branch  5 taken 100% (fallthrough)
branch  6 taken 0% (throw)
call    7 returned 100%
call    8 never executed
        4:  177:    x.push_back(1);
call    0 returned 100%
branch  1 taken 100% (fallthrough)
branch  2 taken 0% (throw)
call    3 returned 100%
branch  4 taken 100% (fallthrough)
branch  5 taken 0% (throw)
        4:  178:    x.push_back(2);
call    0 returned 100%
branch  1 taken 100% (fallthrough)
branch  2 taken 0% (throw)
call    3 returned 100%
branch  4 taken 100% (fallthrough)
branch  5 taken 0% (throw)
        4:  179:    x.push_back(3);
call    0 returned 100%
branch  1 taken 100% (fallthrough)
branch  2 taken 0% (throw)
call    3 returned 100%
branch  4 taken 100% (fallthrough)
branch  5 taken 0% (throw)
        4:  180:    x.push_back(4);
call    0 returned 100%
branch  1 taken 100% (fallthrough)
branch  2 taken 0% (throw)
call    3 returned 100%
branch  4 taken 100% (fallthrough)
branch  5 taken 0% (throw)
        4:  181:	x.push_back(5);
call    0 returned 100%
branch  1 taken 100% (fallthrough)
branch  2 taken 0% (throw)
call    3 returned 100%
branch  4 taken 100% (fallthrough)
branch  5 taken 0% (throw)
        -:  182:
        8:  183:	deque_type y(10);
call    0 returned 100%
branch  1 taken 100% (fallthrough)
branch  2 taken 0% (throw)
call    3 returned 100%
branch  4 taken 100%
branch  5 taken 0%
call    6 never executed
call    7 returned 100%
call    8 returned 100%
branch  9 taken 100% (fallthrough)
branch 10 taken 0% (throw)
call   11 returned 100%
call   12 returned 100%
branch 13 taken 100%
branch 14 taken 0%
call   15 never executed
call   16 never executed
        4:  184:    y.push_back(1);
call    0 returned 100%
branch  1 taken 100% (fallthrough)
branch  2 taken 0% (throw)
call    3 returned 100%
branch  4 taken 100% (fallthrough)
branch  5 taken 0% (throw)
        4:  185:    y.push_back(2);
call    0 returned 100%
branch  1 taken 100% (fallthrough)
branch  2 taken 0% (throw)
call    3 returned 100%
branch  4 taken 100% (fallthrough)
branch  5 taken 0% (throw)
        4:  186:    y.push_back(3);
call    0 returned 100%
branch  1 taken 100% (fallthrough)
branch  2 taken 0% (throw)
call    3 returned 100%
branch  4 taken 100% (fallthrough)
branch  5 taken 0% (throw)
        4:  187:    y.push_back(4);
call    0 returned 100%
branch  1 taken 100% (fallthrough)
branch  2 taken 0% (throw)
call    3 returned 100%
branch  4 taken 100% (fallthrough)
branch  5 taken 0% (throw)
        4:  188:	y.push_back(5);
call    0 returned 100%
branch  1 taken 100% (fallthrough)
branch  2 taken 0% (throw)
call    3 returned 100%
branch  4 taken 100% (fallthrough)
branch  5 taken 0% (throw)
        -:  189:
        8:  190:    deque_type z(10);
call    0 returned 100%
branch  1 taken 100% (fallthrough)
branch  2 taken 0% (throw)
call    3 returned 100%
branch  4 taken 100%
branch  5 taken 0%
call    6 never executed
call    7 returned 100%
call    8 returned 100%
branch  9 taken 100% (fallthrough)
branch 10 taken 0% (throw)
call   11 returned 100%
call   12 returned 100%
branch 13 taken 100%
branch 14 taken 0%
call   15 never executed
call   16 never executed
        4:  191:    z.push_back(1);
call    0 returned 100%
branch  1 taken 100% (fallthrough)
branch  2 taken 0% (throw)
call    3 returned 100%
branch  4 taken 100% (fallthrough)
branch  5 taken 0% (throw)
        4:  192:    z.push_back(2);
call    0 returned 100%
branch  1 taken 100% (fallthrough)
branch  2 taken 0% (throw)
call    3 returned 100%
branch  4 taken 100% (fallthrough)
branch  5 taken 0% (throw)
        4:  193:    z.push_back(3);
call    0 returned 100%
branch  1 taken 100% (fallthrough)
branch  2 taken 0% (throw)
call    3 returned 100%
branch  4 taken 100% (fallthrough)
branch  5 taken 0% (throw)
        4:  194:    z.push_back(4);
call    0 returned 100%
branch  1 taken 100% (fallthrough)
branch  2 taken 0% (throw)
call    3 returned 100%
branch  4 taken 100% (fallthrough)
branch  5 taken 0% (throw)
        4:  195:    z.push_back(5);
call    0 returned 100%
branch  1 taken 100% (fallthrough)
branch  2 taken 0% (throw)
call    3 returned 100%
branch  4 taken 100% (fallthrough)
branch  5 taken 0% (throw)
        -:  196:
        -:  197:
        4:  198:    ASSERT_EQ(x.size(), 15);
call    0 returned 100%
call    1 returned 100%
branch  2 taken 100% (fallthrough)
branch  3 taken 0% (throw)
call    4 returned 100%
branch  5 taken 0% (fallthrough)
branch  6 taken 100%
call    7 never executed
branch  8 never executed
branch  9 never executed
call   10 never executed
branch 11 never executed
branch 12 never executed
call   13 never executed
branch 14 never executed
branch 15 never executed
call   16 never executed
branch 17 never executed
branch 18 never executed
call   19 never executed
call   20 never executed
call   21 returned 100%
branch 22 taken 100%
branch 23 taken 0%
call   24 never executed
call   25 never executed
call   26 never executed
call   27 returned 100%
call   28 returned 100%
branch 29 taken 100% (fallthrough)
branch 30 taken 0% (throw)
call   31 returned 100%
branch 32 taken 0% (fallthrough)
branch 33 taken 100%
call   34 never executed
branch 35 never executed
branch 36 never executed
call   37 never executed
branch 38 never executed
branch 39 never executed
call   40 never executed
branch 41 never executed
branch 42 never executed
call   43 never executed
branch 44 never executed
branch 45 never executed
call   46 never executed
call   47 never executed
call   48 returned 100%
branch 49 taken 100%
branch 50 taken 0%
call   51 never executed
call   52 never executed
call   53 never executed
        -:  199:
        8:  200:	ASSERT_TRUE(x==y);}
call    0 returned 100%
branch  1 taken 100% (fallthrough)
branch  2 taken 0% (throw)
call    3 returned 100%
branch  4 taken 100% (fallthrough)
branch  5 taken 0% (throw)
call    6 returned 100%
branch  7 taken 0% (fallthrough)
branch  8 taken 100%
call    9 never executed
branch 10 never executed
branch 11 never executed
call   12 never executed
branch 13 never executed
branch 14 never executed
call   15 never executed
call   16 never executed
branch 17 never executed
branch 18 never executed
call   19 never executed
branch 20 never executed
branch 21 never executed
call   22 never executed
call   23 never executed
call   24 never executed
call   25 returned 100%
branch 26 taken 100%
branch 27 taken 0%
call   28 returned 100%
branch 29 taken 100%
branch 30 taken 0%
call   31 never executed
call   32 never executed
call   33 never executed
call   34 never executed
call   35 never executed
call   36 returned 100%
branch 37 taken 100% (fallthrough)
branch 38 taken 0% (throw)
call   39 returned 100%
branch 40 taken 100% (fallthrough)
branch 41 taken 0% (throw)
call   42 returned 100%
branch 43 taken 0% (fallthrough)
branch 44 taken 100%
call   45 never executed
branch 46 never executed
branch 47 never executed
call   48 never executed
branch 49 never executed
branch 50 never executed
call   51 never executed
call   52 never executed
branch 53 never executed
branch 54 never executed
call   55 never executed
branch 56 never executed
branch 57 never executed
call   58 never executed
call   59 never executed
call   60 never executed
call   61 returned 100%
branch 62 taken 100%
branch 63 taken 0%
call   64 returned 100%
branch 65 taken 100%
branch 66 taken 0%
call   67 never executed
call   68 never executed
call   69 never executed
call   70 never executed
call   71 never executed
        -:  201:
function _ZN26Deque_Fixture_equal_2_TestISt5dequeIiSaIiEEE8TestBodyEv called 2 returned 100% blocks executed 47%
function _ZN26Deque_Fixture_equal_2_TestI8my_dequeIiSaIiEEE8TestBodyEv called 2 returned 100% blocks executed 47%
function _ZN26Deque_Fixture_equal_2_TestISt5dequeIiSaIiEEED0Ev called 2 returned 100% blocks executed 100%
function _ZN26Deque_Fixture_equal_2_TestISt5dequeIiSaIiEEED2Ev called 2 returned 100% blocks executed 75%
function _ZN26Deque_Fixture_equal_2_TestI8my_dequeIiSaIiEEED0Ev called 2 returned 100% blocks executed 100%
function _ZN26Deque_Fixture_equal_2_TestI8my_dequeIiSaIiEEED2Ev called 2 returned 100% blocks executed 75%
function _ZN26Deque_Fixture_equal_2_TestISt5dequeIiSaIiEEEC2Ev called 2 returned 100% blocks executed 100%
function _ZN26Deque_Fixture_equal_2_TestI8my_dequeIiSaIiEEEC2Ev called 2 returned 100% blocks executed 100%
       18:  202:TYPED_TEST(Deque_Fixture, equal_2) {
call    0 returned 100%
call    1 returned 100%
call    2 returned 100%
branch  3 taken 0% (fallthrough)
branch  4 taken 100%
call    5 never executed
call    6 returned 100%
call    7 returned 100%
call    8 returned 100%
branch  9 taken 0% (fallthrough)
branch 10 taken 100%
call   11 never executed
call   12 returned 100%
call   13 returned 100%
call   14 returned 100%
        -:  203:    typedef typename TestFixture::deque_type deque_type;
        -:  204:
        4:  205:    deque_type x;
call    0 returned 100%
branch  1 taken 100% (fallthrough)
branch  2 taken 0% (throw)
call    3 returned 100%
call    4 returned 100%
branch  5 taken 100% (fallthrough)
branch  6 taken 0% (throw)
call    7 returned 100%
        4:  206:    x.push_back(11);
call    0 returned 100%
branch  1 taken 100% (fallthrough)
branch  2 taken 0% (throw)
call    3 returned 100%
branch  4 taken 100% (fallthrough)
branch  5 taken 0% (throw)
        4:  207:    x.push_back(12);
call    0 returned 100%
branch  1 taken 100% (fallthrough)
branch  2 taken 0% (throw)
call    3 returned 100%
branch  4 taken 100% (fallthrough)
branch  5 taken 0% (throw)
        4:  208:    x.push_back(13);
call    0 returned 100%
branch  1 taken 100% (fallthrough)
branch  2 taken 0% (throw)
call    3 returned 100%
branch  4 taken 100% (fallthrough)
branch  5 taken 0% (throw)
        4:  209:    x.push_back(14);
call    0 returned 100%
branch  1 taken 100% (fallthrough)
branch  2 taken 0% (throw)
call    3 returned 100%
branch  4 taken 100% (fallthrough)
branch  5 taken 0% (throw)
        4:  210:	x.push_back(15);
call    0 returned 100%
branch  1 taken 100% (fallthrough)
branch  2 taken 0% (throw)
call    3 returned 100%
branch  4 taken 100% (fallthrough)
branch  5 taken 0% (throw)
call    6 never executed
        -:  211:
        8:  212:	deque_type y;
call    0 returned 100%
branch  1 taken 100% (fallthrough)
branch  2 taken 0% (throw)
call    3 returned 100%
branch  4 taken 100%
branch  5 taken 0%
call    6 never executed
call    7 returned 100%
call    8 returned 100%
branch  9 taken 100% (fallthrough)
branch 10 taken 0% (throw)
call   11 returned 100%
call   12 returned 100%
branch 13 taken 100%
branch 14 taken 0%
call   15 never executed
        4:  213:    y.push_back(11);
call    0 returned 100%
branch  1 taken 100% (fallthrough)
branch  2 taken 0% (throw)
call    3 returned 100%
branch  4 taken 100% (fallthrough)
branch  5 taken 0% (throw)
        4:  214:    y.push_back(12);
call    0 returned 100%
branch  1 taken 100% (fallthrough)
branch  2 taken 0% (throw)
call    3 returned 100%
branch  4 taken 100% (fallthrough)
branch  5 taken 0% (throw)
        4:  215:    y.push_back(13);
call    0 returned 100%
branch  1 taken 100% (fallthrough)
branch  2 taken 0% (throw)
call    3 returned 100%
branch  4 taken 100% (fallthrough)
branch  5 taken 0% (throw)
        4:  216:    y.push_back(14);
call    0 returned 100%
branch  1 taken 100% (fallthrough)
branch  2 taken 0% (throw)
call    3 returned 100%
branch  4 taken 100% (fallthrough)
branch  5 taken 0% (throw)
        4:  217:	y.push_back(15);
call    0 returned 100%
branch  1 taken 100% (fallthrough)
branch  2 taken 0% (throw)
call    3 returned 100%
branch  4 taken 100% (fallthrough)
branch  5 taken 0% (throw)
        -:  218:
        8:  219:	ASSERT_TRUE(x==y);}
call    0 returned 100%
branch  1 taken 100% (fallthrough)
branch  2 taken 0% (throw)
call    3 returned 100%
branch  4 taken 100% (fallthrough)
branch  5 taken 0% (throw)
call    6 returned 100%
branch  7 taken 0% (fallthrough)
branch  8 taken 100%
call    9 never executed
branch 10 never executed
branch 11 never executed
call   12 never executed
branch 13 never executed
branch 14 never executed
call   15 never executed
call   16 never executed
branch 17 never executed
branch 18 never executed
call   19 never executed
branch 20 never executed
branch 21 never executed
call   22 never executed
call   23 never executed
call   24 never executed
call   25 returned 100%
branch 26 taken 100%
branch 27 taken 0%
call   28 returned 100%
branch 29 taken 100%
branch 30 taken 0%
call   31 never executed
call   32 never executed
call   33 never executed
call   34 never executed
call   35 never executed
call   36 returned 100%
branch 37 taken 100% (fallthrough)
branch 38 taken 0% (throw)
call   39 returned 100%
branch 40 taken 100% (fallthrough)
branch 41 taken 0% (throw)
call   42 returned 100%
branch 43 taken 0% (fallthrough)
branch 44 taken 100%
call   45 never executed
branch 46 never executed
branch 47 never executed
call   48 never executed
branch 49 never executed
branch 50 never executed
call   51 never executed
call   52 never executed
branch 53 never executed
branch 54 never executed
call   55 never executed
branch 56 never executed
branch 57 never executed
call   58 never executed
call   59 never executed
call   60 never executed
call   61 returned 100%
branch 62 taken 100%
branch 63 taken 0%
call   64 returned 100%
branch 65 taken 100%
branch 66 taken 0%
call   67 never executed
call   68 never executed
call   69 never executed
call   70 never executed
call   71 never executed
call   72 never executed
        -:  220:
function _ZN26Deque_Fixture_equal_3_TestISt5dequeIiSaIiEEE8TestBodyEv called 2 returned 100% blocks executed 47%
function _ZN26Deque_Fixture_equal_3_TestI8my_dequeIiSaIiEEE8TestBodyEv called 2 returned 100% blocks executed 47%
function _ZN26Deque_Fixture_equal_3_TestISt5dequeIiSaIiEEED0Ev called 2 returned 100% blocks executed 100%
function _ZN26Deque_Fixture_equal_3_TestISt5dequeIiSaIiEEED2Ev called 2 returned 100% blocks executed 75%
function _ZN26Deque_Fixture_equal_3_TestI8my_dequeIiSaIiEEED0Ev called 2 returned 100% blocks executed 100%
function _ZN26Deque_Fixture_equal_3_TestI8my_dequeIiSaIiEEED2Ev called 2 returned 100% blocks executed 75%
function _ZN26Deque_Fixture_equal_3_TestISt5dequeIiSaIiEEEC2Ev called 2 returned 100% blocks executed 100%
function _ZN26Deque_Fixture_equal_3_TestI8my_dequeIiSaIiEEEC2Ev called 2 returned 100% blocks executed 100%
       18:  221:TYPED_TEST(Deque_Fixture, equal_3) {
call    0 returned 100%
call    1 returned 100%
call    2 returned 100%
branch  3 taken 0% (fallthrough)
branch  4 taken 100%
call    5 never executed
call    6 returned 100%
call    7 returned 100%
call    8 returned 100%
branch  9 taken 0% (fallthrough)
branch 10 taken 100%
call   11 never executed
call   12 returned 100%
call   13 returned 100%
call   14 returned 100%
        -:  222:    typedef typename TestFixture::deque_type deque_type;
        -:  223:
        4:  224:    deque_type x;
call    0 returned 100%
branch  1 taken 100% (fallthrough)
branch  2 taken 0% (throw)
call    3 returned 100%
call    4 returned 100%
branch  5 taken 100% (fallthrough)
branch  6 taken 0% (throw)
call    7 returned 100%
        4:  225:    x.push_back(1);
call    0 returned 100%
branch  1 taken 100% (fallthrough)
branch  2 taken 0% (throw)
call    3 returned 100%
branch  4 taken 100% (fallthrough)
branch  5 taken 0% (throw)
        4:  226:    x.push_back(2);
call    0 returned 100%
branch  1 taken 100% (fallthrough)
branch  2 taken 0% (throw)
call    3 returned 100%
branch  4 taken 100% (fallthrough)
branch  5 taken 0% (throw)
        4:  227:    x.push_back(3);
call    0 returned 100%
branch  1 taken 100% (fallthrough)
branch  2 taken 0% (throw)
call    3 returned 100%
branch  4 taken 100% (fallthrough)
branch  5 taken 0% (throw)
        4:  228:    x.push_back(4);
call    0 returned 100%
branch  1 taken 100% (fallthrough)
branch  2 taken 0% (throw)
call    3 returned 100%
branch  4 taken 100% (fallthrough)
branch  5 taken 0% (throw)
        4:  229:	x.push_back(5);
call    0 returned 100%
branch  1 taken 100% (fallthrough)
branch  2 taken 0% (throw)
call    3 returned 100%
branch  4 taken 100% (fallthrough)
branch  5 taken 0% (throw)
call    6 never executed
        -:  230:
        8:  231:	deque_type y;
call    0 returned 100%
branch  1 taken 100% (fallthrough)
branch  2 taken 0% (throw)
call    3 returned 100%
branch  4 taken 100%
branch  5 taken 0%
call    6 never executed
call    7 returned 100%
call    8 returned 100%
branch  9 taken 100% (fallthrough)
branch 10 taken 0% (throw)
call   11 returned 100%
call   12 returned 100%
branch 13 taken 100%
branch 14 taken 0%
call   15 never executed
        4:  232:    y.push_back(1);
call    0 returned 100%
branch  1 taken 100% (fallthrough)
branch  2 taken 0% (throw)
call    3 returned 100%
branch  4 taken 100% (fallthrough)
branch  5 taken 0% (throw)
        4:  233:    y.push_back(2);
call    0 returned 100%
branch  1 taken 100% (fallthrough)
branch  2 taken 0% (throw)
call    3 returned 100%
branch  4 taken 100% (fallthrough)
branch  5 taken 0% (throw)
        4:  234:    y.push_back(4);
call    0 returned 100%
branch  1 taken 100% (fallthrough)
branch  2 taken 0% (throw)
call    3 returned 100%
branch  4 taken 100% (fallthrough)
branch  5 taken 0% (throw)
        4:  235:	y.push_back(5);
call    0 returned 100%
branch  1 taken 100% (fallthrough)
branch  2 taken 0% (throw)
call    3 returned 100%
branch  4 taken 100% (fallthrough)
branch  5 taken 0% (throw)
        -:  236:
        8:  237:	ASSERT_FALSE(x==y);}
call    0 returned 100%
branch  1 taken 100% (fallthrough)
branch  2 taken 0% (throw)
call    3 returned 100%
branch  4 taken 100% (fallthrough)
branch  5 taken 0% (throw)
call    6 returned 100%
branch  7 taken 0% (fallthrough)
branch  8 taken 100%
call    9 never executed
branch 10 never executed
branch 11 never executed
call   12 never executed
branch 13 never executed
branch 14 never executed
call   15 never executed
call   16 never executed
branch 17 never executed
branch 18 never executed
call   19 never executed
branch 20 never executed
branch 21 never executed
call   22 never executed
call   23 never executed
call   24 never executed
call   25 returned 100%
branch 26 taken 100%
branch 27 taken 0%
call   28 returned 100%
branch 29 taken 100%
branch 30 taken 0%
call   31 never executed
call   32 never executed
call   33 never executed
call   34 never executed
call   35 never executed
call   36 returned 100%
branch 37 taken 100% (fallthrough)
branch 38 taken 0% (throw)
call   39 returned 100%
branch 40 taken 100% (fallthrough)
branch 41 taken 0% (throw)
call   42 returned 100%
branch 43 taken 0% (fallthrough)
branch 44 taken 100%
call   45 never executed
branch 46 never executed
branch 47 never executed
call   48 never executed
branch 49 never executed
branch 50 never executed
call   51 never executed
call   52 never executed
branch 53 never executed
branch 54 never executed
call   55 never executed
branch 56 never executed
branch 57 never executed
call   58 never executed
call   59 never executed
call   60 never executed
call   61 returned 100%
branch 62 taken 100%
branch 63 taken 0%
call   64 returned 100%
branch 65 taken 100%
branch 66 taken 0%
call   67 never executed
call   68 never executed
call   69 never executed
call   70 never executed
call   71 never executed
call   72 never executed
        -:  238:
        -:  239:// ------------
        -:  240:// operator <
        -:  241:// ------------
        -:  242:
        -:  243:
function _ZN23Deque_Fixture_lt_1_TestISt5dequeIiSaIiEEE8TestBodyEv called 2 returned 100% blocks executed 47%
function _ZN23Deque_Fixture_lt_1_TestI8my_dequeIiSaIiEEE8TestBodyEv called 2 returned 100% blocks executed 47%
function _ZN23Deque_Fixture_lt_1_TestISt5dequeIiSaIiEEED0Ev called 2 returned 100% blocks executed 100%
function _ZN23Deque_Fixture_lt_1_TestISt5dequeIiSaIiEEED2Ev called 2 returned 100% blocks executed 75%
function _ZN23Deque_Fixture_lt_1_TestI8my_dequeIiSaIiEEED0Ev called 2 returned 100% blocks executed 100%
function _ZN23Deque_Fixture_lt_1_TestI8my_dequeIiSaIiEEED2Ev called 2 returned 100% blocks executed 75%
function _ZN23Deque_Fixture_lt_1_TestISt5dequeIiSaIiEEEC2Ev called 2 returned 100% blocks executed 100%
function _ZN23Deque_Fixture_lt_1_TestI8my_dequeIiSaIiEEEC2Ev called 2 returned 100% blocks executed 100%
       18:  244:TYPED_TEST(Deque_Fixture, lt_1) {
call    0 returned 100%
call    1 returned 100%
call    2 returned 100%
branch  3 taken 0% (fallthrough)
branch  4 taken 100%
call    5 never executed
call    6 returned 100%
call    7 returned 100%
call    8 returned 100%
branch  9 taken 0% (fallthrough)
branch 10 taken 100%
call   11 never executed
call   12 returned 100%
call   13 returned 100%
call   14 returned 100%
        -:  245:    typedef typename TestFixture::deque_type deque_type;
        -:  246:
        4:  247:    deque_type x;
call    0 returned 100%
branch  1 taken 100% (fallthrough)
branch  2 taken 0% (throw)
call    3 returned 100%
call    4 returned 100%
branch  5 taken 100% (fallthrough)
branch  6 taken 0% (throw)
call    7 returned 100%
        4:  248:    x.push_back(1);
call    0 returned 100%
branch  1 taken 100% (fallthrough)
branch  2 taken 0% (throw)
call    3 returned 100%
branch  4 taken 100% (fallthrough)
branch  5 taken 0% (throw)
        4:  249:    x.push_back(2);
call    0 returned 100%
branch  1 taken 100% (fallthrough)
branch  2 taken 0% (throw)
call    3 returned 100%
branch  4 taken 100% (fallthrough)
branch  5 taken 0% (throw)
        4:  250:    x.push_back(3);
call    0 returned 100%
branch  1 taken 100% (fallthrough)
branch  2 taken 0% (throw)
call    3 returned 100%
branch  4 taken 100% (fallthrough)
branch  5 taken 0% (throw)
        4:  251:    x.push_back(4);
call    0 returned 100%
branch  1 taken 100% (fallthrough)
branch  2 taken 0% (throw)
call    3 returned 100%
branch  4 taken 100% (fallthrough)
branch  5 taken 0% (throw)
        4:  252:	x.push_back(5);
call    0 returned 100%
branch  1 taken 100% (fallthrough)
branch  2 taken 0% (throw)
call    3 returned 100%
branch  4 taken 100% (fallthrough)
branch  5 taken 0% (throw)
call    6 never executed
        -:  253:
        8:  254:	deque_type y;
call    0 returned 100%
branch  1 taken 100% (fallthrough)
branch  2 taken 0% (throw)
call    3 returned 100%
branch  4 taken 100%
branch  5 taken 0%
call    6 never executed
call    7 returned 100%
call    8 returned 100%
branch  9 taken 100% (fallthrough)
branch 10 taken 0% (throw)
call   11 returned 100%
call   12 returned 100%
branch 13 taken 100%
branch 14 taken 0%
call   15 never executed
        4:  255:    y.push_back(1);
call    0 returned 100%
branch  1 taken 100% (fallthrough)
branch  2 taken 0% (throw)
call    3 returned 100%
branch  4 taken 100% (fallthrough)
branch  5 taken 0% (throw)
        4:  256:    y.push_back(2);
call    0 returned 100%
branch  1 taken 100% (fallthrough)
branch  2 taken 0% (throw)
call    3 returned 100%
branch  4 taken 100% (fallthrough)
branch  5 taken 0% (throw)
        4:  257:    y.push_back(3);
call    0 returned 100%
branch  1 taken 100% (fallthrough)
branch  2 taken 0% (throw)
call    3 returned 100%
branch  4 taken 100% (fallthrough)
branch  5 taken 0% (throw)
        4:  258:    y.push_back(4);
call    0 returned 100%
branch  1 taken 100% (fallthrough)
branch  2 taken 0% (throw)
call    3 returned 100%
branch  4 taken 100% (fallthrough)
branch  5 taken 0% (throw)
        4:  259:	y.push_back(5);
call    0 returned 100%
branch  1 taken 100% (fallthrough)
branch  2 taken 0% (throw)
call    3 returned 100%
branch  4 taken 100% (fallthrough)
branch  5 taken 0% (throw)
        -:  260:
        8:  261:	ASSERT_FALSE(x<y);}
call    0 returned 100%
branch  1 taken 100% (fallthrough)
branch  2 taken 0% (throw)
call    3 returned 100%
branch  4 taken 100% (fallthrough)
branch  5 taken 0% (throw)
call    6 returned 100%
branch  7 taken 0% (fallthrough)
branch  8 taken 100%
call    9 never executed
branch 10 never executed
branch 11 never executed
call   12 never executed
branch 13 never executed
branch 14 never executed
call   15 never executed
call   16 never executed
branch 17 never executed
branch 18 never executed
call   19 never executed
branch 20 never executed
branch 21 never executed
call   22 never executed
call   23 never executed
call   24 never executed
call   25 returned 100%
branch 26 taken 100%
branch 27 taken 0%
call   28 returned 100%
branch 29 taken 100%
branch 30 taken 0%
call   31 never executed
call   32 never executed
call   33 never executed
call   34 never executed
call   35 never executed
call   36 returned 100%
branch 37 taken 100% (fallthrough)
branch 38 taken 0% (throw)
call   39 returned 100%
branch 40 taken 100% (fallthrough)
branch 41 taken 0% (throw)
call   42 returned 100%
branch 43 taken 0% (fallthrough)
branch 44 taken 100%
call   45 never executed
branch 46 never executed
branch 47 never executed
call   48 never executed
branch 49 never executed
branch 50 never executed
call   51 never executed
call   52 never executed
branch 53 never executed
branch 54 never executed
call   55 never executed
branch 56 never executed
branch 57 never executed
call   58 never executed
call   59 never executed
call   60 never executed
call   61 returned 100%
branch 62 taken 100%
branch 63 taken 0%
call   64 returned 100%
branch 65 taken 100%
branch 66 taken 0%
call   67 never executed
call   68 never executed
call   69 never executed
call   70 never executed
call   71 never executed
call   72 never executed
        -:  262:	
function _ZN23Deque_Fixture_lt_2_TestISt5dequeIiSaIiEEE8TestBodyEv called 2 returned 100% blocks executed 47%
function _ZN23Deque_Fixture_lt_2_TestI8my_dequeIiSaIiEEE8TestBodyEv called 2 returned 100% blocks executed 47%
function _ZN23Deque_Fixture_lt_2_TestISt5dequeIiSaIiEEED0Ev called 2 returned 100% blocks executed 100%
function _ZN23Deque_Fixture_lt_2_TestISt5dequeIiSaIiEEED2Ev called 2 returned 100% blocks executed 75%
function _ZN23Deque_Fixture_lt_2_TestI8my_dequeIiSaIiEEED0Ev called 2 returned 100% blocks executed 100%
function _ZN23Deque_Fixture_lt_2_TestI8my_dequeIiSaIiEEED2Ev called 2 returned 100% blocks executed 75%
function _ZN23Deque_Fixture_lt_2_TestISt5dequeIiSaIiEEEC2Ev called 2 returned 100% blocks executed 100%
function _ZN23Deque_Fixture_lt_2_TestI8my_dequeIiSaIiEEEC2Ev called 2 returned 100% blocks executed 100%
       18:  263:TYPED_TEST(Deque_Fixture, lt_2) {
call    0 returned 100%
call    1 returned 100%
call    2 returned 100%
branch  3 taken 0% (fallthrough)
branch  4 taken 100%
call    5 never executed
call    6 returned 100%
call    7 returned 100%
call    8 returned 100%
branch  9 taken 0% (fallthrough)
branch 10 taken 100%
call   11 never executed
call   12 returned 100%
call   13 returned 100%
call   14 returned 100%
        -:  264:    typedef typename TestFixture::deque_type deque_type;
        -:  265:
        4:  266:    deque_type x;
call    0 returned 100%
branch  1 taken 100% (fallthrough)
branch  2 taken 0% (throw)
call    3 returned 100%
call    4 returned 100%
branch  5 taken 100% (fallthrough)
branch  6 taken 0% (throw)
call    7 returned 100%
        4:  267:    x.push_back(11);
call    0 returned 100%
branch  1 taken 100% (fallthrough)
branch  2 taken 0% (throw)
call    3 returned 100%
branch  4 taken 100% (fallthrough)
branch  5 taken 0% (throw)
        4:  268:    x.push_back(12);
call    0 returned 100%
branch  1 taken 100% (fallthrough)
branch  2 taken 0% (throw)
call    3 returned 100%
branch  4 taken 100% (fallthrough)
branch  5 taken 0% (throw)
        4:  269:    x.push_back(13);
call    0 returned 100%
branch  1 taken 100% (fallthrough)
branch  2 taken 0% (throw)
call    3 returned 100%
branch  4 taken 100% (fallthrough)
branch  5 taken 0% (throw)
        4:  270:    x.push_back(14);
call    0 returned 100%
branch  1 taken 100% (fallthrough)
branch  2 taken 0% (throw)
call    3 returned 100%
branch  4 taken 100% (fallthrough)
branch  5 taken 0% (throw)
        4:  271:	x.push_back(15);
call    0 returned 100%
branch  1 taken 100% (fallthrough)
branch  2 taken 0% (throw)
call    3 returned 100%
branch  4 taken 100% (fallthrough)
branch  5 taken 0% (throw)
call    6 never executed
        -:  272:
        8:  273:	deque_type y;
call    0 returned 100%
branch  1 taken 100% (fallthrough)
branch  2 taken 0% (throw)
call    3 returned 100%
branch  4 taken 100%
branch  5 taken 0%
call    6 never executed
call    7 returned 100%
call    8 returned 100%
branch  9 taken 100% (fallthrough)
branch 10 taken 0% (throw)
call   11 returned 100%
call   12 returned 100%
branch 13 taken 100%
branch 14 taken 0%
call   15 never executed
        4:  274:    y.push_back(11);
call    0 returned 100%
branch  1 taken 100% (fallthrough)
branch  2 taken 0% (throw)
call    3 returned 100%
branch  4 taken 100% (fallthrough)
branch  5 taken 0% (throw)
        4:  275:    y.push_back(12);
call    0 returned 100%
branch  1 taken 100% (fallthrough)
branch  2 taken 0% (throw)
call    3 returned 100%
branch  4 taken 100% (fallthrough)
branch  5 taken 0% (throw)
        4:  276:    y.push_back(13);
call    0 returned 100%
branch  1 taken 100% (fallthrough)
branch  2 taken 0% (throw)
call    3 returned 100%
branch  4 taken 100% (fallthrough)
branch  5 taken 0% (throw)
        4:  277:    y.push_back(15);
call    0 returned 100%
branch  1 taken 100% (fallthrough)
branch  2 taken 0% (throw)
call    3 returned 100%
branch  4 taken 100% (fallthrough)
branch  5 taken 0% (throw)
        4:  278:	y.push_back(15);
call    0 returned 100%
branch  1 taken 100% (fallthrough)
branch  2 taken 0% (throw)
call    3 returned 100%
branch  4 taken 100% (fallthrough)
branch  5 taken 0% (throw)
        -:  279:
        8:  280:	ASSERT_TRUE(x<y);}
call    0 returned 100%
branch  1 taken 100% (fallthrough)
branch  2 taken 0% (throw)
call    3 returned 100%
branch  4 taken 100% (fallthrough)
branch  5 taken 0% (throw)
call    6 returned 100%
branch  7 taken 0% (fallthrough)
branch  8 taken 100%
call    9 never executed
branch 10 never executed
branch 11 never executed
call   12 never executed
branch 13 never executed
branch 14 never executed
call   15 never executed
call   16 never executed
branch 17 never executed
branch 18 never executed
call   19 never executed
branch 20 never executed
branch 21 never executed
call   22 never executed
call   23 never executed
call   24 never executed
call   25 returned 100%
branch 26 taken 100%
branch 27 taken 0%
call   28 returned 100%
branch 29 taken 100%
branch 30 taken 0%
call   31 never executed
call   32 never executed
call   33 never executed
call   34 never executed
call   35 never executed
call   36 returned 100%
branch 37 taken 100% (fallthrough)
branch 38 taken 0% (throw)
call   39 returned 100%
branch 40 taken 100% (fallthrough)
branch 41 taken 0% (throw)
call   42 returned 100%
branch 43 taken 0% (fallthrough)
branch 44 taken 100%
call   45 never executed
branch 46 never executed
branch 47 never executed
call   48 never executed
branch 49 never executed
branch 50 never executed
call   51 never executed
call   52 never executed
branch 53 never executed
branch 54 never executed
call   55 never executed
branch 56 never executed
branch 57 never executed
call   58 never executed
call   59 never executed
call   60 never executed
call   61 returned 100%
branch 62 taken 100%
branch 63 taken 0%
call   64 returned 100%
branch 65 taken 100%
branch 66 taken 0%
call   67 never executed
call   68 never executed
call   69 never executed
call   70 never executed
call   71 never executed
call   72 never executed
        -:  281:
function _ZN23Deque_Fixture_lt_3_TestISt5dequeIiSaIiEEE8TestBodyEv called 2 returned 100% blocks executed 47%
function _ZN23Deque_Fixture_lt_3_TestI8my_dequeIiSaIiEEE8TestBodyEv called 2 returned 100% blocks executed 47%
function _ZN23Deque_Fixture_lt_3_TestISt5dequeIiSaIiEEED0Ev called 2 returned 100% blocks executed 100%
function _ZN23Deque_Fixture_lt_3_TestISt5dequeIiSaIiEEED2Ev called 2 returned 100% blocks executed 75%
function _ZN23Deque_Fixture_lt_3_TestI8my_dequeIiSaIiEEED0Ev called 2 returned 100% blocks executed 100%
function _ZN23Deque_Fixture_lt_3_TestI8my_dequeIiSaIiEEED2Ev called 2 returned 100% blocks executed 75%
function _ZN23Deque_Fixture_lt_3_TestISt5dequeIiSaIiEEEC2Ev called 2 returned 100% blocks executed 100%
function _ZN23Deque_Fixture_lt_3_TestI8my_dequeIiSaIiEEEC2Ev called 2 returned 100% blocks executed 100%
       18:  282:TYPED_TEST(Deque_Fixture, lt_3) {
call    0 returned 100%
call    1 returned 100%
call    2 returned 100%
branch  3 taken 0% (fallthrough)
branch  4 taken 100%
call    5 never executed
call    6 returned 100%
call    7 returned 100%
call    8 returned 100%
branch  9 taken 0% (fallthrough)
branch 10 taken 100%
call   11 never executed
call   12 returned 100%
call   13 returned 100%
call   14 returned 100%
        -:  283:    typedef typename TestFixture::deque_type deque_type;
        -:  284:
        4:  285:    deque_type x;
call    0 returned 100%
branch  1 taken 100% (fallthrough)
branch  2 taken 0% (throw)
call    3 returned 100%
call    4 returned 100%
branch  5 taken 100% (fallthrough)
branch  6 taken 0% (throw)
call    7 returned 100%
        4:  286:    x.push_back(1);
call    0 returned 100%
branch  1 taken 100% (fallthrough)
branch  2 taken 0% (throw)
call    3 returned 100%
branch  4 taken 100% (fallthrough)
branch  5 taken 0% (throw)
        4:  287:    x.push_back(2);
call    0 returned 100%
branch  1 taken 100% (fallthrough)
branch  2 taken 0% (throw)
call    3 returned 100%
branch  4 taken 100% (fallthrough)
branch  5 taken 0% (throw)
        4:  288:    x.push_back(3);
call    0 returned 100%
branch  1 taken 100% (fallthrough)
branch  2 taken 0% (throw)
call    3 returned 100%
branch  4 taken 100% (fallthrough)
branch  5 taken 0% (throw)
        4:  289:    x.push_back(4);
call    0 returned 100%
branch  1 taken 100% (fallthrough)
branch  2 taken 0% (throw)
call    3 returned 100%
branch  4 taken 100% (fallthrough)
branch  5 taken 0% (throw)
        4:  290:	x.push_back(5);
call    0 returned 100%
branch  1 taken 100% (fallthrough)
branch  2 taken 0% (throw)
call    3 returned 100%
branch  4 taken 100% (fallthrough)
branch  5 taken 0% (throw)
call    6 never executed
        -:  291:
        8:  292:	deque_type y;
call    0 returned 100%
branch  1 taken 100% (fallthrough)
branch  2 taken 0% (throw)
call    3 returned 100%
branch  4 taken 100%
branch  5 taken 0%
call    6 never executed
call    7 returned 100%
call    8 returned 100%
branch  9 taken 100% (fallthrough)
branch 10 taken 0% (throw)
call   11 returned 100%
call   12 returned 100%
branch 13 taken 100%
branch 14 taken 0%
call   15 never executed
        4:  293:    y.push_back(10);
call    0 returned 100%
branch  1 taken 100% (fallthrough)
branch  2 taken 0% (throw)
call    3 returned 100%
branch  4 taken 100% (fallthrough)
branch  5 taken 0% (throw)
        -:  294:
        8:  295:	ASSERT_TRUE(x<y);}
call    0 returned 100%
branch  1 taken 100% (fallthrough)
branch  2 taken 0% (throw)
call    3 returned 100%
branch  4 taken 100% (fallthrough)
branch  5 taken 0% (throw)
call    6 returned 100%
branch  7 taken 0% (fallthrough)
branch  8 taken 100%
call    9 never executed
branch 10 never executed
branch 11 never executed
call   12 never executed
branch 13 never executed
branch 14 never executed
call   15 never executed
call   16 never executed
branch 17 never executed
branch 18 never executed
call   19 never executed
branch 20 never executed
branch 21 never executed
call   22 never executed
call   23 never executed
call   24 never executed
call   25 returned 100%
branch 26 taken 100%
branch 27 taken 0%
call   28 returned 100%
branch 29 taken 100%
branch 30 taken 0%
call   31 never executed
call   32 never executed
call   33 never executed
call   34 never executed
call   35 never executed
call   36 returned 100%
branch 37 taken 100% (fallthrough)
branch 38 taken 0% (throw)
call   39 returned 100%
branch 40 taken 100% (fallthrough)
branch 41 taken 0% (throw)
call   42 returned 100%
branch 43 taken 0% (fallthrough)
branch 44 taken 100%
call   45 never executed
branch 46 never executed
branch 47 never executed
call   48 never executed
branch 49 never executed
branch 50 never executed
call   51 never executed
call   52 never executed
branch 53 never executed
branch 54 never executed
call   55 never executed
branch 56 never executed
branch 57 never executed
call   58 never executed
call   59 never executed
call   60 never executed
call   61 returned 100%
branch 62 taken 100%
branch 63 taken 0%
call   64 returned 100%
branch 65 taken 100%
branch 66 taken 0%
call   67 never executed
call   68 never executed
call   69 never executed
call   70 never executed
call   71 never executed
call   72 never executed
function _ZN23Deque_Fixture_lt_4_TestISt5dequeIiSaIiEEE8TestBodyEv called 2 returned 100% blocks executed 46%
function _ZN23Deque_Fixture_lt_4_TestI8my_dequeIiSaIiEEE8TestBodyEv called 2 returned 100% blocks executed 47%
function _ZN23Deque_Fixture_lt_4_TestISt5dequeIiSaIiEEED0Ev called 2 returned 100% blocks executed 100%
function _ZN23Deque_Fixture_lt_4_TestISt5dequeIiSaIiEEED2Ev called 2 returned 100% blocks executed 75%
function _ZN23Deque_Fixture_lt_4_TestI8my_dequeIiSaIiEEED0Ev called 2 returned 100% blocks executed 100%
function _ZN23Deque_Fixture_lt_4_TestI8my_dequeIiSaIiEEED2Ev called 2 returned 100% blocks executed 75%
function _ZN23Deque_Fixture_lt_4_TestISt5dequeIiSaIiEEEC2Ev called 2 returned 100% blocks executed 100%
function _ZN23Deque_Fixture_lt_4_TestI8my_dequeIiSaIiEEEC2Ev called 2 returned 100% blocks executed 100%
       18:  296:TYPED_TEST(Deque_Fixture, lt_4) {
call    0 returned 100%
call    1 returned 100%
call    2 returned 100%
branch  3 taken 0% (fallthrough)
branch  4 taken 100%
call    5 never executed
call    6 returned 100%
call    7 returned 100%
call    8 returned 100%
branch  9 taken 0% (fallthrough)
branch 10 taken 100%
call   11 never executed
call   12 returned 100%
call   13 returned 100%
call   14 returned 100%
        -:  297:    typedef typename TestFixture::deque_type deque_type;
        -:  298:
        4:  299:    deque_type x;
call    0 returned 100%
branch  1 taken 100% (fallthrough)
branch  2 taken 0% (throw)
call    3 returned 100%
call    4 returned 100%
branch  5 taken 100% (fallthrough)
branch  6 taken 0% (throw)
call    7 returned 100%
        4:  300:    x.push_back(1);
call    0 returned 100%
branch  1 taken 100% (fallthrough)
branch  2 taken 0% (throw)
call    3 returned 100%
branch  4 taken 100% (fallthrough)
branch  5 taken 0% (throw)
call    6 never executed
        -:  301:
        8:  302:	deque_type y;
call    0 returned 100%
branch  1 taken 100% (fallthrough)
branch  2 taken 0% (throw)
call    3 returned 100%
branch  4 taken 100%
branch  5 taken 0%
call    6 never executed
call    7 returned 100%
call    8 returned 100%
branch  9 taken 100% (fallthrough)
branch 10 taken 0% (throw)
call   11 returned 100%
call   12 returned 100%
branch 13 taken 100%
branch 14 taken 0%
call   15 never executed
        4:  303:    y.push_back(1);
call    0 returned 100%
branch  1 taken 100% (fallthrough)
branch  2 taken 0% (throw)
call    3 returned 100%
branch  4 taken 100% (fallthrough)
branch  5 taken 0% (throw)
        4:  304:    y.push_back(2);
call    0 returned 100%
branch  1 taken 100% (fallthrough)
branch  2 taken 0% (throw)
call    3 returned 100%
branch  4 taken 100% (fallthrough)
branch  5 taken 0% (throw)
        -:  305:
        8:  306:	ASSERT_TRUE(x<y);}
call    0 returned 100%
branch  1 taken 100% (fallthrough)
branch  2 taken 0% (throw)
call    3 returned 100%
branch  4 taken 100% (fallthrough)
branch  5 taken 0% (throw)
call    6 returned 100%
branch  7 taken 0% (fallthrough)
branch  8 taken 100%
call    9 never executed
branch 10 never executed
branch 11 never executed
call   12 never executed
branch 13 never executed
branch 14 never executed
call   15 never executed
call   16 never executed
branch 17 never executed
branch 18 never executed
call   19 never executed
branch 20 never executed
branch 21 never executed
call   22 never executed
call   23 never executed
call   24 never executed
call   25 returned 100%
branch 26 taken 100%
branch 27 taken 0%
call   28 returned 100%
branch 29 taken 100%
branch 30 taken 0%
call   31 never executed
call   32 never executed
call   33 never executed
call   34 never executed
call   35 never executed
call   36 returned 100%
branch 37 taken 100% (fallthrough)
branch 38 taken 0% (throw)
call   39 returned 100%
branch 40 taken 100% (fallthrough)
branch 41 taken 0% (throw)
call   42 returned 100%
branch 43 taken 0% (fallthrough)
branch 44 taken 100%
call   45 never executed
branch 46 never executed
branch 47 never executed
call   48 never executed
branch 49 never executed
branch 50 never executed
call   51 never executed
call   52 never executed
branch 53 never executed
branch 54 never executed
call   55 never executed
branch 56 never executed
branch 57 never executed
call   58 never executed
call   59 never executed
call   60 never executed
call   61 returned 100%
branch 62 taken 100%
branch 63 taken 0%
call   64 returned 100%
branch 65 taken 100%
branch 66 taken 0%
call   67 never executed
call   68 never executed
call   69 never executed
call   70 never executed
call   71 never executed
call   72 never executed
        -:  307:
        -:  308:// -----------------------
        -:  309:// constructor (allocator)
        -:  310:// -----------------------
        -:  311:
function _ZN27Deque_Fixture_consta_1_TestISt5dequeIiSaIiEEE8TestBodyEv called 2 returned 100% blocks executed 38%
function _ZN27Deque_Fixture_consta_1_TestI8my_dequeIiSaIiEEE8TestBodyEv called 2 returned 100% blocks executed 39%
function _ZN27Deque_Fixture_consta_1_TestISt5dequeIiSaIiEEED0Ev called 2 returned 100% blocks executed 100%
function _ZN27Deque_Fixture_consta_1_TestISt5dequeIiSaIiEEED2Ev called 2 returned 100% blocks executed 75%
function _ZN27Deque_Fixture_consta_1_TestI8my_dequeIiSaIiEEED0Ev called 2 returned 100% blocks executed 100%
function _ZN27Deque_Fixture_consta_1_TestI8my_dequeIiSaIiEEED2Ev called 2 returned 100% blocks executed 75%
function _ZN27Deque_Fixture_consta_1_TestISt5dequeIiSaIiEEEC2Ev called 2 returned 100% blocks executed 100%
function _ZN27Deque_Fixture_consta_1_TestI8my_dequeIiSaIiEEEC2Ev called 2 returned 100% blocks executed 100%
       18:  312:TYPED_TEST(Deque_Fixture, consta_1) {
call    0 returned 100%
call    1 returned 100%
call    2 returned 100%
branch  3 taken 0% (fallthrough)
branch  4 taken 100%
call    5 never executed
call    6 returned 100%
call    7 returned 100%
call    8 returned 100%
branch  9 taken 0% (fallthrough)
branch 10 taken 100%
call   11 never executed
call   12 returned 100%
call   13 returned 100%
call   14 returned 100%
        -:  313:    typedef typename TestFixture::deque_type deque_type;
        -:  314:
        4:  315:    const deque_type x;
call    0 returned 100%
branch  1 taken 100% (fallthrough)
branch  2 taken 0% (throw)
call    3 returned 100%
call    4 returned 100%
branch  5 taken 100% (fallthrough)
branch  6 taken 0% (throw)
call    7 returned 100%
        4:  316:    ASSERT_TRUE(x.empty());
call    0 returned 100%
call    1 returned 100%
branch  2 taken 100% (fallthrough)
branch  3 taken 0% (throw)
call    4 returned 100%
branch  5 taken 0% (fallthrough)
branch  6 taken 100%
call    7 never executed
branch  8 never executed
branch  9 never executed
call   10 never executed
branch 11 never executed
branch 12 never executed
call   13 never executed
call   14 never executed
branch 15 never executed
branch 16 never executed
call   17 never executed
branch 18 never executed
branch 19 never executed
call   20 never executed
call   21 never executed
call   22 never executed
call   23 returned 100%
branch 24 taken 100%
branch 25 taken 0%
call   26 never executed
call   27 never executed
call   28 never executed
call   29 never executed
call   30 returned 100%
call   31 returned 100%
branch 32 taken 100% (fallthrough)
branch 33 taken 0% (throw)
call   34 returned 100%
branch 35 taken 0% (fallthrough)
branch 36 taken 100%
call   37 never executed
branch 38 never executed
branch 39 never executed
call   40 never executed
branch 41 never executed
branch 42 never executed
call   43 never executed
call   44 never executed
branch 45 never executed
branch 46 never executed
call   47 never executed
branch 48 never executed
branch 49 never executed
call   50 never executed
call   51 never executed
call   52 never executed
call   53 returned 100%
branch 54 taken 100%
branch 55 taken 0%
call   56 never executed
call   57 never executed
call   58 never executed
call   59 never executed
        4:  317:    ASSERT_EQ(x.size(),0);}
call    0 returned 100%
call    1 returned 100%
branch  2 taken 100% (fallthrough)
branch  3 taken 0% (throw)
call    4 returned 100%
branch  5 taken 0% (fallthrough)
branch  6 taken 100%
call    7 never executed
branch  8 never executed
branch  9 never executed
call   10 never executed
branch 11 never executed
branch 12 never executed
call   13 never executed
branch 14 never executed
branch 15 never executed
call   16 never executed
branch 17 never executed
branch 18 never executed
call   19 never executed
call   20 never executed
call   21 returned 100%
branch 22 taken 100%
branch 23 taken 0%
call   24 returned 100%
branch 25 taken 100%
branch 26 taken 0%
call   27 never executed
call   28 never executed
call   29 never executed
call   30 never executed
call   31 returned 100%
call   32 returned 100%
branch 33 taken 100% (fallthrough)
branch 34 taken 0% (throw)
call   35 returned 100%
branch 36 taken 0% (fallthrough)
branch 37 taken 100%
call   38 never executed
branch 39 never executed
branch 40 never executed
call   41 never executed
branch 42 never executed
branch 43 never executed
call   44 never executed
branch 45 never executed
branch 46 never executed
call   47 never executed
branch 48 never executed
branch 49 never executed
call   50 never executed
call   51 never executed
call   52 returned 100%
branch 53 taken 100%
branch 54 taken 0%
call   55 returned 100%
branch 56 taken 100%
branch 57 taken 0%
call   58 never executed
call   59 never executed
call   60 never executed
call   61 never executed
call   62 never executed
        -:  318:	
        -:  319:// TYPED_TEST(Deque_Fixture, consta_2) {
        -:  320://     typedef typename TestFixture::deque_type deque_type;
        -:  321:
        -:  322://     deque_type x();
        -:  323://     ASSERT_TRUE(x.empty());
        -:  324://     ASSERT_EQ(x.size(),0);}
        -:  325:
        -:  326:// TYPED_TEST(Deque_Fixture, consta_3) {
        -:  327://     typedef typename TestFixture::deque_type deque_type;
        -:  328:
        -:  329://     deque_type x();
        -:  330://     ASSERT_TRUE(x.empty());
        -:  331://     ASSERT_EQ(x.size(),0);}
        -:  332:
        -:  333:// ----------------
        -:  334:// constructor 2
        -:  335:// ----------------
function _ZN27Deque_Fixture_const2_1_TestISt5dequeIiSaIiEEE8TestBodyEv called 2 returned 100% blocks executed 37%
function _ZN27Deque_Fixture_const2_1_TestI8my_dequeIiSaIiEEE8TestBodyEv called 2 returned 100% blocks executed 38%
function _ZN27Deque_Fixture_const2_1_TestISt5dequeIiSaIiEEED0Ev called 2 returned 100% blocks executed 100%
function _ZN27Deque_Fixture_const2_1_TestISt5dequeIiSaIiEEED2Ev called 2 returned 100% blocks executed 75%
function _ZN27Deque_Fixture_const2_1_TestI8my_dequeIiSaIiEEED0Ev called 2 returned 100% blocks executed 100%
function _ZN27Deque_Fixture_const2_1_TestI8my_dequeIiSaIiEEED2Ev called 2 returned 100% blocks executed 75%
function _ZN27Deque_Fixture_const2_1_TestISt5dequeIiSaIiEEEC2Ev called 2 returned 100% blocks executed 100%
function _ZN27Deque_Fixture_const2_1_TestI8my_dequeIiSaIiEEEC2Ev called 2 returned 100% blocks executed 100%
       18:  336:TYPED_TEST(Deque_Fixture, const2_1){
call    0 returned 100%
call    1 returned 100%
call    2 returned 100%
branch  3 taken 0% (fallthrough)
branch  4 taken 100%
call    5 never executed
call    6 returned 100%
call    7 returned 100%
call    8 returned 100%
branch  9 taken 0% (fallthrough)
branch 10 taken 100%
call   11 never executed
call   12 returned 100%
call   13 returned 100%
call   14 returned 100%
        -:  337:	typedef typename TestFixture::deque_type deque_type;
        -:  338:    typedef typename TestFixture::value_type  value_type;
        -:  339:
        4:  340:    deque_type x(10);
call    0 returned 100%
branch  1 taken 100% (fallthrough)
branch  2 taken 0% (throw)
call    3 returned 100%
call    4 returned 100%
branch  5 taken 100% (fallthrough)
branch  6 taken 0% (throw)
call    7 returned 100%
call    8 never executed
        4:  341:    ASSERT_FALSE(x.empty());
call    0 returned 100%
call    1 returned 100%
branch  2 taken 100% (fallthrough)
branch  3 taken 0% (throw)
call    4 returned 100%
branch  5 taken 0% (fallthrough)
branch  6 taken 100%
call    7 never executed
branch  8 never executed
branch  9 never executed
call   10 never executed
branch 11 never executed
branch 12 never executed
call   13 never executed
call   14 never executed
branch 15 never executed
branch 16 never executed
call   17 never executed
branch 18 never executed
branch 19 never executed
call   20 never executed
call   21 never executed
call   22 never executed
call   23 returned 100%
branch 24 taken 100%
branch 25 taken 0%
call   26 never executed
call   27 never executed
call   28 never executed
call   29 never executed
call   30 returned 100%
call   31 returned 100%
branch 32 taken 100% (fallthrough)
branch 33 taken 0% (throw)
call   34 returned 100%
branch 35 taken 0% (fallthrough)
branch 36 taken 100%
call   37 never executed
branch 38 never executed
branch 39 never executed
call   40 never executed
branch 41 never executed
branch 42 never executed
call   43 never executed
call   44 never executed
branch 45 never executed
branch 46 never executed
call   47 never executed
branch 48 never executed
branch 49 never executed
call   50 never executed
call   51 never executed
call   52 never executed
call   53 returned 100%
branch 54 taken 100%
branch 55 taken 0%
call   56 never executed
call   57 never executed
call   58 never executed
call   59 never executed
        4:  342:    ASSERT_EQ(x.size(),                                10);
call    0 returned 100%
call    1 returned 100%
branch  2 taken 100% (fallthrough)
branch  3 taken 0% (throw)
call    4 returned 100%
branch  5 taken 0% (fallthrough)
branch  6 taken 100%
call    7 never executed
branch  8 never executed
branch  9 never executed
call   10 never executed
branch 11 never executed
branch 12 never executed
call   13 never executed
branch 14 never executed
branch 15 never executed
call   16 never executed
branch 17 never executed
branch 18 never executed
call   19 never executed
call   20 never executed
call   21 returned 100%
branch 22 taken 100%
branch 23 taken 0%
call   24 never executed
call   25 never executed
call   26 never executed
call   27 returned 100%
call   28 returned 100%
branch 29 taken 100% (fallthrough)
branch 30 taken 0% (throw)
call   31 returned 100%
branch 32 taken 0% (fallthrough)
branch 33 taken 100%
call   34 never executed
branch 35 never executed
branch 36 never executed
call   37 never executed
branch 38 never executed
branch 39 never executed
call   40 never executed
branch 41 never executed
branch 42 never executed
call   43 never executed
branch 44 never executed
branch 45 never executed
call   46 never executed
call   47 never executed
call   48 returned 100%
branch 49 taken 100%
branch 50 taken 0%
call   51 never executed
call   52 never executed
call   53 never executed
        4:  343:    ASSERT_EQ(count(x.begin(), x.end(), value_type()), 10);
call    0 returned 100%
call    1 returned 100%
call    2 returned 100%
branch  3 taken 100% (fallthrough)
branch  4 taken 0% (throw)
call    5 returned 100%
branch  6 taken 100% (fallthrough)
branch  7 taken 0% (throw)
call    8 returned 100%
branch  9 taken 0% (fallthrough)
branch 10 taken 100%
call   11 never executed
branch 12 never executed
branch 13 never executed
call   14 never executed
branch 15 never executed
branch 16 never executed
call   17 never executed
branch 18 never executed
branch 19 never executed
call   20 never executed
branch 21 never executed
branch 22 never executed
call   23 never executed
call   24 never executed
call   25 returned 100%
branch 26 taken 100%
branch 27 taken 0%
call   28 returned 100%
branch 29 taken 100%
branch 30 taken 0%
call   31 never executed
call   32 never executed
call   33 never executed
call   34 never executed
call   35 returned 100%
branch 36 taken 100% (fallthrough)
branch 37 taken 0% (throw)
call   38 returned 100%
branch 39 taken 100% (fallthrough)
branch 40 taken 0% (throw)
call   41 returned 100%
branch 42 taken 100% (fallthrough)
branch 43 taken 0% (throw)
call   44 returned 100%
branch 45 taken 100% (fallthrough)
branch 46 taken 0% (throw)
call   47 returned 100%
branch 48 taken 0% (fallthrough)
branch 49 taken 100%
call   50 never executed
branch 51 never executed
branch 52 never executed
call   53 never executed
branch 54 never executed
branch 55 never executed
call   56 never executed
branch 57 never executed
branch 58 never executed
call   59 never executed
branch 60 never executed
branch 61 never executed
call   62 never executed
call   63 never executed
call   64 returned 100%
branch 65 taken 100%
branch 66 taken 0%
call   67 returned 100%
branch 68 taken 100%
branch 69 taken 0%
call   70 never executed
call   71 never executed
call   72 never executed
call   73 never executed
        -:  344:}
function _ZN27Deque_Fixture_const2_2_TestISt5dequeIiSaIiEEE8TestBodyEv called 2 returned 100% blocks executed 37%
function _ZN27Deque_Fixture_const2_2_TestI8my_dequeIiSaIiEEE8TestBodyEv called 2 returned 100% blocks executed 38%
function _ZN27Deque_Fixture_const2_2_TestISt5dequeIiSaIiEEED0Ev called 2 returned 100% blocks executed 100%
function _ZN27Deque_Fixture_const2_2_TestISt5dequeIiSaIiEEED2Ev called 2 returned 100% blocks executed 75%
function _ZN27Deque_Fixture_const2_2_TestI8my_dequeIiSaIiEEED0Ev called 2 returned 100% blocks executed 100%
function _ZN27Deque_Fixture_const2_2_TestI8my_dequeIiSaIiEEED2Ev called 2 returned 100% blocks executed 75%
function _ZN27Deque_Fixture_const2_2_TestISt5dequeIiSaIiEEEC2Ev called 2 returned 100% blocks executed 100%
function _ZN27Deque_Fixture_const2_2_TestI8my_dequeIiSaIiEEEC2Ev called 2 returned 100% blocks executed 100%
       18:  345:TYPED_TEST(Deque_Fixture, const2_2){
call    0 returned 100%
call    1 returned 100%
call    2 returned 100%
branch  3 taken 0% (fallthrough)
branch  4 taken 100%
call    5 never executed
call    6 returned 100%
call    7 returned 100%
call    8 returned 100%
branch  9 taken 0% (fallthrough)
branch 10 taken 100%
call   11 never executed
call   12 returned 100%
call   13 returned 100%
call   14 returned 100%
        -:  346:	typedef typename TestFixture::deque_type deque_type;
        -:  347:    typedef typename TestFixture::value_type  value_type;
        -:  348:
        4:  349:    deque_type x(300);
call    0 returned 100%
branch  1 taken 100% (fallthrough)
branch  2 taken 0% (throw)
call    3 returned 100%
call    4 returned 100%
branch  5 taken 100% (fallthrough)
branch  6 taken 0% (throw)
call    7 returned 100%
call    8 never executed
        4:  350:    ASSERT_FALSE(x.empty());
call    0 returned 100%
call    1 returned 100%
branch  2 taken 100% (fallthrough)
branch  3 taken 0% (throw)
call    4 returned 100%
branch  5 taken 0% (fallthrough)
branch  6 taken 100%
call    7 never executed
branch  8 never executed
branch  9 never executed
call   10 never executed
branch 11 never executed
branch 12 never executed
call   13 never executed
call   14 never executed
branch 15 never executed
branch 16 never executed
call   17 never executed
branch 18 never executed
branch 19 never executed
call   20 never executed
call   21 never executed
call   22 never executed
call   23 returned 100%
branch 24 taken 100%
branch 25 taken 0%
call   26 never executed
call   27 never executed
call   28 never executed
call   29 never executed
call   30 returned 100%
call   31 returned 100%
branch 32 taken 100% (fallthrough)
branch 33 taken 0% (throw)
call   34 returned 100%
branch 35 taken 0% (fallthrough)
branch 36 taken 100%
call   37 never executed
branch 38 never executed
branch 39 never executed
call   40 never executed
branch 41 never executed
branch 42 never executed
call   43 never executed
call   44 never executed
branch 45 never executed
branch 46 never executed
call   47 never executed
branch 48 never executed
branch 49 never executed
call   50 never executed
call   51 never executed
call   52 never executed
call   53 returned 100%
branch 54 taken 100%
branch 55 taken 0%
call   56 never executed
call   57 never executed
call   58 never executed
call   59 never executed
        4:  351:    ASSERT_EQ(x.size(),                                300);
call    0 returned 100%
call    1 returned 100%
branch  2 taken 100% (fallthrough)
branch  3 taken 0% (throw)
call    4 returned 100%
branch  5 taken 0% (fallthrough)
branch  6 taken 100%
call    7 never executed
branch  8 never executed
branch  9 never executed
call   10 never executed
branch 11 never executed
branch 12 never executed
call   13 never executed
branch 14 never executed
branch 15 never executed
call   16 never executed
branch 17 never executed
branch 18 never executed
call   19 never executed
call   20 never executed
call   21 returned 100%
branch 22 taken 100%
branch 23 taken 0%
call   24 never executed
call   25 never executed
call   26 never executed
call   27 returned 100%
call   28 returned 100%
branch 29 taken 100% (fallthrough)
branch 30 taken 0% (throw)
call   31 returned 100%
branch 32 taken 0% (fallthrough)
branch 33 taken 100%
call   34 never executed
branch 35 never executed
branch 36 never executed
call   37 never executed
branch 38 never executed
branch 39 never executed
call   40 never executed
branch 41 never executed
branch 42 never executed
call   43 never executed
branch 44 never executed
branch 45 never executed
call   46 never executed
call   47 never executed
call   48 returned 100%
branch 49 taken 100%
branch 50 taken 0%
call   51 never executed
call   52 never executed
call   53 never executed
        4:  352:    ASSERT_EQ(count(x.begin(), x.end(), value_type()), 300);
call    0 returned 100%
call    1 returned 100%
call    2 returned 100%
branch  3 taken 100% (fallthrough)
branch  4 taken 0% (throw)
call    5 returned 100%
branch  6 taken 100% (fallthrough)
branch  7 taken 0% (throw)
call    8 returned 100%
branch  9 taken 0% (fallthrough)
branch 10 taken 100%
call   11 never executed
branch 12 never executed
branch 13 never executed
call   14 never executed
branch 15 never executed
branch 16 never executed
call   17 never executed
branch 18 never executed
branch 19 never executed
call   20 never executed
branch 21 never executed
branch 22 never executed
call   23 never executed
call   24 never executed
call   25 returned 100%
branch 26 taken 100%
branch 27 taken 0%
call   28 returned 100%
branch 29 taken 100%
branch 30 taken 0%
call   31 never executed
call   32 never executed
call   33 never executed
call   34 never executed
call   35 returned 100%
branch 36 taken 100% (fallthrough)
branch 37 taken 0% (throw)
call   38 returned 100%
branch 39 taken 100% (fallthrough)
branch 40 taken 0% (throw)
call   41 returned 100%
branch 42 taken 100% (fallthrough)
branch 43 taken 0% (throw)
call   44 returned 100%
branch 45 taken 100% (fallthrough)
branch 46 taken 0% (throw)
call   47 returned 100%
branch 48 taken 0% (fallthrough)
branch 49 taken 100%
call   50 never executed
branch 51 never executed
branch 52 never executed
call   53 never executed
branch 54 never executed
branch 55 never executed
call   56 never executed
branch 57 never executed
branch 58 never executed
call   59 never executed
branch 60 never executed
branch 61 never executed
call   62 never executed
call   63 never executed
call   64 returned 100%
branch 65 taken 100%
branch 66 taken 0%
call   67 returned 100%
branch 68 taken 100%
branch 69 taken 0%
call   70 never executed
call   71 never executed
call   72 never executed
call   73 never executed
        -:  353:}
function _ZN27Deque_Fixture_const2_3_TestISt5dequeIiSaIiEEE8TestBodyEv called 2 returned 100% blocks executed 37%
function _ZN27Deque_Fixture_const2_3_TestI8my_dequeIiSaIiEEE8TestBodyEv called 2 returned 100% blocks executed 38%
function _ZN27Deque_Fixture_const2_3_TestISt5dequeIiSaIiEEED0Ev called 2 returned 100% blocks executed 100%
function _ZN27Deque_Fixture_const2_3_TestISt5dequeIiSaIiEEED2Ev called 2 returned 100% blocks executed 75%
function _ZN27Deque_Fixture_const2_3_TestI8my_dequeIiSaIiEEED0Ev called 2 returned 100% blocks executed 100%
function _ZN27Deque_Fixture_const2_3_TestI8my_dequeIiSaIiEEED2Ev called 2 returned 100% blocks executed 75%
function _ZN27Deque_Fixture_const2_3_TestISt5dequeIiSaIiEEEC2Ev called 2 returned 100% blocks executed 100%
function _ZN27Deque_Fixture_const2_3_TestI8my_dequeIiSaIiEEEC2Ev called 2 returned 100% blocks executed 100%
       18:  354:TYPED_TEST(Deque_Fixture, const2_3){
call    0 returned 100%
call    1 returned 100%
call    2 returned 100%
branch  3 taken 0% (fallthrough)
branch  4 taken 100%
call    5 never executed
call    6 returned 100%
call    7 returned 100%
call    8 returned 100%
branch  9 taken 0% (fallthrough)
branch 10 taken 100%
call   11 never executed
call   12 returned 100%
call   13 returned 100%
call   14 returned 100%
        -:  355:	typedef typename TestFixture::deque_type deque_type;
        -:  356:    typedef typename TestFixture::value_type  value_type;
        -:  357:
        4:  358:    deque_type x(0);
call    0 returned 100%
branch  1 taken 100% (fallthrough)
branch  2 taken 0% (throw)
call    3 returned 100%
call    4 returned 100%
branch  5 taken 100% (fallthrough)
branch  6 taken 0% (throw)
call    7 returned 100%
call    8 never executed
        4:  359:    ASSERT_TRUE(x.empty());
call    0 returned 100%
call    1 returned 100%
branch  2 taken 100% (fallthrough)
branch  3 taken 0% (throw)
call    4 returned 100%
branch  5 taken 0% (fallthrough)
branch  6 taken 100%
call    7 never executed
branch  8 never executed
branch  9 never executed
call   10 never executed
branch 11 never executed
branch 12 never executed
call   13 never executed
call   14 never executed
branch 15 never executed
branch 16 never executed
call   17 never executed
branch 18 never executed
branch 19 never executed
call   20 never executed
call   21 never executed
call   22 never executed
call   23 returned 100%
branch 24 taken 100%
branch 25 taken 0%
call   26 never executed
call   27 never executed
call   28 never executed
call   29 never executed
call   30 returned 100%
call   31 returned 100%
branch 32 taken 100% (fallthrough)
branch 33 taken 0% (throw)
call   34 returned 100%
branch 35 taken 0% (fallthrough)
branch 36 taken 100%
call   37 never executed
branch 38 never executed
branch 39 never executed
call   40 never executed
branch 41 never executed
branch 42 never executed
call   43 never executed
call   44 never executed
branch 45 never executed
branch 46 never executed
call   47 never executed
branch 48 never executed
branch 49 never executed
call   50 never executed
call   51 never executed
call   52 never executed
call   53 returned 100%
branch 54 taken 100%
branch 55 taken 0%
call   56 never executed
call   57 never executed
call   58 never executed
call   59 never executed
        4:  360:    ASSERT_EQ(x.size(),                                0);
call    0 returned 100%
call    1 returned 100%
branch  2 taken 100% (fallthrough)
branch  3 taken 0% (throw)
call    4 returned 100%
branch  5 taken 0% (fallthrough)
branch  6 taken 100%
call    7 never executed
branch  8 never executed
branch  9 never executed
call   10 never executed
branch 11 never executed
branch 12 never executed
call   13 never executed
branch 14 never executed
branch 15 never executed
call   16 never executed
branch 17 never executed
branch 18 never executed
call   19 never executed
call   20 never executed
call   21 returned 100%
branch 22 taken 100%
branch 23 taken 0%
call   24 never executed
call   25 never executed
call   26 never executed
call   27 returned 100%
call   28 returned 100%
branch 29 taken 100% (fallthrough)
branch 30 taken 0% (throw)
call   31 returned 100%
branch 32 taken 0% (fallthrough)
branch 33 taken 100%
call   34 never executed
branch 35 never executed
branch 36 never executed
call   37 never executed
branch 38 never executed
branch 39 never executed
call   40 never executed
branch 41 never executed
branch 42 never executed
call   43 never executed
branch 44 never executed
branch 45 never executed
call   46 never executed
call   47 never executed
call   48 returned 100%
branch 49 taken 100%
branch 50 taken 0%
call   51 never executed
call   52 never executed
call   53 never executed
        4:  361:    ASSERT_EQ(count(x.begin(), x.end(), value_type()), 0);
call    0 returned 100%
call    1 returned 100%
call    2 returned 100%
branch  3 taken 100% (fallthrough)
branch  4 taken 0% (throw)
call    5 returned 100%
branch  6 taken 100% (fallthrough)
branch  7 taken 0% (throw)
call    8 returned 100%
branch  9 taken 0% (fallthrough)
branch 10 taken 100%
call   11 never executed
branch 12 never executed
branch 13 never executed
call   14 never executed
branch 15 never executed
branch 16 never executed
call   17 never executed
branch 18 never executed
branch 19 never executed
call   20 never executed
branch 21 never executed
branch 22 never executed
call   23 never executed
call   24 never executed
call   25 returned 100%
branch 26 taken 100%
branch 27 taken 0%
call   28 returned 100%
branch 29 taken 100%
branch 30 taken 0%
call   31 never executed
call   32 never executed
call   33 never executed
call   34 never executed
call   35 returned 100%
branch 36 taken 100% (fallthrough)
branch 37 taken 0% (throw)
call   38 returned 100%
branch 39 taken 100% (fallthrough)
branch 40 taken 0% (throw)
call   41 returned 100%
branch 42 taken 100% (fallthrough)
branch 43 taken 0% (throw)
call   44 returned 100%
branch 45 taken 100% (fallthrough)
branch 46 taken 0% (throw)
call   47 returned 100%
branch 48 taken 0% (fallthrough)
branch 49 taken 100%
call   50 never executed
branch 51 never executed
branch 52 never executed
call   53 never executed
branch 54 never executed
branch 55 never executed
call   56 never executed
branch 57 never executed
branch 58 never executed
call   59 never executed
branch 60 never executed
branch 61 never executed
call   62 never executed
call   63 never executed
call   64 returned 100%
branch 65 taken 100%
branch 66 taken 0%
call   67 returned 100%
branch 68 taken 100%
branch 69 taken 0%
call   70 never executed
call   71 never executed
call   72 never executed
call   73 never executed
        -:  362:}
        -:  363:
function _ZN27Deque_Fixture_const2_4_TestISt5dequeIiSaIiEEE8TestBodyEv called 2 returned 100% blocks executed 38%
function _ZN27Deque_Fixture_const2_4_TestI8my_dequeIiSaIiEEE8TestBodyEv called 2 returned 100% blocks executed 38%
function _ZN27Deque_Fixture_const2_4_TestISt5dequeIiSaIiEEED0Ev called 2 returned 100% blocks executed 100%
function _ZN27Deque_Fixture_const2_4_TestISt5dequeIiSaIiEEED2Ev called 2 returned 100% blocks executed 75%
function _ZN27Deque_Fixture_const2_4_TestI8my_dequeIiSaIiEEED0Ev called 2 returned 100% blocks executed 100%
function _ZN27Deque_Fixture_const2_4_TestI8my_dequeIiSaIiEEED2Ev called 2 returned 100% blocks executed 75%
function _ZN27Deque_Fixture_const2_4_TestISt5dequeIiSaIiEEEC2Ev called 2 returned 100% blocks executed 100%
function _ZN27Deque_Fixture_const2_4_TestI8my_dequeIiSaIiEEEC2Ev called 2 returned 100% blocks executed 100%
       18:  364:TYPED_TEST(Deque_Fixture, const2_4){
call    0 returned 100%
call    1 returned 100%
call    2 returned 100%
branch  3 taken 0% (fallthrough)
branch  4 taken 100%
call    5 never executed
call    6 returned 100%
call    7 returned 100%
call    8 returned 100%
branch  9 taken 0% (fallthrough)
branch 10 taken 100%
call   11 never executed
call   12 returned 100%
call   13 returned 100%
call   14 returned 100%
        -:  365:	typedef typename TestFixture::deque_type deque_type;
        -:  366:
        4:  367:    const deque_type x(10, 4003);
call    0 returned 100%
call    1 returned 100%
branch  2 taken 100% (fallthrough)
branch  3 taken 0% (throw)
call    4 returned 100%
call    5 never executed
call    6 returned 100%
call    7 returned 100%
branch  8 taken 100% (fallthrough)
branch  9 taken 0% (throw)
call   10 returned 100%
call   11 never executed
        4:  368:    ASSERT_FALSE(x.empty());
call    0 returned 100%
call    1 returned 100%
branch  2 taken 100% (fallthrough)
branch  3 taken 0% (throw)
call    4 returned 100%
branch  5 taken 0% (fallthrough)
branch  6 taken 100%
call    7 never executed
branch  8 never executed
branch  9 never executed
call   10 never executed
branch 11 never executed
branch 12 never executed
call   13 never executed
call   14 never executed
branch 15 never executed
branch 16 never executed
call   17 never executed
branch 18 never executed
branch 19 never executed
call   20 never executed
call   21 never executed
call   22 never executed
call   23 returned 100%
branch 24 taken 100%
branch 25 taken 0%
call   26 never executed
call   27 never executed
call   28 never executed
call   29 never executed
call   30 returned 100%
call   31 returned 100%
branch 32 taken 100% (fallthrough)
branch 33 taken 0% (throw)
call   34 returned 100%
branch 35 taken 0% (fallthrough)
branch 36 taken 100%
call   37 never executed
branch 38 never executed
branch 39 never executed
call   40 never executed
branch 41 never executed
branch 42 never executed
call   43 never executed
call   44 never executed
branch 45 never executed
branch 46 never executed
call   47 never executed
branch 48 never executed
branch 49 never executed
call   50 never executed
call   51 never executed
call   52 never executed
call   53 returned 100%
branch 54 taken 100%
branch 55 taken 0%
call   56 never executed
call   57 never executed
call   58 never executed
call   59 never executed
        4:  369:    ASSERT_EQ(x.size(),                     10);
call    0 returned 100%
call    1 returned 100%
branch  2 taken 100% (fallthrough)
branch  3 taken 0% (throw)
call    4 returned 100%
branch  5 taken 0% (fallthrough)
branch  6 taken 100%
call    7 never executed
branch  8 never executed
branch  9 never executed
call   10 never executed
branch 11 never executed
branch 12 never executed
[...]
call    1 returned 100%
branch  2 taken 100% (fallthrough)
branch  3 taken 0% (throw)
        4: 1902:    z+=0;
call    0 returned 100%
branch  1 taken 100% (fallthrough)
branch  2 taken 0% (throw)
call    3 returned 100%
branch  4 taken 100% (fallthrough)
branch  5 taken 0% (throw)
        4: 1903:    ASSERT_TRUE(y==z);
call    0 returned 100%
call    1 returned 100%
branch  2 taken 100% (fallthrough)
branch  3 taken 0% (throw)
call    4 returned 100%
branch  5 taken 0% (fallthrough)
branch  6 taken 100%
call    7 never executed
branch  8 never executed
branch  9 never executed
call   10 never executed
branch 11 never executed
branch 12 never executed
call   13 never executed
call   14 never executed
branch 15 never executed
branch 16 never executed
call   17 never executed
branch 18 never executed
branch 19 never executed
call   20 never executed
call   21 never executed
call   22 never executed
call   23 returned 100%
branch 24 taken 100%
branch 25 taken 0%
call   26 returned 100%
branch 27 taken 100%
branch 28 taken 0%
call   29 never executed
call   30 never executed
call   31 never executed
call   32 never executed
call   33 never executed
call   34 returned 100%
call   35 returned 100%
branch 36 taken 100% (fallthrough)
branch 37 taken 0% (throw)
call   38 returned 100%
branch 39 taken 0% (fallthrough)
branch 40 taken 100%
call   41 never executed
branch 42 never executed
branch 43 never executed
call   44 never executed
branch 45 never executed
branch 46 never executed
call   47 never executed
call   48 never executed
branch 49 never executed
branch 50 never executed
call   51 never executed
branch 52 never executed
branch 53 never executed
call   54 never executed
call   55 never executed
call   56 never executed
call   57 returned 100%
branch 58 taken 100%
branch 59 taken 0%
call   60 returned 100%
branch 61 taken 100%
branch 62 taken 0%
call   63 never executed
call   64 never executed
call   65 never executed
call   66 never executed
call   67 never executed
        -: 1904:    
        -: 1905:}
        -: 1906:
function _ZN36Deque_Fixture_const_it_pluseq_3_TestISt5dequeIiSaIiEEE8TestBodyEv called 2 returned 100% blocks executed 46%
function _ZN36Deque_Fixture_const_it_pluseq_3_TestI8my_dequeIiSaIiEEE8TestBodyEv called 2 returned 100% blocks executed 47%
function _ZN36Deque_Fixture_const_it_pluseq_3_TestISt5dequeIiSaIiEEED0Ev called 2 returned 100% blocks executed 100%
function _ZN36Deque_Fixture_const_it_pluseq_3_TestISt5dequeIiSaIiEEED2Ev called 2 returned 100% blocks executed 75%
function _ZN36Deque_Fixture_const_it_pluseq_3_TestI8my_dequeIiSaIiEEED0Ev called 2 returned 100% blocks executed 100%
function _ZN36Deque_Fixture_const_it_pluseq_3_TestI8my_dequeIiSaIiEEED2Ev called 2 returned 100% blocks executed 75%
function _ZN36Deque_Fixture_const_it_pluseq_3_TestISt5dequeIiSaIiEEEC2Ev called 2 returned 100% blocks executed 100%
function _ZN36Deque_Fixture_const_it_pluseq_3_TestI8my_dequeIiSaIiEEEC2Ev called 2 returned 100% blocks executed 100%
       18: 1907:TYPED_TEST(Deque_Fixture, const_it_pluseq_3) {
call    0 returned 100%
call    1 returned 100%
call    2 returned 100%
branch  3 taken 0% (fallthrough)
branch  4 taken 100%
call    5 never executed
call    6 returned 100%
call    7 returned 100%
call    8 returned 100%
branch  9 taken 0% (fallthrough)
branch 10 taken 100%
call   11 never executed
call   12 returned 100%
call   13 returned 100%
call   14 returned 100%
        -: 1908:    typedef typename TestFixture::deque_type deque_type;
        -: 1909:
        4: 1910:    const deque_type x(10,-3);
call    0 returned 100%
call    1 returned 100%
branch  2 taken 100% (fallthrough)
branch  3 taken 0% (throw)
call    4 returned 100%
call    5 never executed
call    6 returned 100%
call    7 returned 100%
branch  8 taken 100% (fallthrough)
branch  9 taken 0% (throw)
call   10 returned 100%
call   11 never executed
        -: 1911:
        -: 1912:
        4: 1913:    typename deque_type::const_iterator y = x.begin();
call    0 returned 100%
call    1 returned 100%
branch  2 taken 100% (fallthrough)
branch  3 taken 0% (throw)
        4: 1914:    typename deque_type::const_iterator z = x.begin()+2;
call    0 returned 100%
call    1 returned 100%
branch  2 taken 100% (fallthrough)
branch  3 taken 0% (throw)
call    4 returned 100%
branch  5 taken 100% (fallthrough)
branch  6 taken 0% (throw)
call    7 returned 100%
branch  8 taken 100% (fallthrough)
branch  9 taken 0% (throw)
        4: 1915:    z+=-2;
call    0 returned 100%
branch  1 taken 100% (fallthrough)
branch  2 taken 0% (throw)
call    3 returned 100%
branch  4 taken 100% (fallthrough)
branch  5 taken 0% (throw)
        4: 1916:    ASSERT_TRUE(y==z);
call    0 returned 100%
call    1 returned 100%
branch  2 taken 100% (fallthrough)
branch  3 taken 0% (throw)
call    4 returned 100%
branch  5 taken 0% (fallthrough)
branch  6 taken 100%
call    7 never executed
branch  8 never executed
branch  9 never executed
call   10 never executed
branch 11 never executed
branch 12 never executed
call   13 never executed
call   14 never executed
branch 15 never executed
branch 16 never executed
call   17 never executed
branch 18 never executed
branch 19 never executed
call   20 never executed
call   21 never executed
call   22 never executed
call   23 returned 100%
branch 24 taken 100%
branch 25 taken 0%
call   26 returned 100%
branch 27 taken 100%
branch 28 taken 0%
call   29 never executed
call   30 never executed
call   31 never executed
call   32 never executed
call   33 never executed
call   34 returned 100%
call   35 returned 100%
branch 36 taken 100% (fallthrough)
branch 37 taken 0% (throw)
call   38 returned 100%
branch 39 taken 0% (fallthrough)
branch 40 taken 100%
call   41 never executed
branch 42 never executed
branch 43 never executed
call   44 never executed
branch 45 never executed
branch 46 never executed
call   47 never executed
call   48 never executed
branch 49 never executed
branch 50 never executed
call   51 never executed
branch 52 never executed
branch 53 never executed
call   54 never executed
call   55 never executed
call   56 never executed
call   57 returned 100%
branch 58 taken 100%
branch 59 taken 0%
call   60 returned 100%
branch 61 taken 100%
branch 62 taken 0%
call   63 never executed
call   64 never executed
call   65 never executed
call   66 never executed
call   67 never executed
        -: 1917:    
        -: 1918:}
        -: 1919:
        -: 1920:
        -: 1921:// -------------
        -: 1922:// -=
        -: 1923:// -------------
function _ZN37Deque_Fixture_const_it_minuseq_1_TestISt5dequeIiSaIiEEE8TestBodyEv called 2 returned 100% blocks executed 46%
function _ZN37Deque_Fixture_const_it_minuseq_1_TestI8my_dequeIiSaIiEEE8TestBodyEv called 2 returned 100% blocks executed 47%
function _ZN37Deque_Fixture_const_it_minuseq_1_TestISt5dequeIiSaIiEEED0Ev called 2 returned 100% blocks executed 100%
function _ZN37Deque_Fixture_const_it_minuseq_1_TestISt5dequeIiSaIiEEED2Ev called 2 returned 100% blocks executed 75%
function _ZN37Deque_Fixture_const_it_minuseq_1_TestI8my_dequeIiSaIiEEED0Ev called 2 returned 100% blocks executed 100%
function _ZN37Deque_Fixture_const_it_minuseq_1_TestI8my_dequeIiSaIiEEED2Ev called 2 returned 100% blocks executed 75%
function _ZN37Deque_Fixture_const_it_minuseq_1_TestISt5dequeIiSaIiEEEC2Ev called 2 returned 100% blocks executed 100%
function _ZN37Deque_Fixture_const_it_minuseq_1_TestI8my_dequeIiSaIiEEEC2Ev called 2 returned 100% blocks executed 100%
       18: 1924:TYPED_TEST(Deque_Fixture, const_it_minuseq_1) {
call    0 returned 100%
call    1 returned 100%
call    2 returned 100%
branch  3 taken 0% (fallthrough)
branch  4 taken 100%
call    5 never executed
call    6 returned 100%
call    7 returned 100%
call    8 returned 100%
branch  9 taken 0% (fallthrough)
branch 10 taken 100%
call   11 never executed
call   12 returned 100%
call   13 returned 100%
call   14 returned 100%
        -: 1925:    typedef typename TestFixture::deque_type deque_type;
        -: 1926:
        4: 1927:    const deque_type x(100,20);
call    0 returned 100%
call    1 returned 100%
branch  2 taken 100% (fallthrough)
branch  3 taken 0% (throw)
call    4 returned 100%
call    5 never executed
call    6 returned 100%
call    7 returned 100%
branch  8 taken 100% (fallthrough)
branch  9 taken 0% (throw)
call   10 returned 100%
call   11 never executed
        -: 1928:
        -: 1929:
        4: 1930:    typename deque_type::const_iterator y = x.begin()+3;
call    0 returned 100%
call    1 returned 100%
branch  2 taken 100% (fallthrough)
branch  3 taken 0% (throw)
call    4 returned 100%
branch  5 taken 100% (fallthrough)
branch  6 taken 0% (throw)
call    7 returned 100%
branch  8 taken 100% (fallthrough)
branch  9 taken 0% (throw)
        4: 1931:    typename deque_type::const_iterator z = x.begin();
call    0 returned 100%
call    1 returned 100%
branch  2 taken 100% (fallthrough)
branch  3 taken 0% (throw)
        4: 1932:    y-=3;
call    0 returned 100%
branch  1 taken 100% (fallthrough)
branch  2 taken 0% (throw)
call    3 returned 100%
branch  4 taken 100% (fallthrough)
branch  5 taken 0% (throw)
        4: 1933:    ASSERT_TRUE(y==z);
call    0 returned 100%
call    1 returned 100%
branch  2 taken 100% (fallthrough)
branch  3 taken 0% (throw)
call    4 returned 100%
branch  5 taken 0% (fallthrough)
branch  6 taken 100%
call    7 never executed
branch  8 never executed
branch  9 never executed
call   10 never executed
branch 11 never executed
branch 12 never executed
call   13 never executed
call   14 never executed
branch 15 never executed
branch 16 never executed
call   17 never executed
branch 18 never executed
branch 19 never executed
call   20 never executed
call   21 never executed
call   22 never executed
call   23 returned 100%
branch 24 taken 100%
branch 25 taken 0%
call   26 returned 100%
branch 27 taken 100%
branch 28 taken 0%
call   29 never executed
call   30 never executed
call   31 never executed
call   32 never executed
call   33 never executed
call   34 returned 100%
call   35 returned 100%
branch 36 taken 100% (fallthrough)
branch 37 taken 0% (throw)
call   38 returned 100%
branch 39 taken 0% (fallthrough)
branch 40 taken 100%
call   41 never executed
branch 42 never executed
branch 43 never executed
call   44 never executed
branch 45 never executed
branch 46 never executed
call   47 never executed
call   48 never executed
branch 49 never executed
branch 50 never executed
call   51 never executed
branch 52 never executed
branch 53 never executed
call   54 never executed
call   55 never executed
call   56 never executed
call   57 returned 100%
branch 58 taken 100%
branch 59 taken 0%
call   60 returned 100%
branch 61 taken 100%
branch 62 taken 0%
call   63 never executed
call   64 never executed
call   65 never executed
call   66 never executed
call   67 never executed
        -: 1934:    
        -: 1935:}
        -: 1936:
function _ZN37Deque_Fixture_const_it_minuseq_2_TestISt5dequeIiSaIiEEE8TestBodyEv called 2 returned 100% blocks executed 46%
function _ZN37Deque_Fixture_const_it_minuseq_2_TestI8my_dequeIiSaIiEEE8TestBodyEv called 2 returned 100% blocks executed 46%
function _ZN37Deque_Fixture_const_it_minuseq_2_TestISt5dequeIiSaIiEEED0Ev called 2 returned 100% blocks executed 100%
function _ZN37Deque_Fixture_const_it_minuseq_2_TestISt5dequeIiSaIiEEED2Ev called 2 returned 100% blocks executed 75%
function _ZN37Deque_Fixture_const_it_minuseq_2_TestI8my_dequeIiSaIiEEED0Ev called 2 returned 100% blocks executed 100%
function _ZN37Deque_Fixture_const_it_minuseq_2_TestI8my_dequeIiSaIiEEED2Ev called 2 returned 100% blocks executed 75%
function _ZN37Deque_Fixture_const_it_minuseq_2_TestISt5dequeIiSaIiEEEC2Ev called 2 returned 100% blocks executed 100%
function _ZN37Deque_Fixture_const_it_minuseq_2_TestI8my_dequeIiSaIiEEEC2Ev called 2 returned 100% blocks executed 100%
       18: 1937:TYPED_TEST(Deque_Fixture, const_it_minuseq_2) {
call    0 returned 100%
call    1 returned 100%
call    2 returned 100%
branch  3 taken 0% (fallthrough)
branch  4 taken 100%
call    5 never executed
call    6 returned 100%
call    7 returned 100%
call    8 returned 100%
branch  9 taken 0% (fallthrough)
branch 10 taken 100%
call   11 never executed
call   12 returned 100%
call   13 returned 100%
call   14 returned 100%
        -: 1938:    typedef typename TestFixture::deque_type deque_type;
        -: 1939:
        4: 1940:    const deque_type x(10,3002);
call    0 returned 100%
call    1 returned 100%
branch  2 taken 100% (fallthrough)
branch  3 taken 0% (throw)
call    4 returned 100%
call    5 never executed
call    6 returned 100%
call    7 returned 100%
branch  8 taken 100% (fallthrough)
branch  9 taken 0% (throw)
call   10 returned 100%
call   11 never executed
        -: 1941:
        -: 1942:
        4: 1943:    typename deque_type::const_iterator y = x.begin();
call    0 returned 100%
call    1 returned 100%
branch  2 taken 100% (fallthrough)
branch  3 taken 0% (throw)
        4: 1944:    typename deque_type::const_iterator z = x.begin();
call    0 returned 100%
call    1 returned 100%
branch  2 taken 100% (fallthrough)
branch  3 taken 0% (throw)
        4: 1945:    z-=0;
call    0 returned 100%
branch  1 taken 100% (fallthrough)
branch  2 taken 0% (throw)
call    3 returned 100%
branch  4 taken 100% (fallthrough)
branch  5 taken 0% (throw)
        4: 1946:    ASSERT_TRUE(y==z);
call    0 returned 100%
call    1 returned 100%
branch  2 taken 100% (fallthrough)
branch  3 taken 0% (throw)
call    4 returned 100%
branch  5 taken 0% (fallthrough)
branch  6 taken 100%
call    7 never executed
branch  8 never executed
branch  9 never executed
call   10 never executed
branch 11 never executed
branch 12 never executed
call   13 never executed
call   14 never executed
branch 15 never executed
branch 16 never executed
call   17 never executed
branch 18 never executed
branch 19 never executed
call   20 never executed
call   21 never executed
call   22 never executed
call   23 returned 100%
branch 24 taken 100%
branch 25 taken 0%
call   26 returned 100%
branch 27 taken 100%
branch 28 taken 0%
call   29 never executed
call   30 never executed
call   31 never executed
call   32 never executed
call   33 never executed
call   34 returned 100%
call   35 returned 100%
branch 36 taken 100% (fallthrough)
branch 37 taken 0% (throw)
call   38 returned 100%
branch 39 taken 0% (fallthrough)
branch 40 taken 100%
call   41 never executed
branch 42 never executed
branch 43 never executed
call   44 never executed
branch 45 never executed
branch 46 never executed
call   47 never executed
call   48 never executed
branch 49 never executed
branch 50 never executed
call   51 never executed
branch 52 never executed
branch 53 never executed
call   54 never executed
call   55 never executed
call   56 never executed
call   57 returned 100%
branch 58 taken 100%
branch 59 taken 0%
call   60 returned 100%
branch 61 taken 100%
branch 62 taken 0%
call   63 never executed
call   64 never executed
call   65 never executed
call   66 never executed
call   67 never executed
        -: 1947:    
        -: 1948:}
        -: 1949:
function _ZN37Deque_Fixture_const_it_minuseq_3_TestISt5dequeIiSaIiEEE8TestBodyEv called 2 returned 100% blocks executed 46%
function _ZN37Deque_Fixture_const_it_minuseq_3_TestI8my_dequeIiSaIiEEE8TestBodyEv called 2 returned 100% blocks executed 47%
function _ZN37Deque_Fixture_const_it_minuseq_3_TestISt5dequeIiSaIiEEED0Ev called 2 returned 100% blocks executed 100%
function _ZN37Deque_Fixture_const_it_minuseq_3_TestISt5dequeIiSaIiEEED2Ev called 2 returned 100% blocks executed 75%
function _ZN37Deque_Fixture_const_it_minuseq_3_TestI8my_dequeIiSaIiEEED0Ev called 2 returned 100% blocks executed 100%
function _ZN37Deque_Fixture_const_it_minuseq_3_TestI8my_dequeIiSaIiEEED2Ev called 2 returned 100% blocks executed 75%
function _ZN37Deque_Fixture_const_it_minuseq_3_TestISt5dequeIiSaIiEEEC2Ev called 2 returned 100% blocks executed 100%
function _ZN37Deque_Fixture_const_it_minuseq_3_TestI8my_dequeIiSaIiEEEC2Ev called 2 returned 100% blocks executed 100%
       18: 1950:TYPED_TEST(Deque_Fixture, const_it_minuseq_3) {
call    0 returned 100%
call    1 returned 100%
call    2 returned 100%
branch  3 taken 0% (fallthrough)
branch  4 taken 100%
call    5 never executed
call    6 returned 100%
call    7 returned 100%
call    8 returned 100%
branch  9 taken 0% (fallthrough)
branch 10 taken 100%
call   11 never executed
call   12 returned 100%
call   13 returned 100%
call   14 returned 100%
        -: 1951:    typedef typename TestFixture::deque_type deque_type;
        -: 1952:
        4: 1953:    const deque_type x(10,-3);
call    0 returned 100%
call    1 returned 100%
branch  2 taken 100% (fallthrough)
branch  3 taken 0% (throw)
call    4 returned 100%
call    5 never executed
call    6 returned 100%
call    7 returned 100%
branch  8 taken 100% (fallthrough)
branch  9 taken 0% (throw)
call   10 returned 100%
call   11 never executed
        -: 1954:
        -: 1955:
        4: 1956:    typename deque_type::const_iterator y = x.begin()+2;
call    0 returned 100%
call    1 returned 100%
branch  2 taken 100% (fallthrough)
branch  3 taken 0% (throw)
call    4 returned 100%
branch  5 taken 100% (fallthrough)
branch  6 taken 0% (throw)
call    7 returned 100%
branch  8 taken 100% (fallthrough)
branch  9 taken 0% (throw)
        4: 1957:    typename deque_type::const_iterator z = x.begin();
call    0 returned 100%
call    1 returned 100%
branch  2 taken 100% (fallthrough)
branch  3 taken 0% (throw)
        4: 1958:    z -= -2;
call    0 returned 100%
branch  1 taken 100% (fallthrough)
branch  2 taken 0% (throw)
call    3 returned 100%
branch  4 taken 100% (fallthrough)
branch  5 taken 0% (throw)
        4: 1959:    ASSERT_TRUE(y==z);
call    0 returned 100%
call    1 returned 100%
branch  2 taken 100% (fallthrough)
branch  3 taken 0% (throw)
call    4 returned 100%
branch  5 taken 0% (fallthrough)
branch  6 taken 100%
call    7 never executed
branch  8 never executed
branch  9 never executed
call   10 never executed
branch 11 never executed
branch 12 never executed
call   13 never executed
call   14 never executed
branch 15 never executed
branch 16 never executed
call   17 never executed
branch 18 never executed
branch 19 never executed
call   20 never executed
call   21 never executed
call   22 never executed
call   23 returned 100%
branch 24 taken 100%
branch 25 taken 0%
call   26 returned 100%
branch 27 taken 100%
branch 28 taken 0%
call   29 never executed
call   30 never executed
call   31 never executed
call   32 never executed
call   33 never executed
call   34 returned 100%
call   35 returned 100%
branch 36 taken 100% (fallthrough)
branch 37 taken 0% (throw)
call   38 returned 100%
branch 39 taken 0% (fallthrough)
branch 40 taken 100%
call   41 never executed
branch 42 never executed
branch 43 never executed
call   44 never executed
branch 45 never executed
branch 46 never executed
call   47 never executed
call   48 never executed
branch 49 never executed
branch 50 never executed
call   51 never executed
branch 52 never executed
branch 53 never executed
call   54 never executed
call   55 never executed
call   56 never executed
call   57 returned 100%
branch 58 taken 100%
branch 59 taken 0%
call   60 returned 100%
branch 61 taken 100%
branch 62 taken 0%
call   63 never executed
call   64 never executed
call   65 never executed
call   66 never executed
call   67 never executed
        -: 1960:    
function _GLOBAL__sub_I_gtest_Deque_Fixture_equal_1_registered_ called 2 returned 100% blocks executed 100%
function _Z41__static_initialization_and_destruction_0ii called 2 returned 100% blocks executed 100%
        6: 1961:}
call    0 returned 100%
branch  1 taken 100% (fallthrough)
branch  2 taken 0%
branch  3 taken 100% (fallthrough)
branch  4 taken 0%
        -: 1962:
        -: 1963:
        -: 1964:
        -: 1965:
        -: 1966:
